2025-11-19 13:06:00,931 - log_util.py[DEBUG]: Cloud-init v. 25.1.4-0ubuntu0~24.04.1 running 'init-local' at Wed, 19 Nov 2025 13:06:00 +0000. Up 4.80 seconds.
2025-11-19 13:06:00,931 - main.py[INFO]: PID [1] started cloud-init 'init-local'.
2025-11-19 13:06:00,931 - main.py[DEBUG]: No kernel command line url found.
2025-11-19 13:06:00,931 - main.py[DEBUG]: Closing stdin
2025-11-19 13:06:00,932 - util.py[DEBUG]: Writing to /var/log/cloud-init.log - ab: [640] 0 bytes
2025-11-19 13:06:00,932 - util.py[DEBUG]: Changing the ownership of /var/log/cloud-init.log to 102:4
2025-11-19 13:06:00,932 - util.py[DEBUG]: Writing to /var/lib/cloud/data/python-version - wb: [644] 4 bytes
2025-11-19 13:06:00,933 - util.py[DEBUG]: Attempting to remove /var/lib/cloud/instance/boot-finished
2025-11-19 13:06:00,933 - handlers.py[DEBUG]: start: init-local/check-cache: attempting to read from cache [check]
2025-11-19 13:06:00,933 - util.py[DEBUG]: Reading from /var/lib/cloud/instance/obj.pkl (quiet=False)
2025-11-19 13:06:00,933 - stages.py[DEBUG]: no cache found
2025-11-19 13:06:00,933 - handlers.py[DEBUG]: finish: init-local/check-cache: SUCCESS: no cache found
2025-11-19 13:06:00,965 - stages.py[DEBUG]: Using distro class <class 'cloudinit.distros.ubuntu.Distro'>
2025-11-19 13:06:00,965 - sources[DEBUG]: Looking for data source in: ['None'], via packages ['', 'cloudinit.sources'] that matches dependencies ['FILESYSTEM']
2025-11-19 13:06:00,970 - sources[DEBUG]: Searching for local data source in: []
2025-11-19 13:06:00,970 - util.py[DEBUG]: Reading from /var/lib/cloud/instance/obj.pkl (quiet=False)
2025-11-19 13:06:00,970 - util.py[DEBUG]: Attempting to remove /var/lib/cloud/instance
2025-11-19 13:06:00,971 - main.py[DEBUG]: No local datasource found
2025-11-19 13:06:00,971 - util.py[DEBUG]: Reading from /sys/class/net/lo/address (quiet=False)
2025-11-19 13:06:00,971 - util.py[DEBUG]: Reading 18 bytes from /sys/class/net/lo/address
2025-11-19 13:06:00,971 - util.py[DEBUG]: Reading from /sys/class/net/enp0s3/address (quiet=False)
2025-11-19 13:06:00,971 - util.py[DEBUG]: Reading 18 bytes from /sys/class/net/enp0s3/address
2025-11-19 13:06:00,971 - util.py[DEBUG]: Reading from /sys/class/net/lo/address (quiet=False)
2025-11-19 13:06:00,971 - util.py[DEBUG]: Reading 18 bytes from /sys/class/net/lo/address
2025-11-19 13:06:00,971 - util.py[DEBUG]: Reading from /sys/class/net/enp0s3/address (quiet=False)
2025-11-19 13:06:00,971 - util.py[DEBUG]: Reading 18 bytes from /sys/class/net/enp0s3/address
2025-11-19 13:06:00,971 - util.py[DEBUG]: Reading from /usr/lib/python3/dist-packages/cloudinit/config/schemas/schema-network-config-v2.json (quiet=False)
2025-11-19 13:06:00,987 - util.py[DEBUG]: Reading 17906 bytes from /usr/lib/python3/dist-packages/cloudinit/config/schemas/schema-network-config-v2.json
2025-11-19 13:06:00,987 - schema.py[DEBUG]: Validating network-config with netplan API
2025-11-19 13:06:00,988 - util.py[DEBUG]: Writing to /run/cloud-init/tmp/tmplea5g_qz/etc/netplan/network-config.yaml - wb: [600] 87 bytes
2025-11-19 13:06:00,988 - performance.py[DEBUG]: Validating schema took 0.017 seconds
2025-11-19 13:06:00,988 - util.py[DEBUG]: Reading from /sys/class/net/lo/addr_assign_type (quiet=False)
2025-11-19 13:06:00,988 - util.py[DEBUG]: Reading 2 bytes from /sys/class/net/lo/addr_assign_type
2025-11-19 13:06:00,988 - util.py[DEBUG]: Reading from /sys/class/net/lo/uevent (quiet=False)
2025-11-19 13:06:00,988 - util.py[DEBUG]: Reading 23 bytes from /sys/class/net/lo/uevent
2025-11-19 13:06:00,999 - util.py[DEBUG]: Reading from /sys/class/net/lo/address (quiet=False)
2025-11-19 13:06:00,999 - util.py[DEBUG]: Reading 18 bytes from /sys/class/net/lo/address
2025-11-19 13:06:00,999 - net[DEBUG]: ovs-vsctl not in PATH; not detecting Open vSwitch interfaces
2025-11-19 13:06:00,999 - util.py[DEBUG]: Reading from /sys/class/net/lo/device/device (quiet=False)
2025-11-19 13:06:00,999 - util.py[DEBUG]: Reading from /sys/class/net/enp0s3/addr_assign_type (quiet=False)
2025-11-19 13:06:00,999 - util.py[DEBUG]: Reading 2 bytes from /sys/class/net/enp0s3/addr_assign_type
2025-11-19 13:06:00,999 - util.py[DEBUG]: Reading from /sys/class/net/enp0s3/uevent (quiet=False)
2025-11-19 13:06:00,999 - util.py[DEBUG]: Reading 27 bytes from /sys/class/net/enp0s3/uevent
2025-11-19 13:06:00,999 - util.py[DEBUG]: Reading from /sys/class/net/enp0s3/address (quiet=False)
2025-11-19 13:06:00,999 - util.py[DEBUG]: Reading 18 bytes from /sys/class/net/enp0s3/address
2025-11-19 13:06:00,999 - util.py[DEBUG]: Reading from /sys/class/net/enp0s3/device/device (quiet=False)
2025-11-19 13:06:00,999 - util.py[DEBUG]: Reading 7 bytes from /sys/class/net/enp0s3/device/device
2025-11-19 13:06:00,999 - util.py[DEBUG]: Reading from /sys/class/net/lo/type (quiet=False)
2025-11-19 13:06:00,999 - util.py[DEBUG]: Reading 4 bytes from /sys/class/net/lo/type
2025-11-19 13:06:00,999 - util.py[DEBUG]: Reading from /sys/class/net/enp0s3/type (quiet=False)
2025-11-19 13:06:00,999 - util.py[DEBUG]: Reading 2 bytes from /sys/class/net/enp0s3/type
2025-11-19 13:06:00,999 - networking.py[DEBUG]: net: all expected physical devices present
2025-11-19 13:06:00,999 - stages.py[DEBUG]: applying net config names for {'ethernets': {'enp0s3': {'dhcp4': True}}, 'version': 2}
2025-11-19 13:06:01,001 - net[DEBUG]: no interfaces to rename
2025-11-19 13:06:01,002 - stages.py[INFO]: Applying network configuration from system_cfg bringup=False: {'ethernets': {'enp0s3': {'dhcp4': True}}, 'version': 2}
2025-11-19 13:06:01,002 - util.py[DEBUG]: Writing to /run/cloud-init/sem/apply_network_config.once - wb: [644] 24 bytes
2025-11-19 13:06:01,009 - distros[DEBUG]: Selected renderer 'netplan' from priority list: ['netplan', 'eni', 'sysconfig']
2025-11-19 13:06:01,009 - network_state.py[DEBUG]: Passthrough netplan v2 config
2025-11-19 13:06:01,010 - netplan.py[DEBUG]: V2 to V2 passthrough
2025-11-19 13:06:01,015 - netplan.py[DEBUG]: Rendered netplan config using netplan python API
2025-11-19 13:06:01,018 - subp.py[DEBUG]: Running command ['netplan', 'generate'] with allowed return codes [0] (shell=False, capture=True)
2025-11-19 13:06:02,151 - performance.py[DEBUG]: Running ['netplan', 'generate'] took 1.133 seconds
2025-11-19 13:06:02,151 - subp.py[DEBUG]: Running command ['udevadm', 'test-builtin', 'net_setup_link', '/sys/class/net/lo'] with allowed return codes [0] (shell=False, capture=True)
2025-11-19 13:06:02,156 - subp.py[DEBUG]: Running command ['udevadm', 'test-builtin', 'net_setup_link', '/sys/class/net/enp0s3'] with allowed return codes [0] (shell=False, capture=True)
2025-11-19 13:06:02,160 - distros[DEBUG]: Not bringing up newly configured network interfaces
2025-11-19 13:06:02,160 - main.py[DEBUG]: [local] Exiting without datasource
2025-11-19 13:06:02,160 - util.py[DEBUG]: Reading from /proc/uptime (quiet=False)
2025-11-19 13:06:02,160 - util.py[DEBUG]: Reading 10 bytes from /proc/uptime
2025-11-19 13:06:02,160 - atomic_helper.py[DEBUG]: Atomically writing to file /var/lib/cloud/data/status.json (via temporary file /var/lib/cloud/data/tmppte0abf7) - w: [644] 481 bytes/chars
2025-11-19 13:06:02,162 - performance.py[DEBUG]: cloud-init stage: 'init-local' took 1.381 seconds
2025-11-19 13:06:02,163 - handlers.py[DEBUG]: finish: init-local: SUCCESS: searching for local datasources
2025-11-19 13:06:07,996 - log_util.py[DEBUG]: Cloud-init v. 25.1.4-0ubuntu0~24.04.1 running 'init' at Wed, 19 Nov 2025 13:06:07 +0000. Up 11.92 seconds.
2025-11-19 13:06:07,996 - main.py[INFO]: PID [1] started cloud-init 'init'.
2025-11-19 13:06:07,996 - main.py[DEBUG]: No kernel command line url found.
2025-11-19 13:06:07,996 - main.py[DEBUG]: Closing stdin
2025-11-19 13:06:07,997 - util.py[DEBUG]: Writing to /var/log/cloud-init.log - ab: [640] 0 bytes
2025-11-19 13:06:07,999 - util.py[DEBUG]: Changing the ownership of /var/log/cloud-init.log to 102:4
2025-11-19 13:06:07,999 - util.py[DEBUG]: Reading from /var/lib/cloud/data/python-version (quiet=False)
2025-11-19 13:06:07,999 - util.py[DEBUG]: Reading 4 bytes from /var/lib/cloud/data/python-version
2025-11-19 13:06:07,999 - subp.py[DEBUG]: Running command ['ip', '--json', 'addr'] with allowed return codes [0] (shell=False, capture=True)
2025-11-19 13:06:08,017 - performance.py[DEBUG]: Running ['ip', '--json', 'addr'] took 0.018 seconds
2025-11-19 13:06:08,017 - subp.py[DEBUG]: Running command ['ip', '-o', 'route', 'list'] with allowed return codes [0] (shell=False, capture=True)
2025-11-19 13:06:08,020 - subp.py[DEBUG]: Running command ['ip', '--oneline', '-6', 'route', 'list', 'table', 'all'] with allowed return codes [0, 1] (shell=False, capture=True)
2025-11-19 13:06:08,027 - handlers.py[DEBUG]: start: init-network/check-cache: attempting to read from cache [trust]
2025-11-19 13:06:08,027 - util.py[DEBUG]: Reading from /var/lib/cloud/instance/obj.pkl (quiet=False)
2025-11-19 13:06:08,027 - stages.py[DEBUG]: no cache found
2025-11-19 13:06:08,027 - handlers.py[DEBUG]: finish: init-network/check-cache: SUCCESS: no cache found
2025-11-19 13:06:08,028 - stages.py[DEBUG]: Using distro class <class 'cloudinit.distros.ubuntu.Distro'>
2025-11-19 13:06:08,028 - sources[DEBUG]: Looking for data source in: ['None'], via packages ['', 'cloudinit.sources'] that matches dependencies ['FILESYSTEM', 'NETWORK']
2025-11-19 13:06:08,029 - sources[DEBUG]: Searching for network data source in: ['DataSourceNone']
2025-11-19 13:06:08,029 - handlers.py[DEBUG]: start: init-network/search-None: searching for network data from DataSourceNone
2025-11-19 13:06:08,029 - sources[DEBUG]: Seeing if we can get any data from <class 'cloudinit.sources.DataSourceNone.DataSourceNone'>
2025-11-19 13:06:08,029 - sources[DEBUG]: Update datasource metadata and network config due to events: boot-new-instance
2025-11-19 13:06:08,029 - sources[DEBUG]: Datasource list set to use a single datasource DataSourceNone.
2025-11-19 13:06:08,029 - util.py[DEBUG]: Reading from /etc/hosts (quiet=False)
2025-11-19 13:06:08,029 - util.py[DEBUG]: Reading 230 bytes from /etc/hosts
2025-11-19 13:06:08,031 - util.py[DEBUG]: Writing to /run/cloud-init/cloud-id-none - wb: [644] 5 bytes
2025-11-19 13:06:08,031 - util.py[DEBUG]: Creating symbolic link from '/run/cloud-init/cloud-id' => '/run/cloud-init/cloud-id-none'
2025-11-19 13:06:08,031 - atomic_helper.py[DEBUG]: Atomically writing to file /run/cloud-init/instance-data-sensitive.json (via temporary file /run/cloud-init/tmpbzf9nb0x) - w: [600] 9888 bytes/chars
2025-11-19 13:06:08,032 - atomic_helper.py[DEBUG]: Atomically writing to file /run/cloud-init/instance-data.json (via temporary file /run/cloud-init/tmpcms4953y) - w: [644] 1523 bytes/chars
2025-11-19 13:06:08,032 - performance.py[DEBUG]: Getting metadata took 0.003 seconds
2025-11-19 13:06:08,032 - handlers.py[DEBUG]: finish: init-network/search-None: SUCCESS: found network data from DataSourceNone
2025-11-19 13:06:08,032 - util.py[DEBUG]: Attempting to remove /var/lib/cloud/instance
2025-11-19 13:06:08,033 - stages.py[INFO]: Loaded datasource DataSourceNone - DataSourceNone
2025-11-19 13:06:08,033 - util.py[DEBUG]: Reading from /etc/cloud/cloud.cfg (quiet=False)
2025-11-19 13:06:08,033 - util.py[DEBUG]: Reading 3718 bytes from /etc/cloud/cloud.cfg
2025-11-19 13:06:08,033 - util.py[DEBUG]: Attempting to load yaml from string of length 3718 with allowed root types (<class 'dict'>,)
2025-11-19 13:06:08,038 - util.py[DEBUG]: Reading from /etc/cloud/cloud.cfg.d/curtin-preserve-sources.cfg (quiet=False)
2025-11-19 13:06:08,039 - util.py[DEBUG]: Reading 35 bytes from /etc/cloud/cloud.cfg.d/curtin-preserve-sources.cfg
2025-11-19 13:06:08,039 - util.py[DEBUG]: Attempting to load yaml from string of length 35 with allowed root types (<class 'dict'>,)
2025-11-19 13:06:08,039 - util.py[DEBUG]: Reading from /etc/cloud/cloud.cfg.d/99-installer.cfg (quiet=False)
2025-11-19 13:06:08,039 - util.py[DEBUG]: Reading 803 bytes from /etc/cloud/cloud.cfg.d/99-installer.cfg
2025-11-19 13:06:08,039 - util.py[DEBUG]: Attempting to load yaml from string of length 803 with allowed root types (<class 'dict'>,)
2025-11-19 13:06:08,039 - util.py[DEBUG]: Reading from /etc/cloud/cloud.cfg.d/90_dpkg.cfg (quiet=False)
2025-11-19 13:06:08,039 - util.py[DEBUG]: Reading 343 bytes from /etc/cloud/cloud.cfg.d/90_dpkg.cfg
2025-11-19 13:06:08,039 - util.py[DEBUG]: Attempting to load yaml from string of length 343 with allowed root types (<class 'dict'>,)
2025-11-19 13:06:08,041 - util.py[DEBUG]: Reading from /etc/cloud/cloud.cfg.d/90-installer-network.cfg (quiet=False)
2025-11-19 13:06:08,041 - util.py[DEBUG]: Reading 117 bytes from /etc/cloud/cloud.cfg.d/90-installer-network.cfg
2025-11-19 13:06:08,041 - util.py[DEBUG]: Attempting to load yaml from string of length 117 with allowed root types (<class 'dict'>,)
2025-11-19 13:06:08,041 - util.py[DEBUG]: Reading from /etc/cloud/cloud.cfg.d/20-disable-cc-dpkg-grub.cfg (quiet=False)
2025-11-19 13:06:08,041 - util.py[DEBUG]: Reading 28 bytes from /etc/cloud/cloud.cfg.d/20-disable-cc-dpkg-grub.cfg
2025-11-19 13:06:08,041 - util.py[DEBUG]: Attempting to load yaml from string of length 28 with allowed root types (<class 'dict'>,)
2025-11-19 13:06:08,041 - util.py[DEBUG]: Reading from /etc/cloud/cloud.cfg.d/05_logging.cfg (quiet=False)
2025-11-19 13:06:08,041 - util.py[DEBUG]: Reading 2071 bytes from /etc/cloud/cloud.cfg.d/05_logging.cfg
2025-11-19 13:06:08,041 - util.py[DEBUG]: Attempting to load yaml from string of length 2071 with allowed root types (<class 'dict'>,)
2025-11-19 13:06:08,043 - util.py[DEBUG]: Reading from /run/cloud-init/cloud.cfg (quiet=False)
2025-11-19 13:06:08,043 - util.py[DEBUG]: Attempting to load yaml from string of length 0 with allowed root types (<class 'dict'>,)
2025-11-19 13:06:08,043 - util.py[DEBUG]: loaded blob returned None, returning default.
2025-11-19 13:06:08,044 - util.py[DEBUG]: Attempting to remove /var/lib/cloud/instance
2025-11-19 13:06:08,044 - util.py[DEBUG]: Creating symbolic link from '/var/lib/cloud/instance' => '/var/lib/cloud/instances/iid-datasource-none'
2025-11-19 13:06:08,045 - util.py[DEBUG]: Reading from /var/lib/cloud/instances/iid-datasource-none/datasource (quiet=False)
2025-11-19 13:06:08,045 - util.py[DEBUG]: Writing to /var/lib/cloud/instances/iid-datasource-none/datasource - wb: [644] 31 bytes
2025-11-19 13:06:08,045 - util.py[DEBUG]: Writing to /var/lib/cloud/data/previous-datasource - wb: [644] 31 bytes
2025-11-19 13:06:08,045 - util.py[DEBUG]: Reading from /var/lib/cloud/data/instance-id (quiet=False)
2025-11-19 13:06:08,045 - stages.py[DEBUG]: previous iid found to be NO_PREVIOUS_INSTANCE_ID
2025-11-19 13:06:08,045 - util.py[DEBUG]: Writing to /var/lib/cloud/data/instance-id - wb: [644] 20 bytes
2025-11-19 13:06:08,046 - util.py[DEBUG]: Writing to /run/cloud-init/.instance-id - wb: [644] 20 bytes
2025-11-19 13:06:08,046 - util.py[DEBUG]: Writing to /var/lib/cloud/data/previous-instance-id - wb: [644] 24 bytes
2025-11-19 13:06:08,046 - util.py[DEBUG]: Writing to /var/lib/cloud/instance/obj.pkl - wb: [400] 7224 bytes
2025-11-19 13:06:08,046 - main.py[DEBUG]: [net] init will now be targeting instance id: iid-datasource-none. new=True
2025-11-19 13:06:08,046 - util.py[DEBUG]: Reading from /etc/cloud/cloud.cfg (quiet=False)
2025-11-19 13:06:08,046 - util.py[DEBUG]: Reading 3718 bytes from /etc/cloud/cloud.cfg
2025-11-19 13:06:08,046 - util.py[DEBUG]: Attempting to load yaml from string of length 3718 with allowed root types (<class 'dict'>,)
2025-11-19 13:06:08,050 - util.py[DEBUG]: Reading from /etc/cloud/cloud.cfg.d/curtin-preserve-sources.cfg (quiet=False)
2025-11-19 13:06:08,050 - util.py[DEBUG]: Reading 35 bytes from /etc/cloud/cloud.cfg.d/curtin-preserve-sources.cfg
2025-11-19 13:06:08,050 - util.py[DEBUG]: Attempting to load yaml from string of length 35 with allowed root types (<class 'dict'>,)
2025-11-19 13:06:08,050 - util.py[DEBUG]: Reading from /etc/cloud/cloud.cfg.d/99-installer.cfg (quiet=False)
2025-11-19 13:06:08,050 - util.py[DEBUG]: Reading 803 bytes from /etc/cloud/cloud.cfg.d/99-installer.cfg
2025-11-19 13:06:08,050 - util.py[DEBUG]: Attempting to load yaml from string of length 803 with allowed root types (<class 'dict'>,)
2025-11-19 13:06:08,050 - util.py[DEBUG]: Reading from /etc/cloud/cloud.cfg.d/90_dpkg.cfg (quiet=False)
2025-11-19 13:06:08,050 - util.py[DEBUG]: Reading 343 bytes from /etc/cloud/cloud.cfg.d/90_dpkg.cfg
2025-11-19 13:06:08,050 - util.py[DEBUG]: Attempting to load yaml from string of length 343 with allowed root types (<class 'dict'>,)
2025-11-19 13:06:08,051 - util.py[DEBUG]: Reading from /etc/cloud/cloud.cfg.d/90-installer-network.cfg (quiet=False)
2025-11-19 13:06:08,051 - util.py[DEBUG]: Reading 117 bytes from /etc/cloud/cloud.cfg.d/90-installer-network.cfg
2025-11-19 13:06:08,051 - util.py[DEBUG]: Attempting to load yaml from string of length 117 with allowed root types (<class 'dict'>,)
2025-11-19 13:06:08,051 - util.py[DEBUG]: Reading from /etc/cloud/cloud.cfg.d/20-disable-cc-dpkg-grub.cfg (quiet=False)
2025-11-19 13:06:08,051 - util.py[DEBUG]: Reading 28 bytes from /etc/cloud/cloud.cfg.d/20-disable-cc-dpkg-grub.cfg
2025-11-19 13:06:08,052 - util.py[DEBUG]: Attempting to load yaml from string of length 28 with allowed root types (<class 'dict'>,)
2025-11-19 13:06:08,052 - util.py[DEBUG]: Reading from /etc/cloud/cloud.cfg.d/05_logging.cfg (quiet=False)
2025-11-19 13:06:08,052 - util.py[DEBUG]: Reading 2071 bytes from /etc/cloud/cloud.cfg.d/05_logging.cfg
2025-11-19 13:06:08,052 - util.py[DEBUG]: Attempting to load yaml from string of length 2071 with allowed root types (<class 'dict'>,)
2025-11-19 13:06:08,053 - util.py[DEBUG]: Reading from /run/cloud-init/cloud.cfg (quiet=False)
2025-11-19 13:06:08,053 - util.py[DEBUG]: Attempting to load yaml from string of length 0 with allowed root types (<class 'dict'>,)
2025-11-19 13:06:08,053 - util.py[DEBUG]: loaded blob returned None, returning default.
2025-11-19 13:06:08,054 - util.py[DEBUG]: Reading from /sys/class/net/lo/address (quiet=False)
2025-11-19 13:06:08,054 - util.py[DEBUG]: Reading 18 bytes from /sys/class/net/lo/address
2025-11-19 13:06:08,054 - util.py[DEBUG]: Reading from /sys/class/net/enp0s3/address (quiet=False)
2025-11-19 13:06:08,054 - util.py[DEBUG]: Reading 18 bytes from /sys/class/net/enp0s3/address
2025-11-19 13:06:08,054 - util.py[DEBUG]: Reading from /sys/class/net/lo/address (quiet=False)
2025-11-19 13:06:08,054 - util.py[DEBUG]: Reading 18 bytes from /sys/class/net/lo/address
2025-11-19 13:06:08,054 - util.py[DEBUG]: Reading from /sys/class/net/enp0s3/address (quiet=False)
2025-11-19 13:06:08,054 - util.py[DEBUG]: Reading 18 bytes from /sys/class/net/enp0s3/address
2025-11-19 13:06:08,054 - atomic_helper.py[DEBUG]: Atomically writing to file /var/lib/cloud/instance/network-config.json (via temporary file /var/lib/cloud/instance/tmph1a_y19k) - w: [600] 73 bytes/chars
2025-11-19 13:06:08,054 - util.py[DEBUG]: Creating symbolic link from '/run/cloud-init/network-config.json' => '/var/lib/cloud/instance/network-config.json'
2025-11-19 13:06:08,055 - util.py[DEBUG]: Reading from /usr/lib/python3/dist-packages/cloudinit/config/schemas/schema-network-config-v2.json (quiet=False)
2025-11-19 13:06:08,055 - util.py[DEBUG]: Reading 17906 bytes from /usr/lib/python3/dist-packages/cloudinit/config/schemas/schema-network-config-v2.json
2025-11-19 13:06:08,055 - schema.py[DEBUG]: Validating network-config with netplan API
2025-11-19 13:06:08,055 - util.py[DEBUG]: Writing to /run/cloud-init/tmp/tmp3qu94_9w/etc/netplan/network-config.yaml - wb: [600] 87 bytes
2025-11-19 13:06:08,056 - stages.py[DEBUG]: Using distro class <class 'cloudinit.distros.ubuntu.Distro'>
2025-11-19 13:06:08,056 - util.py[DEBUG]: Reading from /sys/class/net/lo/addr_assign_type (quiet=False)
2025-11-19 13:06:08,056 - util.py[DEBUG]: Reading 2 bytes from /sys/class/net/lo/addr_assign_type
2025-11-19 13:06:08,056 - util.py[DEBUG]: Reading from /sys/class/net/lo/uevent (quiet=False)
2025-11-19 13:06:08,056 - util.py[DEBUG]: Reading 23 bytes from /sys/class/net/lo/uevent
2025-11-19 13:06:08,056 - util.py[DEBUG]: Reading from /sys/class/net/lo/address (quiet=False)
2025-11-19 13:06:08,056 - util.py[DEBUG]: Reading 18 bytes from /sys/class/net/lo/address
2025-11-19 13:06:08,056 - net[DEBUG]: ovs-vsctl not in PATH; not detecting Open vSwitch interfaces
2025-11-19 13:06:08,056 - util.py[DEBUG]: Reading from /sys/class/net/lo/device/device (quiet=False)
2025-11-19 13:06:08,056 - util.py[DEBUG]: Reading from /sys/class/net/enp0s3/addr_assign_type (quiet=False)
2025-11-19 13:06:08,056 - util.py[DEBUG]: Reading 2 bytes from /sys/class/net/enp0s3/addr_assign_type
2025-11-19 13:06:08,056 - util.py[DEBUG]: Reading from /sys/class/net/enp0s3/uevent (quiet=False)
2025-11-19 13:06:08,056 - util.py[DEBUG]: Reading 27 bytes from /sys/class/net/enp0s3/uevent
2025-11-19 13:06:08,056 - util.py[DEBUG]: Reading from /sys/class/net/enp0s3/address (quiet=False)
2025-11-19 13:06:08,056 - util.py[DEBUG]: Reading 18 bytes from /sys/class/net/enp0s3/address
2025-11-19 13:06:08,056 - util.py[DEBUG]: Reading from /sys/class/net/enp0s3/device/device (quiet=False)
2025-11-19 13:06:08,056 - util.py[DEBUG]: Reading 7 bytes from /sys/class/net/enp0s3/device/device
2025-11-19 13:06:08,056 - util.py[DEBUG]: Reading from /sys/class/net/lo/type (quiet=False)
2025-11-19 13:06:08,056 - util.py[DEBUG]: Reading 4 bytes from /sys/class/net/lo/type
2025-11-19 13:06:08,056 - util.py[DEBUG]: Reading from /sys/class/net/enp0s3/type (quiet=False)
2025-11-19 13:06:08,056 - util.py[DEBUG]: Reading 2 bytes from /sys/class/net/enp0s3/type
2025-11-19 13:06:08,056 - networking.py[DEBUG]: net: all expected physical devices present
2025-11-19 13:06:08,056 - stages.py[DEBUG]: applying net config names for {'ethernets': {'enp0s3': {'dhcp4': True}}, 'version': 2}
2025-11-19 13:06:08,056 - net[DEBUG]: no interfaces to rename
2025-11-19 13:06:08,056 - stages.py[INFO]: Applying network configuration from system_cfg bringup=True: {'ethernets': {'enp0s3': {'dhcp4': True}}, 'version': 2}
2025-11-19 13:06:08,057 - distros[DEBUG]: Selected renderer 'netplan' from priority list: ['netplan', 'eni', 'sysconfig']
2025-11-19 13:06:08,057 - network_state.py[DEBUG]: Passthrough netplan v2 config
2025-11-19 13:06:08,057 - netplan.py[DEBUG]: V2 to V2 passthrough
2025-11-19 13:06:08,057 - util.py[DEBUG]: Reading from /etc/netplan/50-cloud-init.yaml (quiet=False)
2025-11-19 13:06:08,057 - util.py[DEBUG]: Reading 65 bytes from /etc/netplan/50-cloud-init.yaml
2025-11-19 13:06:08,057 - util.py[DEBUG]: Attempting to load yaml from string of length 65 with allowed root types (<class 'dict'>,)
2025-11-19 13:06:08,058 - util.py[DEBUG]: Attempting to load yaml from string of length 391 with allowed root types (<class 'dict'>,)
2025-11-19 13:06:08,060 - netplan.py[DEBUG]: Rendered netplan config using netplan python API
2025-11-19 13:06:08,060 - netplan.py[DEBUG]: skipping call to `netplan generate`. reason: identical netplan config
2025-11-19 13:06:08,060 - subp.py[DEBUG]: Running command ['udevadm', 'test-builtin', 'net_setup_link', '/sys/class/net/lo'] with allowed return codes [0] (shell=False, capture=True)
2025-11-19 13:06:08,064 - subp.py[DEBUG]: Running command ['udevadm', 'test-builtin', 'net_setup_link', '/sys/class/net/enp0s3'] with allowed return codes [0] (shell=False, capture=True)
2025-11-19 13:06:08,086 - performance.py[DEBUG]: Running ['udevadm', 'test-builtin', 'net_setup_link', '/sys/class/net/enp0s3'] took 0.021 seconds
2025-11-19 13:06:08,086 - distros[DEBUG]: Bringing up newly configured network interfaces
2025-11-19 13:06:08,086 - activators.py[DEBUG]: Using selected activator: <class 'cloudinit.net.activators.NetplanActivator'> from priority: ['netplan', 'eni', 'network-manager', 'networkd']
2025-11-19 13:06:08,086 - subp.py[DEBUG]: Running command ['netplan', 'apply'] with allowed return codes [0] (shell=False, capture=True)
2025-11-19 13:06:09,621 - performance.py[DEBUG]: Running ['netplan', 'apply'] took 1.535 seconds
2025-11-19 13:06:09,621 - activators.py[DEBUG]: Received stderr output: 
** (generate:1200): WARNING **: 13:06:08.207: Permissions for /etc/netplan/01-network-manager-all.yaml are too open. Netplan configuration should NOT be accessible by others.

** (process:1196): WARNING **: 13:06:09.499: Permissions for /etc/netplan/01-network-manager-all.yaml are too open. Netplan configuration should NOT be accessible by others.

** (process:1196): WARNING **: 13:06:09.580: Permissions for /etc/netplan/01-network-manager-all.yaml are too open. Netplan configuration should NOT be accessible by others.

2025-11-19 13:06:09,621 - handlers.py[DEBUG]: start: init-network/setup-datasource: setting up datasource
2025-11-19 13:06:09,621 - handlers.py[DEBUG]: finish: init-network/setup-datasource: SUCCESS: setting up datasource
2025-11-19 13:06:09,621 - util.py[DEBUG]: Writing to /var/lib/cloud/instances/iid-datasource-none/user-data.txt - wb: [600] 591 bytes
2025-11-19 13:06:09,623 - util.py[DEBUG]: Attempting to load yaml from string of length 591 with allowed root types (<class 'dict'>,)
2025-11-19 13:06:09,632 - util.py[DEBUG]: Writing to /var/lib/cloud/instances/iid-datasource-none/user-data.txt.i - wb: [600] 896 bytes
2025-11-19 13:06:09,633 - util.py[DEBUG]: Writing to /var/lib/cloud/instances/iid-datasource-none/vendor-data.txt - wb: [600] 0 bytes
2025-11-19 13:06:09,634 - util.py[DEBUG]: Writing to /var/lib/cloud/instances/iid-datasource-none/vendor-data.txt.i - wb: [600] 308 bytes
2025-11-19 13:06:09,634 - util.py[DEBUG]: Writing to /var/lib/cloud/instances/iid-datasource-none/vendor-data2.txt - wb: [600] 0 bytes
2025-11-19 13:06:09,635 - util.py[DEBUG]: Writing to /var/lib/cloud/instances/iid-datasource-none/vendor-data2.txt.i - wb: [600] 308 bytes
2025-11-19 13:06:09,639 - util.py[DEBUG]: Writing to /var/lib/cloud/instances/iid-datasource-none/sem/consume_data - wb: [644] 25 bytes
2025-11-19 13:06:09,639 - helpers.py[DEBUG]: Running consume_data using lock (<FileLock using file '/var/lib/cloud/instances/iid-datasource-none/sem/consume_data'>)
2025-11-19 13:06:09,639 - handlers.py[DEBUG]: start: init-network/consume-user-data: reading and applying user-data
2025-11-19 13:06:09,639 - stages.py[DEBUG]: Added default handler for {'text/cloud-config', 'text/cloud-config-jsonp'} from CloudConfigPartHandler: [['text/cloud-config', 'text/cloud-config-jsonp']]
2025-11-19 13:06:09,639 - stages.py[DEBUG]: Added default handler for {'text/x-shellscript'} from ShellScriptPartHandler: [['text/x-shellscript']]
2025-11-19 13:06:09,639 - stages.py[DEBUG]: Added default handler for {'text/x-shellscript-per-boot'} from ShellScriptByFreqPartHandler: [['text/x-shellscript-per-boot']]
2025-11-19 13:06:09,640 - stages.py[DEBUG]: Added default handler for {'text/x-shellscript-per-instance'} from ShellScriptByFreqPartHandler: [['text/x-shellscript-per-instance']]
2025-11-19 13:06:09,640 - stages.py[DEBUG]: Added default handler for {'text/x-shellscript-per-once'} from ShellScriptByFreqPartHandler: [['text/x-shellscript-per-once']]
2025-11-19 13:06:09,640 - stages.py[DEBUG]: Added default handler for {'text/cloud-boothook'} from BootHookPartHandler: [['text/cloud-boothook']]
2025-11-19 13:06:09,640 - stages.py[DEBUG]: Added default handler for {'text/jinja2'} from JinjaTemplatePartHandler: [['text/jinja2']]
2025-11-19 13:06:09,640 - handlers[DEBUG]: Calling handler CloudConfigPartHandler: [['text/cloud-config', 'text/cloud-config-jsonp']] (__begin__, None, 3) with frequency once-per-instance
2025-11-19 13:06:09,640 - handlers[DEBUG]: Calling handler ShellScriptPartHandler: [['text/x-shellscript']] (__begin__, None, 2) with frequency once-per-instance
2025-11-19 13:06:09,640 - handlers[DEBUG]: Calling handler ShellScriptByFreqPartHandler: [['text/x-shellscript-per-boot']] (__begin__, None, 2) with frequency once-per-instance
2025-11-19 13:06:09,640 - handlers[DEBUG]: Calling handler ShellScriptByFreqPartHandler: [['text/x-shellscript-per-instance']] (__begin__, None, 2) with frequency once-per-instance
2025-11-19 13:06:09,640 - handlers[DEBUG]: Calling handler ShellScriptByFreqPartHandler: [['text/x-shellscript-per-once']] (__begin__, None, 2) with frequency once-per-instance
2025-11-19 13:06:09,640 - handlers[DEBUG]: Calling handler BootHookPartHandler: [['text/cloud-boothook']] (__begin__, None, 2) with frequency once-per-instance
2025-11-19 13:06:09,640 - handlers[DEBUG]: Calling handler JinjaTemplatePartHandler: [['text/jinja2']] (__begin__, None, 3) with frequency once-per-instance
2025-11-19 13:06:09,640 - handlers[DEBUG]: {'MIME-Version': '1.0', 'Content-Type': 'text/cloud-config', 'Content-Disposition': 'attachment; filename="part-001"'}
2025-11-19 13:06:09,643 - handlers[DEBUG]: Calling handler CloudConfigPartHandler: [['text/cloud-config', 'text/cloud-config-jsonp']] (text/cloud-config, part-001, 3) with frequency once-per-instance
2025-11-19 13:06:09,643 - util.py[DEBUG]: Attempting to load yaml from string of length 591 with allowed root types (<class 'dict'>,)
2025-11-19 13:06:09,644 - cloud_config.py[DEBUG]: Merging by applying [('dict', ['replace']), ('list', []), ('str', [])]
2025-11-19 13:06:09,644 - handlers[DEBUG]: Calling handler CloudConfigPartHandler: [['text/cloud-config', 'text/cloud-config-jsonp']] (__end__, None, 3) with frequency once-per-instance
2025-11-19 13:06:09,644 - util.py[DEBUG]: Writing to /var/lib/cloud/instances/iid-datasource-none/cloud-config.txt - wb: [600] 651 bytes
2025-11-19 13:06:09,645 - handlers[DEBUG]: Calling handler ShellScriptPartHandler: [['text/x-shellscript']] (__end__, None, 2) with frequency once-per-instance
2025-11-19 13:06:09,645 - handlers[DEBUG]: Calling handler ShellScriptByFreqPartHandler: [['text/x-shellscript-per-boot']] (__end__, None, 2) with frequency once-per-instance
2025-11-19 13:06:09,645 - handlers[DEBUG]: Calling handler ShellScriptByFreqPartHandler: [['text/x-shellscript-per-instance']] (__end__, None, 2) with frequency once-per-instance
2025-11-19 13:06:09,645 - handlers[DEBUG]: Calling handler ShellScriptByFreqPartHandler: [['text/x-shellscript-per-once']] (__end__, None, 2) with frequency once-per-instance
2025-11-19 13:06:09,645 - handlers[DEBUG]: Calling handler BootHookPartHandler: [['text/cloud-boothook']] (__end__, None, 2) with frequency once-per-instance
2025-11-19 13:06:09,645 - handlers[DEBUG]: Calling handler JinjaTemplatePartHandler: [['text/jinja2']] (__end__, None, 3) with frequency once-per-instance
2025-11-19 13:06:09,645 - handlers.py[DEBUG]: finish: init-network/consume-user-data: SUCCESS: reading and applying user-data
2025-11-19 13:06:09,645 - handlers.py[DEBUG]: start: init-network/consume-vendor-data: reading and applying vendor-data
2025-11-19 13:06:09,645 - stages.py[DEBUG]: no vendordata from datasource
2025-11-19 13:06:09,648 - handlers.py[DEBUG]: finish: init-network/consume-vendor-data: SUCCESS: reading and applying vendor-data
2025-11-19 13:06:09,648 - handlers.py[DEBUG]: start: init-network/consume-vendor-data2: reading and applying vendor-data2
2025-11-19 13:06:09,648 - stages.py[DEBUG]: no vendordata2 from datasource
2025-11-19 13:06:09,648 - handlers.py[DEBUG]: finish: init-network/consume-vendor-data2: SUCCESS: reading and applying vendor-data2
2025-11-19 13:06:09,648 - util.py[DEBUG]: Reading from /etc/cloud/cloud.cfg (quiet=False)
2025-11-19 13:06:09,649 - util.py[DEBUG]: Reading 3718 bytes from /etc/cloud/cloud.cfg
2025-11-19 13:06:09,649 - util.py[DEBUG]: Attempting to load yaml from string of length 3718 with allowed root types (<class 'dict'>,)
2025-11-19 13:06:09,657 - util.py[DEBUG]: Reading from /etc/cloud/cloud.cfg.d/curtin-preserve-sources.cfg (quiet=False)
2025-11-19 13:06:09,658 - util.py[DEBUG]: Reading 35 bytes from /etc/cloud/cloud.cfg.d/curtin-preserve-sources.cfg
2025-11-19 13:06:09,658 - util.py[DEBUG]: Attempting to load yaml from string of length 35 with allowed root types (<class 'dict'>,)
2025-11-19 13:06:09,658 - util.py[DEBUG]: Reading from /etc/cloud/cloud.cfg.d/99-installer.cfg (quiet=False)
2025-11-19 13:06:09,658 - util.py[DEBUG]: Reading 803 bytes from /etc/cloud/cloud.cfg.d/99-installer.cfg
2025-11-19 13:06:09,658 - util.py[DEBUG]: Attempting to load yaml from string of length 803 with allowed root types (<class 'dict'>,)
2025-11-19 13:06:09,659 - util.py[DEBUG]: Reading from /etc/cloud/cloud.cfg.d/90_dpkg.cfg (quiet=False)
2025-11-19 13:06:09,659 - util.py[DEBUG]: Reading 343 bytes from /etc/cloud/cloud.cfg.d/90_dpkg.cfg
2025-11-19 13:06:09,659 - util.py[DEBUG]: Attempting to load yaml from string of length 343 with allowed root types (<class 'dict'>,)
2025-11-19 13:06:09,660 - util.py[DEBUG]: Reading from /etc/cloud/cloud.cfg.d/90-installer-network.cfg (quiet=False)
2025-11-19 13:06:09,660 - util.py[DEBUG]: Reading 117 bytes from /etc/cloud/cloud.cfg.d/90-installer-network.cfg
2025-11-19 13:06:09,660 - util.py[DEBUG]: Attempting to load yaml from string of length 117 with allowed root types (<class 'dict'>,)
2025-11-19 13:06:09,661 - util.py[DEBUG]: Reading from /etc/cloud/cloud.cfg.d/20-disable-cc-dpkg-grub.cfg (quiet=False)
2025-11-19 13:06:09,661 - util.py[DEBUG]: Reading 28 bytes from /etc/cloud/cloud.cfg.d/20-disable-cc-dpkg-grub.cfg
2025-11-19 13:06:09,661 - util.py[DEBUG]: Attempting to load yaml from string of length 28 with allowed root types (<class 'dict'>,)
2025-11-19 13:06:09,661 - util.py[DEBUG]: Reading from /etc/cloud/cloud.cfg.d/05_logging.cfg (quiet=False)
2025-11-19 13:06:09,661 - util.py[DEBUG]: Reading 2071 bytes from /etc/cloud/cloud.cfg.d/05_logging.cfg
2025-11-19 13:06:09,661 - util.py[DEBUG]: Attempting to load yaml from string of length 2071 with allowed root types (<class 'dict'>,)
2025-11-19 13:06:09,663 - util.py[DEBUG]: Reading from /run/cloud-init/cloud.cfg (quiet=False)
2025-11-19 13:06:09,663 - util.py[DEBUG]: Attempting to load yaml from string of length 0 with allowed root types (<class 'dict'>,)
2025-11-19 13:06:09,663 - util.py[DEBUG]: loaded blob returned None, returning default.
2025-11-19 13:06:09,663 - util.py[DEBUG]: Reading from /var/lib/cloud/instance/cloud-config.txt (quiet=False)
2025-11-19 13:06:09,663 - util.py[DEBUG]: Reading 651 bytes from /var/lib/cloud/instance/cloud-config.txt
2025-11-19 13:06:09,663 - util.py[DEBUG]: Attempting to load yaml from string of length 651 with allowed root types (<class 'dict'>,)
2025-11-19 13:06:09,665 - atomic_helper.py[DEBUG]: Atomically writing to file /run/cloud-init/combined-cloud-config.json (via temporary file /run/cloud-init/tmp47b7te37) - w: [600] 7120 bytes/chars
2025-11-19 13:06:09,665 - util.py[DEBUG]: Reading from /run/cloud-init/instance-data-sensitive.json (quiet=False)
2025-11-19 13:06:09,665 - util.py[DEBUG]: Reading 9888 bytes from /run/cloud-init/instance-data-sensitive.json
2025-11-19 13:06:09,665 - atomic_helper.py[DEBUG]: Atomically writing to file /run/cloud-init/instance-data-sensitive.json (via temporary file /run/cloud-init/tmpz3petzkx) - w: [600] 12119 bytes/chars
2025-11-19 13:06:09,665 - util.py[DEBUG]: Reading from /var/lib/cloud/instance/cloud-config.txt (quiet=False)
2025-11-19 13:06:09,665 - util.py[DEBUG]: Reading 651 bytes from /var/lib/cloud/instance/cloud-config.txt
2025-11-19 13:06:09,666 - util.py[DEBUG]: Reading from /usr/lib/python3/dist-packages/cloudinit/config/schemas/schema-cloud-config-v1.json (quiet=False)
2025-11-19 13:06:09,668 - util.py[DEBUG]: Reading 149899 bytes from /usr/lib/python3/dist-packages/cloudinit/config/schemas/schema-cloud-config-v1.json
2025-11-19 13:06:09,672 - util.py[DEBUG]: Reading from /var/lib/cloud/instance/cloud-config.txt (quiet=False)
2025-11-19 13:06:09,672 - util.py[DEBUG]: Reading 651 bytes from /var/lib/cloud/instance/cloud-config.txt
2025-11-19 13:06:09,672 - util.py[DEBUG]: Attempting to load yaml from string of length 651 with allowed root types (<class 'dict'>,)
2025-11-19 13:06:09,674 - handlers.py[DEBUG]: start: init-network/activate-datasource: activating datasource
2025-11-19 13:06:09,674 - util.py[DEBUG]: Writing to /var/lib/cloud/instance/obj.pkl - wb: [400] 10096 bytes
2025-11-19 13:06:09,675 - handlers.py[DEBUG]: finish: init-network/activate-datasource: SUCCESS: activating datasource
2025-11-19 13:06:09,675 - main.py[DEBUG]: no di_report found in config.
2025-11-19 13:06:09,697 - stages.py[DEBUG]: Using distro class <class 'cloudinit.distros.ubuntu.Distro'>
2025-11-19 13:06:09,698 - modules.py[INFO]: Skipping modules 'bootcmd,disk_setup,update_etc_hosts,ca_certs,rsyslog' because no applicable config is provided.
2025-11-19 13:06:09,698 - modules.py[DEBUG]: Running module seed_random (<module 'cloudinit.config.cc_seed_random' from '/usr/lib/python3/dist-packages/cloudinit/config/cc_seed_random.py'>) with frequency once-per-instance
2025-11-19 13:06:09,698 - handlers.py[DEBUG]: start: init-network/config-seed_random: running config-seed_random with frequency once-per-instance
2025-11-19 13:06:09,698 - util.py[DEBUG]: Writing to /var/lib/cloud/instances/iid-datasource-none/sem/config_seed_random - wb: [644] 25 bytes
2025-11-19 13:06:09,698 - helpers.py[DEBUG]: Running config-seed_random using lock (<FileLock using file '/var/lib/cloud/instances/iid-datasource-none/sem/config_seed_random'>)
2025-11-19 13:06:09,698 - cc_seed_random.py[DEBUG]: no command provided
2025-11-19 13:06:09,698 - handlers.py[DEBUG]: finish: init-network/config-seed_random: SUCCESS: config-seed_random ran successfully and took 0.000 seconds
2025-11-19 13:06:09,698 - modules.py[DEBUG]: Running module write_files (<module 'cloudinit.config.cc_write_files' from '/usr/lib/python3/dist-packages/cloudinit/config/cc_write_files.py'>) with frequency once-per-instance
2025-11-19 13:06:09,698 - handlers.py[DEBUG]: start: init-network/config-write_files: running config-write_files with frequency once-per-instance
2025-11-19 13:06:09,698 - util.py[DEBUG]: Writing to /var/lib/cloud/instances/iid-datasource-none/sem/config_write_files - wb: [644] 25 bytes
2025-11-19 13:06:09,698 - helpers.py[DEBUG]: Running config-write_files using lock (<FileLock using file '/var/lib/cloud/instances/iid-datasource-none/sem/config_write_files'>)
2025-11-19 13:06:09,698 - cc_write_files.py[DEBUG]: Skipping module named write_files, no/empty 'write_files' key in configuration
2025-11-19 13:06:09,699 - handlers.py[DEBUG]: finish: init-network/config-write_files: SUCCESS: config-write_files ran successfully and took 0.000 seconds
2025-11-19 13:06:09,699 - modules.py[DEBUG]: Running module growpart (<module 'cloudinit.config.cc_growpart' from '/usr/lib/python3/dist-packages/cloudinit/config/cc_growpart.py'>) with frequency always
2025-11-19 13:06:09,699 - handlers.py[DEBUG]: start: init-network/config-growpart: running config-growpart with frequency always
2025-11-19 13:06:09,699 - helpers.py[DEBUG]: Running config-growpart using lock (<cloudinit.helpers.DummyLock object at 0x7eb62eb0b2c0>)
2025-11-19 13:06:09,699 - cc_growpart.py[DEBUG]: growpart disabled: mode=off
2025-11-19 13:06:09,699 - handlers.py[DEBUG]: finish: init-network/config-growpart: SUCCESS: config-growpart ran successfully and took 0.000 seconds
2025-11-19 13:06:09,699 - modules.py[DEBUG]: Running module resizefs (<module 'cloudinit.config.cc_resizefs' from '/usr/lib/python3/dist-packages/cloudinit/config/cc_resizefs.py'>) with frequency always
2025-11-19 13:06:09,699 - handlers.py[DEBUG]: start: init-network/config-resizefs: running config-resizefs with frequency always
2025-11-19 13:06:09,699 - helpers.py[DEBUG]: Running config-resizefs using lock (<cloudinit.helpers.DummyLock object at 0x7eb62eb097c0>)
2025-11-19 13:06:09,700 - cc_resizefs.py[DEBUG]: Skipping module named resizefs, resizing disabled
2025-11-19 13:06:09,700 - handlers.py[DEBUG]: finish: init-network/config-resizefs: SUCCESS: config-resizefs ran successfully and took 0.000 seconds
2025-11-19 13:06:09,700 - modules.py[DEBUG]: Running module mounts (<module 'cloudinit.config.cc_mounts' from '/usr/lib/python3/dist-packages/cloudinit/config/cc_mounts.py'>) with frequency once-per-instance
2025-11-19 13:06:09,700 - handlers.py[DEBUG]: start: init-network/config-mounts: running config-mounts with frequency once-per-instance
2025-11-19 13:06:09,700 - util.py[DEBUG]: Writing to /var/lib/cloud/instances/iid-datasource-none/sem/config_mounts - wb: [644] 25 bytes
2025-11-19 13:06:09,700 - helpers.py[DEBUG]: Running config-mounts using lock (<FileLock using file '/var/lib/cloud/instances/iid-datasource-none/sem/config_mounts'>)
2025-11-19 13:06:09,700 - cc_mounts.py[DEBUG]: mounts configuration is []
2025-11-19 13:06:09,700 - util.py[DEBUG]: Reading from /etc/fstab (quiet=False)
2025-11-19 13:06:09,700 - util.py[DEBUG]: Reading 473 bytes from /etc/fstab
2025-11-19 13:06:09,700 - cc_mounts.py[DEBUG]: Attempting to determine the real name of ephemeral0
2025-11-19 13:06:09,700 - cc_mounts.py[DEBUG]: changed ephemeral0 => None
2025-11-19 13:06:09,700 - cc_mounts.py[DEBUG]: Ignoring nonexistent default named mount ephemeral0
2025-11-19 13:06:09,700 - cc_mounts.py[DEBUG]: Attempting to determine the real name of swap
2025-11-19 13:06:09,700 - cc_mounts.py[DEBUG]: changed swap => None
2025-11-19 13:06:09,700 - cc_mounts.py[DEBUG]: Ignoring nonexistent default named mount swap
2025-11-19 13:06:09,700 - cc_mounts.py[DEBUG]: no need to setup swap
2025-11-19 13:06:09,700 - cc_mounts.py[DEBUG]: No modifications to fstab needed
2025-11-19 13:06:09,700 - handlers.py[DEBUG]: finish: init-network/config-mounts: SUCCESS: config-mounts ran successfully and took 0.001 seconds
2025-11-19 13:06:09,700 - modules.py[DEBUG]: Running module set_hostname (<module 'cloudinit.config.cc_set_hostname' from '/usr/lib/python3/dist-packages/cloudinit/config/cc_set_hostname.py'>) with frequency once-per-instance
2025-11-19 13:06:09,700 - handlers.py[DEBUG]: start: init-network/config-set_hostname: running config-set_hostname with frequency once-per-instance
2025-11-19 13:06:09,700 - util.py[DEBUG]: Writing to /var/lib/cloud/instances/iid-datasource-none/sem/config_set_hostname - wb: [644] 25 bytes
2025-11-19 13:06:09,701 - helpers.py[DEBUG]: Running config-set_hostname using lock (<FileLock using file '/var/lib/cloud/instances/iid-datasource-none/sem/config_set_hostname'>)
2025-11-19 13:06:09,701 - cc_set_hostname.py[DEBUG]: Configuration option 'preserve_hostname' is set, not setting the hostname in module set_hostname
2025-11-19 13:06:09,701 - handlers.py[DEBUG]: finish: init-network/config-set_hostname: SUCCESS: config-set_hostname ran successfully and took 0.000 seconds
2025-11-19 13:06:09,701 - modules.py[DEBUG]: Running module update_hostname (<module 'cloudinit.config.cc_update_hostname' from '/usr/lib/python3/dist-packages/cloudinit/config/cc_update_hostname.py'>) with frequency always
2025-11-19 13:06:09,701 - handlers.py[DEBUG]: start: init-network/config-update_hostname: running config-update_hostname with frequency always
2025-11-19 13:06:09,701 - helpers.py[DEBUG]: Running config-update_hostname using lock (<cloudinit.helpers.DummyLock object at 0x7eb62eb087d0>)
2025-11-19 13:06:09,701 - cc_update_hostname.py[DEBUG]: Configuration option 'preserve_hostname' is set, not updating the hostname in module update_hostname
2025-11-19 13:06:09,701 - handlers.py[DEBUG]: finish: init-network/config-update_hostname: SUCCESS: config-update_hostname ran successfully and took 0.000 seconds
2025-11-19 13:06:09,701 - modules.py[DEBUG]: Running module users_groups (<module 'cloudinit.config.cc_users_groups' from '/usr/lib/python3/dist-packages/cloudinit/config/cc_users_groups.py'>) with frequency once-per-instance
2025-11-19 13:06:09,701 - handlers.py[DEBUG]: start: init-network/config-users_groups: running config-users_groups with frequency once-per-instance
2025-11-19 13:06:09,701 - util.py[DEBUG]: Writing to /var/lib/cloud/instances/iid-datasource-none/sem/config_users_groups - wb: [644] 25 bytes
2025-11-19 13:06:09,701 - helpers.py[DEBUG]: Running config-users_groups using lock (<FileLock using file '/var/lib/cloud/instances/iid-datasource-none/sem/config_users_groups'>)
2025-11-19 13:06:09,702 - util.py[DEBUG]: Reading from /etc/os-release (quiet=True)
2025-11-19 13:06:09,702 - util.py[DEBUG]: Reading 400 bytes from /etc/os-release
2025-11-19 13:06:09,702 - util.py[DEBUG]: Reading from /etc/system-image/channel.ini (quiet=True)
2025-11-19 13:06:09,702 - util.py[DEBUG]: Reading 0 bytes from /etc/system-image/channel.ini
2025-11-19 13:06:09,703 - distros[DEBUG]: Adding user mark
2025-11-19 13:06:09,703 - subp.py[DEBUG]: Running command ['useradd', 'mark', '--comment', 'Mark', '--groups', 'adm,cdrom,dip,lpadmin,plugdev,sudo,users', '--password', 'REDACTED', '--shell', '/bin/bash', '-m'] with allowed return codes [0] (shell=False, capture=True)
2025-11-19 13:06:09,834 - performance.py[DEBUG]: Running ['useradd', 'mark', '--comment', 'Mark', '--groups', 'adm,cdrom,dip,lpadmin,plugdev,sudo,users', '--password', 'REDACTED', '--shell', '/bin/bash', '-m'] took 0.131 seconds
2025-11-19 13:06:09,834 - subp.py[DEBUG]: Running command ['passwd', '-u', 'mark'] with allowed return codes [0, 3] (shell=False, capture=True)
2025-11-19 13:06:09,862 - performance.py[DEBUG]: Running ['passwd', '-u', 'mark'] took 0.027 seconds
2025-11-19 13:06:09,862 - handlers.py[DEBUG]: finish: init-network/config-users_groups: SUCCESS: config-users_groups ran successfully and took 0.161 seconds
2025-11-19 13:06:09,862 - modules.py[DEBUG]: Running module ssh (<module 'cloudinit.config.cc_ssh' from '/usr/lib/python3/dist-packages/cloudinit/config/cc_ssh.py'>) with frequency once-per-instance
2025-11-19 13:06:09,862 - handlers.py[DEBUG]: start: init-network/config-ssh: running config-ssh with frequency once-per-instance
2025-11-19 13:06:09,862 - util.py[DEBUG]: Writing to /var/lib/cloud/instances/iid-datasource-none/sem/config_ssh - wb: [644] 25 bytes
2025-11-19 13:06:09,863 - helpers.py[DEBUG]: Running config-ssh using lock (<FileLock using file '/var/lib/cloud/instances/iid-datasource-none/sem/config_ssh'>)
2025-11-19 13:06:09,864 - util.py[DEBUG]: Reading from /proc/sys/crypto/fips_enabled (quiet=False)
2025-11-19 13:06:09,864 - subp.py[DEBUG]: Running command ['ssh-keygen', '-t', 'rsa', '-N', '', '-f', '/etc/ssh/ssh_host_rsa_key'] with allowed return codes [0] (shell=False, capture=True)
2025-11-19 13:06:10,223 - performance.py[DEBUG]: Running ['ssh-keygen', '-t', 'rsa', '-N', '', '-f', '/etc/ssh/ssh_host_rsa_key'] took 0.359 seconds
2025-11-19 13:06:10,224 - subp.py[DEBUG]: Running command ['ssh-keygen', '-t', 'ecdsa', '-N', '', '-f', '/etc/ssh/ssh_host_ecdsa_key'] with allowed return codes [0] (shell=False, capture=True)
2025-11-19 13:06:10,242 - performance.py[DEBUG]: Running ['ssh-keygen', '-t', 'ecdsa', '-N', '', '-f', '/etc/ssh/ssh_host_ecdsa_key'] took 0.018 seconds
2025-11-19 13:06:10,244 - subp.py[DEBUG]: Running command ['ssh-keygen', '-t', 'ed25519', '-N', '', '-f', '/etc/ssh/ssh_host_ed25519_key'] with allowed return codes [0] (shell=False, capture=True)
2025-11-19 13:06:10,279 - performance.py[DEBUG]: Running ['ssh-keygen', '-t', 'ed25519', '-N', '', '-f', '/etc/ssh/ssh_host_ed25519_key'] took 0.035 seconds
2025-11-19 13:06:10,279 - util.py[DEBUG]: Reading from /etc/ssh/ssh_host_ecdsa_key.pub (quiet=False)
2025-11-19 13:06:10,279 - util.py[DEBUG]: Reading 182 bytes from /etc/ssh/ssh_host_ecdsa_key.pub
2025-11-19 13:06:10,279 - util.py[DEBUG]: Reading from /etc/ssh/ssh_host_rsa_key.pub (quiet=False)
2025-11-19 13:06:10,279 - util.py[DEBUG]: Reading 574 bytes from /etc/ssh/ssh_host_rsa_key.pub
2025-11-19 13:06:10,279 - util.py[DEBUG]: Reading from /etc/ssh/ssh_host_ed25519_key.pub (quiet=False)
2025-11-19 13:06:10,279 - util.py[DEBUG]: Reading 102 bytes from /etc/ssh/ssh_host_ed25519_key.pub
2025-11-19 13:06:10,282 - util.py[DEBUG]: Writing to /root/.ssh/authorized_keys - wb: [600] 0 bytes
2025-11-19 13:06:10,288 - util.py[DEBUG]: Changing the ownership of /root/.ssh/authorized_keys to 0:0
2025-11-19 13:06:10,288 - util.py[DEBUG]: Reading from /root/.ssh/authorized_keys (quiet=False)
2025-11-19 13:06:10,288 - util.py[DEBUG]: Reading 0 bytes from /root/.ssh/authorized_keys
2025-11-19 13:06:10,288 - util.py[DEBUG]: Writing to /root/.ssh/authorized_keys - wb: [600] 0 bytes
2025-11-19 13:06:10,288 - handlers.py[DEBUG]: finish: init-network/config-ssh: SUCCESS: config-ssh ran successfully and took 0.426 seconds
2025-11-19 13:06:10,288 - modules.py[DEBUG]: Running module set_passwords (<module 'cloudinit.config.cc_set_passwords' from '/usr/lib/python3/dist-packages/cloudinit/config/cc_set_passwords.py'>) with frequency once-per-instance
2025-11-19 13:06:10,288 - handlers.py[DEBUG]: start: init-network/config-set_passwords: running config-set_passwords with frequency once-per-instance
2025-11-19 13:06:10,288 - util.py[DEBUG]: Writing to /var/lib/cloud/instances/iid-datasource-none/sem/config_set_passwords - wb: [644] 25 bytes
2025-11-19 13:06:10,288 - helpers.py[DEBUG]: Running config-set_passwords using lock (<FileLock using file '/var/lib/cloud/instances/iid-datasource-none/sem/config_set_passwords'>)
2025-11-19 13:06:10,288 - cc_set_passwords.py[DEBUG]: Leaving SSH config 'PasswordAuthentication' unchanged. ssh_pwauth=None
2025-11-19 13:06:10,288 - handlers.py[DEBUG]: finish: init-network/config-set_passwords: SUCCESS: config-set_passwords ran successfully and took 0.000 seconds
2025-11-19 13:06:10,288 - main.py[DEBUG]: Ran 10 modules with 0 failures
2025-11-19 13:06:10,289 - util.py[DEBUG]: Reading from /proc/uptime (quiet=False)
2025-11-19 13:06:10,289 - util.py[DEBUG]: Reading 11 bytes from /proc/uptime
2025-11-19 13:06:10,289 - atomic_helper.py[DEBUG]: Atomically writing to file /var/lib/cloud/data/status.json (via temporary file /var/lib/cloud/data/tmp9xpiypzv) - w: [644] 495 bytes/chars
2025-11-19 13:06:10,290 - performance.py[DEBUG]: cloud-init stage: 'init-network' took 2.336 seconds
2025-11-19 13:06:10,290 - handlers.py[DEBUG]: finish: init-network: SUCCESS: searching for network datasources
2025-11-19 13:06:11,931 - log_util.py[DEBUG]: Cloud-init v. 25.1.4-0ubuntu0~24.04.1 running 'modules:config' at Wed, 19 Nov 2025 13:06:11 +0000. Up 15.84 seconds.
2025-11-19 13:06:11,932 - main.py[INFO]: PID [1] started cloud-init 'modules:config'.
2025-11-19 13:06:11,955 - stages.py[DEBUG]: Using distro class <class 'cloudinit.distros.ubuntu.Distro'>
2025-11-19 13:06:11,956 - modules.py[INFO]: Skipping modules 'wireguard,snap,ubuntu_autoinstall,keyboard,apt_pipelining,ubuntu_pro,ntp,disable_ec2_metadata,runcmd' because no applicable config is provided.
2025-11-19 13:06:11,957 - modules.py[DEBUG]: Running module ssh_import_id (<module 'cloudinit.config.cc_ssh_import_id' from '/usr/lib/python3/dist-packages/cloudinit/config/cc_ssh_import_id.py'>) with frequency once-per-instance
2025-11-19 13:06:11,957 - handlers.py[DEBUG]: start: modules-config/config-ssh_import_id: running config-ssh_import_id with frequency once-per-instance
2025-11-19 13:06:11,957 - util.py[DEBUG]: Writing to /var/lib/cloud/instances/iid-datasource-none/sem/config_ssh_import_id - wb: [644] 25 bytes
2025-11-19 13:06:11,958 - helpers.py[DEBUG]: Running config-ssh_import_id using lock (<FileLock using file '/var/lib/cloud/instances/iid-datasource-none/sem/config_ssh_import_id'>)
2025-11-19 13:06:11,958 - cc_ssh_import_id.py[DEBUG]: Skipping module named ssh_import_id, no 'ssh_import_id' directives found.
2025-11-19 13:06:11,958 - handlers.py[DEBUG]: finish: modules-config/config-ssh_import_id: SUCCESS: config-ssh_import_id ran successfully and took 0.000 seconds
2025-11-19 13:06:11,958 - modules.py[DEBUG]: Running module locale (<module 'cloudinit.config.cc_locale' from '/usr/lib/python3/dist-packages/cloudinit/config/cc_locale.py'>) with frequency once-per-instance
2025-11-19 13:06:11,958 - handlers.py[DEBUG]: start: modules-config/config-locale: running config-locale with frequency once-per-instance
2025-11-19 13:06:11,958 - util.py[DEBUG]: Writing to /var/lib/cloud/instances/iid-datasource-none/sem/config_locale - wb: [644] 25 bytes
2025-11-19 13:06:11,958 - helpers.py[DEBUG]: Running config-locale using lock (<FileLock using file '/var/lib/cloud/instances/iid-datasource-none/sem/config_locale'>)
2025-11-19 13:06:11,958 - util.py[DEBUG]: Reading from /etc/default/locale (quiet=False)
2025-11-19 13:06:11,958 - util.py[DEBUG]: Reading 13 bytes from /etc/default/locale
2025-11-19 13:06:11,958 - cc_locale.py[DEBUG]: Setting locale to ru_RU.UTF-8
2025-11-19 13:06:11,958 - debian.py[DEBUG]: System locale set to C.UTF-8 via /etc/default/locale
2025-11-19 13:06:11,959 - debian.py[DEBUG]: Generating locales for ru_RU.UTF-8
2025-11-19 13:06:11,959 - subp.py[DEBUG]: Running command ['locale-gen', 'ru_RU.UTF-8'] with allowed return codes [0] (shell=False, capture=False)
2025-11-19 13:06:12,950 - performance.py[DEBUG]: Running ['locale-gen', 'ru_RU.UTF-8'] took 0.992 seconds
2025-11-19 13:06:12,951 - debian.py[DEBUG]: Updating /etc/default/locale with locale setting LANG=ru_RU.UTF-8
2025-11-19 13:06:12,951 - subp.py[DEBUG]: Running command ['update-locale', '--locale-file=/etc/default/locale', 'LANG=ru_RU.UTF-8'] with allowed return codes [0] (shell=False, capture=False)
2025-11-19 13:06:12,970 - performance.py[DEBUG]: Running ['update-locale', '--locale-file=/etc/default/locale', 'LANG=ru_RU.UTF-8'] took 0.019 seconds
2025-11-19 13:06:12,970 - handlers.py[DEBUG]: finish: modules-config/config-locale: SUCCESS: config-locale ran successfully and took 1.012 seconds
2025-11-19 13:06:12,970 - modules.py[DEBUG]: Running module grub_dpkg (<module 'cloudinit.config.cc_grub_dpkg' from '/usr/lib/python3/dist-packages/cloudinit/config/cc_grub_dpkg.py'>) with frequency once-per-instance
2025-11-19 13:06:12,970 - handlers.py[DEBUG]: start: modules-config/config-grub_dpkg: running config-grub_dpkg with frequency once-per-instance
2025-11-19 13:06:12,970 - util.py[DEBUG]: Writing to /var/lib/cloud/instances/iid-datasource-none/sem/config_grub_dpkg - wb: [644] 24 bytes
2025-11-19 13:06:12,971 - helpers.py[DEBUG]: Running config-grub_dpkg using lock (<FileLock using file '/var/lib/cloud/instances/iid-datasource-none/sem/config_grub_dpkg'>)
2025-11-19 13:06:12,971 - cc_grub_dpkg.py[DEBUG]: grub_dpkg disabled by config grub_dpkg/enabled=False
2025-11-19 13:06:12,971 - handlers.py[DEBUG]: finish: modules-config/config-grub_dpkg: SUCCESS: config-grub_dpkg ran successfully and took 0.000 seconds
2025-11-19 13:06:12,971 - modules.py[DEBUG]: Running module apt_configure (<module 'cloudinit.config.cc_apt_configure' from '/usr/lib/python3/dist-packages/cloudinit/config/cc_apt_configure.py'>) with frequency once-per-instance
2025-11-19 13:06:12,971 - handlers.py[DEBUG]: start: modules-config/config-apt_configure: running config-apt_configure with frequency once-per-instance
2025-11-19 13:06:12,971 - util.py[DEBUG]: Writing to /var/lib/cloud/instances/iid-datasource-none/sem/config_apt_configure - wb: [644] 25 bytes
2025-11-19 13:06:12,971 - helpers.py[DEBUG]: Running config-apt_configure using lock (<FileLock using file '/var/lib/cloud/instances/iid-datasource-none/sem/config_apt_configure'>)
2025-11-19 13:06:12,971 - cc_apt_configure.py[DEBUG]: debconf_selections was not set in config
2025-11-19 13:06:12,971 - cc_apt_configure.py[DEBUG]: handling apt config: {'preserve_sources_list': True}
2025-11-19 13:06:12,971 - subp.py[DEBUG]: Running command ['lsb_release', '--all'] with allowed return codes [0] (shell=False, capture=True)
2025-11-19 13:06:12,990 - performance.py[DEBUG]: Running ['lsb_release', '--all'] took 0.019 seconds
2025-11-19 13:06:12,990 - subp.py[DEBUG]: Running command ['dpkg', '--print-architecture'] with allowed return codes [0] (shell=False, capture=True)
2025-11-19 13:06:12,999 - cc_apt_configure.py[DEBUG]: got primary mirror: None
2025-11-19 13:06:12,999 - cc_apt_configure.py[DEBUG]: got security mirror: None
2025-11-19 13:06:12,999 - util.py[DEBUG]: search for mirror in candidates: '[]'
2025-11-19 13:06:12,999 - util.py[DEBUG]: search for mirror in candidates: '[]'
2025-11-19 13:06:12,999 - distros[DEBUG]: filtered distro mirror info: {'primary': 'http://archive.ubuntu.com/ubuntu', 'security': 'http://security.ubuntu.com/ubuntu'}
2025-11-19 13:06:12,999 - cc_apt_configure.py[DEBUG]: Apt Mirror info: {'primary': 'http://archive.ubuntu.com/ubuntu', 'security': 'http://security.ubuntu.com/ubuntu', 'PRIMARY': 'http://archive.ubuntu.com/ubuntu', 'SECURITY': 'http://security.ubuntu.com/ubuntu', 'MIRROR': 'http://archive.ubuntu.com/ubuntu'}
2025-11-19 13:06:13,001 - handlers.py[DEBUG]: finish: modules-config/config-apt_configure: SUCCESS: config-apt_configure ran successfully and took 0.030 seconds
2025-11-19 13:06:13,001 - modules.py[DEBUG]: Running module timezone (<module 'cloudinit.config.cc_timezone' from '/usr/lib/python3/dist-packages/cloudinit/config/cc_timezone.py'>) with frequency once-per-instance
2025-11-19 13:06:13,001 - handlers.py[DEBUG]: start: modules-config/config-timezone: running config-timezone with frequency once-per-instance
2025-11-19 13:06:13,001 - util.py[DEBUG]: Writing to /var/lib/cloud/instances/iid-datasource-none/sem/config_timezone - wb: [644] 25 bytes
2025-11-19 13:06:13,001 - helpers.py[DEBUG]: Running config-timezone using lock (<FileLock using file '/var/lib/cloud/instances/iid-datasource-none/sem/config_timezone'>)
2025-11-19 13:06:13,005 - util.py[DEBUG]: Writing to /etc/timezone - wb: [644] 14 bytes
2025-11-19 13:06:13,005 - util.py[DEBUG]: Attempting to remove /etc/localtime
2025-11-19 13:06:13,006 - handlers.py[DEBUG]: finish: modules-config/config-timezone: SUCCESS: config-timezone ran successfully and took 0.004 seconds
2025-11-19 13:06:13,006 - modules.py[DEBUG]: Running module byobu (<module 'cloudinit.config.cc_byobu' from '/usr/lib/python3/dist-packages/cloudinit/config/cc_byobu.py'>) with frequency once-per-instance
2025-11-19 13:06:13,006 - handlers.py[DEBUG]: start: modules-config/config-byobu: running config-byobu with frequency once-per-instance
2025-11-19 13:06:13,006 - util.py[DEBUG]: Writing to /var/lib/cloud/instances/iid-datasource-none/sem/config_byobu - wb: [644] 25 bytes
2025-11-19 13:06:13,006 - helpers.py[DEBUG]: Running config-byobu using lock (<FileLock using file '/var/lib/cloud/instances/iid-datasource-none/sem/config_byobu'>)
2025-11-19 13:06:13,006 - cc_byobu.py[DEBUG]: Skipping module named byobu, no 'byobu' values found
2025-11-19 13:06:13,006 - handlers.py[DEBUG]: finish: modules-config/config-byobu: SUCCESS: config-byobu ran successfully and took 0.000 seconds
2025-11-19 13:06:13,006 - main.py[DEBUG]: Ran 6 modules with 0 failures
2025-11-19 13:06:13,006 - util.py[DEBUG]: Reading from /proc/uptime (quiet=False)
2025-11-19 13:06:13,006 - util.py[DEBUG]: Reading 11 bytes from /proc/uptime
2025-11-19 13:06:13,006 - atomic_helper.py[DEBUG]: Atomically writing to file /var/lib/cloud/data/status.json (via temporary file /var/lib/cloud/data/tmpqprxh3j8) - w: [644] 497 bytes/chars
2025-11-19 13:06:13,007 - performance.py[DEBUG]: cloud-init stage: 'modules-config' took 1.117 seconds
2025-11-19 13:06:13,007 - handlers.py[DEBUG]: finish: modules-config: SUCCESS: running modules for config
2025-11-19 13:06:28,431 - log_util.py[DEBUG]: Cloud-init v. 25.1.4-0ubuntu0~24.04.1 running 'modules:final' at Wed, 19 Nov 2025 13:06:28 +0000. Up 32.33 seconds.
2025-11-19 13:06:28,431 - main.py[INFO]: PID [1] started cloud-init 'modules:final'.
2025-11-19 13:06:28,456 - stages.py[DEBUG]: Using distro class <class 'cloudinit.distros.ubuntu.Distro'>
2025-11-19 13:06:28,457 - modules.py[INFO]: Skipping modules 'package_update_upgrade_install,fan,landscape,lxd,ubuntu_drivers,puppet,chef,ansible,mcollective,salt_minion,phone_home,power_state_change' because no applicable config is provided.
2025-11-19 13:06:28,457 - modules.py[DEBUG]: Running module write_files_deferred (<module 'cloudinit.config.cc_write_files_deferred' from '/usr/lib/python3/dist-packages/cloudinit/config/cc_write_files_deferred.py'>) with frequency once-per-instance
2025-11-19 13:06:28,457 - handlers.py[DEBUG]: start: modules-final/config-write_files_deferred: running config-write_files_deferred with frequency once-per-instance
2025-11-19 13:06:28,462 - util.py[DEBUG]: Writing to /var/lib/cloud/instances/iid-datasource-none/sem/config_write_files_deferred - wb: [644] 24 bytes
2025-11-19 13:06:28,463 - helpers.py[DEBUG]: Running config-write_files_deferred using lock (<FileLock using file '/var/lib/cloud/instances/iid-datasource-none/sem/config_write_files_deferred'>)
2025-11-19 13:06:28,463 - util.py[DEBUG]: Writing to /etc/cloud/cloud-init.disabled - wb: [644] 132 bytes
2025-11-19 13:06:28,463 - util.py[DEBUG]: Changing the ownership of /etc/cloud/cloud-init.disabled to 0:0
2025-11-19 13:06:28,463 - handlers.py[DEBUG]: finish: modules-final/config-write_files_deferred: SUCCESS: config-write_files_deferred ran successfully and took 0.001 seconds
2025-11-19 13:06:28,463 - modules.py[DEBUG]: Running module reset_rmc (<module 'cloudinit.config.cc_reset_rmc' from '/usr/lib/python3/dist-packages/cloudinit/config/cc_reset_rmc.py'>) with frequency once-per-instance
2025-11-19 13:06:28,463 - handlers.py[DEBUG]: start: modules-final/config-reset_rmc: running config-reset_rmc with frequency once-per-instance
2025-11-19 13:06:28,463 - util.py[DEBUG]: Writing to /var/lib/cloud/instances/iid-datasource-none/sem/config_reset_rmc - wb: [644] 24 bytes
2025-11-19 13:06:28,463 - helpers.py[DEBUG]: Running config-reset_rmc using lock (<FileLock using file '/var/lib/cloud/instances/iid-datasource-none/sem/config_reset_rmc'>)
2025-11-19 13:06:28,463 - cc_reset_rmc.py[DEBUG]: Skipping creation of new ct_node_id node
2025-11-19 13:06:28,464 - handlers.py[DEBUG]: finish: modules-final/config-reset_rmc: SUCCESS: config-reset_rmc ran successfully and took 0.000 seconds
2025-11-19 13:06:28,464 - modules.py[DEBUG]: Running module scripts_vendor (<module 'cloudinit.config.cc_scripts_vendor' from '/usr/lib/python3/dist-packages/cloudinit/config/cc_scripts_vendor.py'>) with frequency once-per-instance
2025-11-19 13:06:28,464 - handlers.py[DEBUG]: start: modules-final/config-scripts_vendor: running config-scripts_vendor with frequency once-per-instance
2025-11-19 13:06:28,464 - util.py[DEBUG]: Writing to /var/lib/cloud/instances/iid-datasource-none/sem/config_scripts_vendor - wb: [644] 25 bytes
2025-11-19 13:06:28,464 - helpers.py[DEBUG]: Running config-scripts_vendor using lock (<FileLock using file '/var/lib/cloud/instances/iid-datasource-none/sem/config_scripts_vendor'>)
2025-11-19 13:06:28,464 - handlers.py[DEBUG]: finish: modules-final/config-scripts_vendor: SUCCESS: config-scripts_vendor ran successfully and took 0.000 seconds
2025-11-19 13:06:28,464 - modules.py[DEBUG]: Running module scripts_per_once (<module 'cloudinit.config.cc_scripts_per_once' from '/usr/lib/python3/dist-packages/cloudinit/config/cc_scripts_per_once.py'>) with frequency once
2025-11-19 13:06:28,464 - handlers.py[DEBUG]: start: modules-final/config-scripts_per_once: running config-scripts_per_once with frequency once
2025-11-19 13:06:28,464 - util.py[DEBUG]: Writing to /var/lib/cloud/sem/config_scripts_per_once.once - wb: [644] 24 bytes
2025-11-19 13:06:28,464 - helpers.py[DEBUG]: Running config-scripts_per_once using lock (<FileLock using file '/var/lib/cloud/sem/config_scripts_per_once.once'>)
2025-11-19 13:06:28,464 - handlers.py[DEBUG]: finish: modules-final/config-scripts_per_once: SUCCESS: config-scripts_per_once ran successfully and took 0.000 seconds
2025-11-19 13:06:28,465 - modules.py[DEBUG]: Running module scripts_per_boot (<module 'cloudinit.config.cc_scripts_per_boot' from '/usr/lib/python3/dist-packages/cloudinit/config/cc_scripts_per_boot.py'>) with frequency always
2025-11-19 13:06:28,465 - handlers.py[DEBUG]: start: modules-final/config-scripts_per_boot: running config-scripts_per_boot with frequency always
2025-11-19 13:06:28,465 - helpers.py[DEBUG]: Running config-scripts_per_boot using lock (<cloudinit.helpers.DummyLock object at 0x74115ab7cfe0>)
2025-11-19 13:06:28,465 - handlers.py[DEBUG]: finish: modules-final/config-scripts_per_boot: SUCCESS: config-scripts_per_boot ran successfully and took 0.000 seconds
2025-11-19 13:06:28,465 - modules.py[DEBUG]: Running module scripts_per_instance (<module 'cloudinit.config.cc_scripts_per_instance' from '/usr/lib/python3/dist-packages/cloudinit/config/cc_scripts_per_instance.py'>) with frequency once-per-instance
2025-11-19 13:06:28,465 - handlers.py[DEBUG]: start: modules-final/config-scripts_per_instance: running config-scripts_per_instance with frequency once-per-instance
2025-11-19 13:06:28,465 - util.py[DEBUG]: Writing to /var/lib/cloud/instances/iid-datasource-none/sem/config_scripts_per_instance - wb: [644] 25 bytes
2025-11-19 13:06:28,465 - helpers.py[DEBUG]: Running config-scripts_per_instance using lock (<FileLock using file '/var/lib/cloud/instances/iid-datasource-none/sem/config_scripts_per_instance'>)
2025-11-19 13:06:28,466 - handlers.py[DEBUG]: finish: modules-final/config-scripts_per_instance: SUCCESS: config-scripts_per_instance ran successfully and took 0.001 seconds
2025-11-19 13:06:28,466 - modules.py[DEBUG]: Running module scripts_user (<module 'cloudinit.config.cc_scripts_user' from '/usr/lib/python3/dist-packages/cloudinit/config/cc_scripts_user.py'>) with frequency once-per-instance
2025-11-19 13:06:28,466 - handlers.py[DEBUG]: start: modules-final/config-scripts_user: running config-scripts_user with frequency once-per-instance
2025-11-19 13:06:28,466 - util.py[DEBUG]: Writing to /var/lib/cloud/instances/iid-datasource-none/sem/config_scripts_user - wb: [644] 25 bytes
2025-11-19 13:06:28,467 - helpers.py[DEBUG]: Running config-scripts_user using lock (<FileLock using file '/var/lib/cloud/instances/iid-datasource-none/sem/config_scripts_user'>)
2025-11-19 13:06:28,467 - handlers.py[DEBUG]: finish: modules-final/config-scripts_user: SUCCESS: config-scripts_user ran successfully and took 0.000 seconds
2025-11-19 13:06:28,467 - modules.py[DEBUG]: Running module ssh_authkey_fingerprints (<module 'cloudinit.config.cc_ssh_authkey_fingerprints' from '/usr/lib/python3/dist-packages/cloudinit/config/cc_ssh_authkey_fingerprints.py'>) with frequency once-per-instance
2025-11-19 13:06:28,468 - handlers.py[DEBUG]: start: modules-final/config-ssh_authkey_fingerprints: running config-ssh_authkey_fingerprints with frequency once-per-instance
2025-11-19 13:06:28,468 - util.py[DEBUG]: Writing to /var/lib/cloud/instances/iid-datasource-none/sem/config_ssh_authkey_fingerprints - wb: [644] 25 bytes
2025-11-19 13:06:28,468 - helpers.py[DEBUG]: Running config-ssh_authkey_fingerprints using lock (<FileLock using file '/var/lib/cloud/instances/iid-datasource-none/sem/config_ssh_authkey_fingerprints'>)
2025-11-19 13:06:28,469 - util.py[DEBUG]: Changing the ownership of /home/mark/.ssh to 1000:1000
2025-11-19 13:06:28,469 - util.py[DEBUG]: Writing to /home/mark/.ssh/authorized_keys - wb: [600] 0 bytes
2025-11-19 13:06:28,469 - util.py[DEBUG]: Changing the ownership of /home/mark/.ssh/authorized_keys to 1000:1000
2025-11-19 13:06:28,469 - util.py[DEBUG]: Reading from /home/mark/.ssh/authorized_keys (quiet=False)
2025-11-19 13:06:28,469 - util.py[DEBUG]: Reading 0 bytes from /home/mark/.ssh/authorized_keys
2025-11-19 13:06:28,470 - handlers.py[DEBUG]: finish: modules-final/config-ssh_authkey_fingerprints: SUCCESS: config-ssh_authkey_fingerprints ran successfully and took 0.001 seconds
2025-11-19 13:06:28,470 - modules.py[DEBUG]: Running module keys_to_console (<module 'cloudinit.config.cc_keys_to_console' from '/usr/lib/python3/dist-packages/cloudinit/config/cc_keys_to_console.py'>) with frequency once-per-instance
2025-11-19 13:06:28,471 - handlers.py[DEBUG]: start: modules-final/config-keys_to_console: running config-keys_to_console with frequency once-per-instance
2025-11-19 13:06:28,471 - util.py[DEBUG]: Writing to /var/lib/cloud/instances/iid-datasource-none/sem/config_keys_to_console - wb: [644] 25 bytes
2025-11-19 13:06:28,471 - helpers.py[DEBUG]: Running config-keys_to_console using lock (<FileLock using file '/var/lib/cloud/instances/iid-datasource-none/sem/config_keys_to_console'>)
2025-11-19 13:06:28,471 - subp.py[DEBUG]: Running command ['/usr/lib/cloud-init/write-ssh-key-fingerprints', '', ''] with allowed return codes [0] (shell=False, capture=True)
2025-11-19 13:06:28,521 - performance.py[DEBUG]: Running ['/usr/lib/cloud-init/write-ssh-key-fingerprints', '', ''] took 0.050 seconds
2025-11-19 13:06:28,522 - handlers.py[DEBUG]: finish: modules-final/config-keys_to_console: SUCCESS: config-keys_to_console ran successfully and took 0.051 seconds
2025-11-19 13:06:28,522 - modules.py[DEBUG]: Running module install_hotplug (<module 'cloudinit.config.cc_install_hotplug' from '/usr/lib/python3/dist-packages/cloudinit/config/cc_install_hotplug.py'>) with frequency once-per-instance
2025-11-19 13:06:28,522 - handlers.py[DEBUG]: start: modules-final/config-install_hotplug: running config-install_hotplug with frequency once-per-instance
2025-11-19 13:06:28,522 - util.py[DEBUG]: Writing to /var/lib/cloud/instances/iid-datasource-none/sem/config_install_hotplug - wb: [644] 25 bytes
2025-11-19 13:06:28,522 - helpers.py[DEBUG]: Running config-install_hotplug using lock (<FileLock using file '/var/lib/cloud/instances/iid-datasource-none/sem/config_install_hotplug'>)
2025-11-19 13:06:28,523 - util.py[DEBUG]: Reading from /var/lib/cloud/hotplug.enabled (quiet=False)
2025-11-19 13:06:28,523 - util.py[DEBUG]: File not found: /var/lib/cloud/hotplug.enabled
2025-11-19 13:06:28,523 - stages.py[DEBUG]: Allowed events: {<EventScope.NETWORK: 'network'>: {<EventType.BOOT_NEW_INSTANCE: 'boot-new-instance'>}}
2025-11-19 13:06:28,523 - stages.py[DEBUG]: Event Denied: scopes=['network'] EventType=hotplug
2025-11-19 13:06:28,523 - cc_install_hotplug.py[DEBUG]: Skipping hotplug install, not enabled
2025-11-19 13:06:28,523 - handlers.py[DEBUG]: finish: modules-final/config-install_hotplug: SUCCESS: config-install_hotplug ran successfully and took 0.001 seconds
2025-11-19 13:06:28,523 - modules.py[DEBUG]: Running module final_message (<module 'cloudinit.config.cc_final_message' from '/usr/lib/python3/dist-packages/cloudinit/config/cc_final_message.py'>) with frequency always
2025-11-19 13:06:28,523 - handlers.py[DEBUG]: start: modules-final/config-final_message: running config-final_message with frequency always
2025-11-19 13:06:28,523 - helpers.py[DEBUG]: Running config-final_message using lock (<cloudinit.helpers.DummyLock object at 0x74115ab7cc50>)
2025-11-19 13:06:28,523 - util.py[DEBUG]: Reading from /proc/uptime (quiet=False)
2025-11-19 13:06:28,523 - util.py[DEBUG]: Reading 12 bytes from /proc/uptime
2025-11-19 13:06:28,527 - log_util.py[DEBUG]: Cloud-init v. 25.1.4-0ubuntu0~24.04.1 finished at Wed, 19 Nov 2025 13:06:28 +0000. Datasource DataSourceNone.  Up 32.46 seconds
2025-11-19 13:06:28,527 - util.py[DEBUG]: Writing to /var/lib/cloud/instance/boot-finished - wb: [644] 69 bytes
2025-11-19 13:06:28,529 - handlers.py[DEBUG]: finish: modules-final/config-final_message: SUCCESS: config-final_message ran successfully and took 0.006 seconds
2025-11-19 13:06:28,529 - main.py[DEBUG]: Ran 11 modules with 0 failures
2025-11-19 13:06:28,529 - util.py[DEBUG]: Reading from /proc/uptime (quiet=False)
2025-11-19 13:06:28,529 - util.py[DEBUG]: Reading 12 bytes from /proc/uptime
2025-11-19 13:06:28,529 - atomic_helper.py[DEBUG]: Atomically writing to file /var/lib/cloud/data/status.json (via temporary file /var/lib/cloud/data/tmpdmjengq2) - w: [644] 499 bytes/chars
2025-11-19 13:06:28,530 - atomic_helper.py[DEBUG]: Atomically writing to file /var/lib/cloud/data/result.json (via temporary file /var/lib/cloud/data/tmp715yobwv) - w: [644] 65 bytes/chars
2025-11-19 13:06:28,531 - util.py[DEBUG]: Creating symbolic link from '/run/cloud-init/result.json' => '../../var/lib/cloud/data/result.json'
2025-11-19 13:06:28,531 - performance.py[DEBUG]: cloud-init stage: 'modules-final' took 0.156 seconds
2025-11-19 13:06:28,531 - handlers.py[DEBUG]: finish: modules-final: SUCCESS: running modules for final
