2025-11-19 12:49:18,462 - log_util.py[DEBUG]: Cloud-init v. 25.1.4-0ubuntu0~24.04.1 running 'init-local' at Wed, 19 Nov 2025 12:49:18 +0000. Up 10.75 seconds.
2025-11-19 12:49:18,462 - main.py[INFO]: PID [1] started cloud-init 'init-local'.
2025-11-19 12:49:18,462 - main.py[DEBUG]: No kernel command line url found.
2025-11-19 12:49:18,462 - main.py[DEBUG]: Closing stdin
2025-11-19 12:49:18,464 - util.py[DEBUG]: Writing to /var/log/cloud-init.log - ab: [640] 0 bytes
2025-11-19 12:49:18,464 - util.py[DEBUG]: Changing the ownership of /var/log/cloud-init.log to 102:4
2025-11-19 12:49:18,464 - util.py[DEBUG]: Writing to /var/lib/cloud/data/python-version - wb: [644] 4 bytes
2025-11-19 12:49:18,464 - util.py[DEBUG]: Attempting to remove /var/lib/cloud/instance/boot-finished
2025-11-19 12:49:18,464 - handlers.py[DEBUG]: start: init-local/check-cache: attempting to read from cache [check]
2025-11-19 12:49:18,464 - util.py[DEBUG]: Reading from /var/lib/cloud/instance/obj.pkl (quiet=False)
2025-11-19 12:49:18,464 - stages.py[DEBUG]: no cache found
2025-11-19 12:49:18,465 - handlers.py[DEBUG]: finish: init-local/check-cache: SUCCESS: no cache found
2025-11-19 12:49:18,470 - stages.py[DEBUG]: Using distro class <class 'cloudinit.distros.ubuntu.Distro'>
2025-11-19 12:49:18,471 - sources[DEBUG]: Looking for data source in: ['NoCloud', 'None'], via packages ['', 'cloudinit.sources'] that matches dependencies ['FILESYSTEM']
2025-11-19 12:49:18,478 - sources[DEBUG]: Searching for local data source in: ['DataSourceNoCloud']
2025-11-19 12:49:18,478 - handlers.py[DEBUG]: start: init-local/search-NoCloud: searching for local data from DataSourceNoCloud
2025-11-19 12:49:18,478 - sources[DEBUG]: Seeing if we can get any data from <class 'cloudinit.sources.DataSourceNoCloud.DataSourceNoCloud'>
2025-11-19 12:49:18,478 - sources[DEBUG]: Update datasource metadata and network config due to events: boot-new-instance
2025-11-19 12:49:18,478 - sources[DEBUG]: Detected DataSourceNoCloud 
2025-11-19 12:49:18,479 - dmi.py[DEBUG]: querying dmi data /sys/class/dmi/id/product_serial
2025-11-19 12:49:18,479 - util.py[DEBUG]: Reading from /var/lib/cloud/seed/nocloud/user-data (quiet=False)
2025-11-19 12:49:18,479 - util.py[DEBUG]: Reading 0 bytes from /var/lib/cloud/seed/nocloud/user-data
2025-11-19 12:49:18,479 - util.py[DEBUG]: Reading from /var/lib/cloud/seed/nocloud/meta-data (quiet=False)
2025-11-19 12:49:18,479 - util.py[DEBUG]: Reading 0 bytes from /var/lib/cloud/seed/nocloud/meta-data
2025-11-19 12:49:18,479 - util.py[DEBUG]: Reading from /var/lib/cloud/seed/nocloud/vendor-data (quiet=False)
2025-11-19 12:49:18,479 - util.py[DEBUG]: Reading from /var/lib/cloud/seed/nocloud/network-config (quiet=False)
2025-11-19 12:49:18,479 - DataSourceNoCloud.py[DEBUG]: Using seeded data from /var/lib/cloud/seed/nocloud
2025-11-19 12:49:18,479 - util.py[DEBUG]: Attempting to load yaml from string of length 0 with allowed root types (<class 'dict'>,)
2025-11-19 12:49:18,479 - util.py[DEBUG]: loaded blob returned None, returning default.
2025-11-19 12:49:18,479 - subp.py[DEBUG]: Running command ['blkid', '-tTYPE=vfat', '-odevice'] with allowed return codes [0, 2] (shell=False, capture=True)
2025-11-19 12:49:18,593 - performance.py[DEBUG]: Running ['blkid', '-tTYPE=vfat', '-odevice'] took 0.114 seconds
2025-11-19 12:49:18,593 - subp.py[DEBUG]: Running command ['blkid', '-tTYPE=iso9660', '-odevice'] with allowed return codes [0, 2] (shell=False, capture=True)
2025-11-19 12:49:18,604 - performance.py[DEBUG]: Running ['blkid', '-tTYPE=iso9660', '-odevice'] took 0.011 seconds
2025-11-19 12:49:18,604 - subp.py[DEBUG]: Running command ['blkid', '-tLABEL=CIDATA', '-odevice'] with allowed return codes [0, 2] (shell=False, capture=True)
2025-11-19 12:49:18,617 - performance.py[DEBUG]: Running ['blkid', '-tLABEL=CIDATA', '-odevice'] took 0.013 seconds
2025-11-19 12:49:18,618 - subp.py[DEBUG]: Running command ['blkid', '-tLABEL=cidata', '-odevice'] with allowed return codes [0, 2] (shell=False, capture=True)
2025-11-19 12:49:18,632 - performance.py[DEBUG]: Running ['blkid', '-tLABEL=cidata', '-odevice'] took 0.014 seconds
2025-11-19 12:49:18,632 - subp.py[DEBUG]: Running command ['blkid', '-tLABEL_FATBOOT=cidata', '-odevice'] with allowed return codes [0, 2] (shell=False, capture=True)
2025-11-19 12:49:18,643 - performance.py[DEBUG]: Running ['blkid', '-tLABEL_FATBOOT=cidata', '-odevice'] took 0.011 seconds
2025-11-19 12:49:18,643 - util.py[DEBUG]: Reading from /etc/hosts (quiet=False)
2025-11-19 12:49:18,643 - util.py[DEBUG]: Reading 243 bytes from /etc/hosts
2025-11-19 12:49:18,644 - util.py[DEBUG]: Writing to /run/cloud-init/cloud-id-nocloud - wb: [644] 8 bytes
2025-11-19 12:49:18,644 - util.py[DEBUG]: Creating symbolic link from '/run/cloud-init/cloud-id' => '/run/cloud-init/cloud-id-nocloud'
2025-11-19 12:49:18,644 - atomic_helper.py[DEBUG]: Atomically writing to file /run/cloud-init/instance-data-sensitive.json (via temporary file /run/cloud-init/tmpxsku7iwt) - w: [600] 7440 bytes/chars
2025-11-19 12:49:18,644 - atomic_helper.py[DEBUG]: Atomically writing to file /run/cloud-init/instance-data.json (via temporary file /run/cloud-init/tmp6yzlh3xi) - w: [644] 1507 bytes/chars
2025-11-19 12:49:18,644 - performance.py[DEBUG]: Getting metadata took 0.166 seconds
2025-11-19 12:49:18,644 - handlers.py[DEBUG]: finish: init-local/search-NoCloud: SUCCESS: found local data from DataSourceNoCloud
2025-11-19 12:49:18,645 - util.py[DEBUG]: Attempting to remove /var/lib/cloud/instance
2025-11-19 12:49:18,645 - stages.py[INFO]: Loaded datasource DataSourceNoCloud - DataSourceNoCloud [seed=/var/lib/cloud/seed/nocloud]
2025-11-19 12:49:18,645 - util.py[DEBUG]: Reading from /etc/cloud/cloud.cfg (quiet=False)
2025-11-19 12:49:18,645 - util.py[DEBUG]: Reading 3487 bytes from /etc/cloud/cloud.cfg
2025-11-19 12:49:18,645 - util.py[DEBUG]: Attempting to load yaml from string of length 3487 with allowed root types (<class 'dict'>,)
2025-11-19 12:49:18,648 - util.py[DEBUG]: Reading from /etc/cloud/cloud.cfg.d/90_dpkg.cfg (quiet=False)
2025-11-19 12:49:18,648 - util.py[DEBUG]: Reading 343 bytes from /etc/cloud/cloud.cfg.d/90_dpkg.cfg
2025-11-19 12:49:18,648 - util.py[DEBUG]: Attempting to load yaml from string of length 343 with allowed root types (<class 'dict'>,)
2025-11-19 12:49:18,649 - util.py[DEBUG]: Reading from /etc/cloud/cloud.cfg.d/06_quiet.cfg (quiet=False)
2025-11-19 12:49:18,649 - util.py[DEBUG]: Reading 112 bytes from /etc/cloud/cloud.cfg.d/06_quiet.cfg
2025-11-19 12:49:18,649 - util.py[DEBUG]: Attempting to load yaml from string of length 112 with allowed root types (<class 'dict'>,)
2025-11-19 12:49:18,649 - util.py[DEBUG]: Reading from /etc/cloud/cloud.cfg.d/05_logging.cfg (quiet=False)
2025-11-19 12:49:18,649 - util.py[DEBUG]: Reading 2071 bytes from /etc/cloud/cloud.cfg.d/05_logging.cfg
2025-11-19 12:49:18,649 - util.py[DEBUG]: Attempting to load yaml from string of length 2071 with allowed root types (<class 'dict'>,)
2025-11-19 12:49:18,650 - util.py[DEBUG]: Reading from /run/cloud-init/cloud.cfg (quiet=False)
2025-11-19 12:49:18,650 - util.py[DEBUG]: Reading 35 bytes from /run/cloud-init/cloud.cfg
2025-11-19 12:49:18,650 - util.py[DEBUG]: Attempting to load yaml from string of length 35 with allowed root types (<class 'dict'>,)
2025-11-19 12:49:18,650 - util.py[DEBUG]: Attempting to load yaml from string of length 0 with allowed root types (<class 'dict'>,)
2025-11-19 12:49:18,650 - util.py[DEBUG]: loaded blob returned None, returning default.
2025-11-19 12:49:18,651 - util.py[DEBUG]: Attempting to remove /var/lib/cloud/instance
2025-11-19 12:49:18,651 - util.py[DEBUG]: Creating symbolic link from '/var/lib/cloud/instance' => '/var/lib/cloud/instances/nocloud'
2025-11-19 12:49:18,651 - util.py[DEBUG]: Reading from /var/lib/cloud/instances/nocloud/datasource (quiet=False)
2025-11-19 12:49:18,651 - util.py[DEBUG]: Writing to /var/lib/cloud/instances/nocloud/datasource - wb: [644] 72 bytes
2025-11-19 12:49:18,651 - util.py[DEBUG]: Writing to /var/lib/cloud/data/previous-datasource - wb: [644] 72 bytes
2025-11-19 12:49:18,651 - util.py[DEBUG]: Reading from /var/lib/cloud/data/instance-id (quiet=False)
2025-11-19 12:49:18,651 - stages.py[DEBUG]: previous iid found to be NO_PREVIOUS_INSTANCE_ID
2025-11-19 12:49:18,651 - util.py[DEBUG]: Writing to /var/lib/cloud/data/instance-id - wb: [644] 8 bytes
2025-11-19 12:49:18,652 - util.py[DEBUG]: Writing to /run/cloud-init/.instance-id - wb: [644] 8 bytes
2025-11-19 12:49:18,652 - util.py[DEBUG]: Writing to /var/lib/cloud/data/previous-instance-id - wb: [644] 24 bytes
2025-11-19 12:49:18,652 - util.py[DEBUG]: Writing to /var/lib/cloud/instance/obj.pkl - wb: [400] 6350 bytes
2025-11-19 12:49:18,652 - main.py[DEBUG]: [local] init will now be targeting instance id: nocloud. new=True
2025-11-19 12:49:18,652 - util.py[DEBUG]: Reading from /etc/cloud/cloud.cfg (quiet=False)
2025-11-19 12:49:18,652 - util.py[DEBUG]: Reading 3487 bytes from /etc/cloud/cloud.cfg
2025-11-19 12:49:18,653 - util.py[DEBUG]: Attempting to load yaml from string of length 3487 with allowed root types (<class 'dict'>,)
2025-11-19 12:49:18,656 - util.py[DEBUG]: Reading from /etc/cloud/cloud.cfg.d/90_dpkg.cfg (quiet=False)
2025-11-19 12:49:18,656 - util.py[DEBUG]: Reading 343 bytes from /etc/cloud/cloud.cfg.d/90_dpkg.cfg
2025-11-19 12:49:18,656 - util.py[DEBUG]: Attempting to load yaml from string of length 343 with allowed root types (<class 'dict'>,)
2025-11-19 12:49:18,657 - util.py[DEBUG]: Reading from /etc/cloud/cloud.cfg.d/06_quiet.cfg (quiet=False)
2025-11-19 12:49:18,657 - util.py[DEBUG]: Reading 112 bytes from /etc/cloud/cloud.cfg.d/06_quiet.cfg
2025-11-19 12:49:18,657 - util.py[DEBUG]: Attempting to load yaml from string of length 112 with allowed root types (<class 'dict'>,)
2025-11-19 12:49:18,657 - util.py[DEBUG]: Reading from /etc/cloud/cloud.cfg.d/05_logging.cfg (quiet=False)
2025-11-19 12:49:18,657 - util.py[DEBUG]: Reading 2071 bytes from /etc/cloud/cloud.cfg.d/05_logging.cfg
2025-11-19 12:49:18,657 - util.py[DEBUG]: Attempting to load yaml from string of length 2071 with allowed root types (<class 'dict'>,)
2025-11-19 12:49:18,658 - util.py[DEBUG]: Reading from /run/cloud-init/cloud.cfg (quiet=False)
2025-11-19 12:49:18,658 - util.py[DEBUG]: Reading 35 bytes from /run/cloud-init/cloud.cfg
2025-11-19 12:49:18,658 - util.py[DEBUG]: Attempting to load yaml from string of length 35 with allowed root types (<class 'dict'>,)
2025-11-19 12:49:18,658 - util.py[DEBUG]: Attempting to load yaml from string of length 0 with allowed root types (<class 'dict'>,)
2025-11-19 12:49:18,658 - util.py[DEBUG]: loaded blob returned None, returning default.
2025-11-19 12:49:18,659 - stages.py[DEBUG]: Using distro class <class 'cloudinit.distros.ubuntu.Distro'>
2025-11-19 12:49:18,659 - util.py[DEBUG]: Reading from /sys/class/net/lo/address (quiet=False)
2025-11-19 12:49:18,659 - util.py[DEBUG]: Reading 18 bytes from /sys/class/net/lo/address
2025-11-19 12:49:18,659 - util.py[DEBUG]: Reading from /sys/class/net/enp0s3/address (quiet=False)
2025-11-19 12:49:18,659 - util.py[DEBUG]: Reading 18 bytes from /sys/class/net/enp0s3/address
2025-11-19 12:49:18,659 - util.py[DEBUG]: Reading from /sys/class/net/lo/address (quiet=False)
2025-11-19 12:49:18,659 - util.py[DEBUG]: Reading 18 bytes from /sys/class/net/lo/address
2025-11-19 12:49:18,659 - util.py[DEBUG]: Reading from /sys/class/net/enp0s3/address (quiet=False)
2025-11-19 12:49:18,659 - util.py[DEBUG]: Reading 18 bytes from /sys/class/net/enp0s3/address
2025-11-19 12:49:18,660 - atomic_helper.py[DEBUG]: Atomically writing to file /var/lib/cloud/instance/network-config.json (via temporary file /var/lib/cloud/instance/tmp4ako_0vm) - w: [600] 193 bytes/chars
2025-11-19 12:49:18,660 - util.py[DEBUG]: Creating symbolic link from '/run/cloud-init/network-config.json' => '/var/lib/cloud/instance/network-config.json'
2025-11-19 12:49:18,660 - util.py[DEBUG]: Reading from /usr/lib/python3/dist-packages/cloudinit/config/schemas/schema-network-config-v2.json (quiet=False)
2025-11-19 12:49:18,662 - util.py[DEBUG]: Reading 17906 bytes from /usr/lib/python3/dist-packages/cloudinit/config/schemas/schema-network-config-v2.json
2025-11-19 12:49:18,662 - schema.py[DEBUG]: Validating network-config with netplan API
2025-11-19 12:49:18,663 - util.py[DEBUG]: Writing to /run/cloud-init/tmp/tmps6ak7sra/etc/netplan/network-config.yaml - wb: [600] 225 bytes
2025-11-19 12:49:18,663 - util.py[DEBUG]: Reading from /sys/class/net/lo/addr_assign_type (quiet=False)
2025-11-19 12:49:18,663 - util.py[DEBUG]: Reading 2 bytes from /sys/class/net/lo/addr_assign_type
2025-11-19 12:49:18,663 - util.py[DEBUG]: Reading from /sys/class/net/lo/uevent (quiet=False)
2025-11-19 12:49:18,663 - util.py[DEBUG]: Reading 23 bytes from /sys/class/net/lo/uevent
2025-11-19 12:49:18,664 - util.py[DEBUG]: Reading from /sys/class/net/lo/address (quiet=False)
2025-11-19 12:49:18,664 - util.py[DEBUG]: Reading 18 bytes from /sys/class/net/lo/address
2025-11-19 12:49:18,664 - net[DEBUG]: ovs-vsctl not in PATH; not detecting Open vSwitch interfaces
2025-11-19 12:49:18,664 - util.py[DEBUG]: Reading from /sys/class/net/lo/device/device (quiet=False)
2025-11-19 12:49:18,664 - util.py[DEBUG]: Reading from /sys/class/net/enp0s3/addr_assign_type (quiet=False)
2025-11-19 12:49:18,664 - util.py[DEBUG]: Reading 2 bytes from /sys/class/net/enp0s3/addr_assign_type
2025-11-19 12:49:18,665 - util.py[DEBUG]: Reading from /sys/class/net/enp0s3/uevent (quiet=False)
2025-11-19 12:49:18,665 - util.py[DEBUG]: Reading 27 bytes from /sys/class/net/enp0s3/uevent
2025-11-19 12:49:18,665 - util.py[DEBUG]: Reading from /sys/class/net/enp0s3/address (quiet=False)
2025-11-19 12:49:18,665 - util.py[DEBUG]: Reading 18 bytes from /sys/class/net/enp0s3/address
2025-11-19 12:49:18,665 - util.py[DEBUG]: Reading from /sys/class/net/enp0s3/device/device (quiet=False)
2025-11-19 12:49:18,665 - util.py[DEBUG]: Reading 7 bytes from /sys/class/net/enp0s3/device/device
2025-11-19 12:49:18,665 - util.py[DEBUG]: Reading from /sys/class/net/lo/type (quiet=False)
2025-11-19 12:49:18,665 - util.py[DEBUG]: Reading 4 bytes from /sys/class/net/lo/type
2025-11-19 12:49:18,665 - util.py[DEBUG]: Reading from /sys/class/net/enp0s3/type (quiet=False)
2025-11-19 12:49:18,665 - util.py[DEBUG]: Reading 2 bytes from /sys/class/net/enp0s3/type
2025-11-19 12:49:18,665 - networking.py[DEBUG]: net: all expected physical devices present
2025-11-19 12:49:18,665 - stages.py[DEBUG]: applying net config names for {'version': 2, 'ethernets': {'zz-all-en': {'match': {'name': 'en*'}, 'dhcp4': True}, 'zz-all-eth': {'match': {'name': 'eth*'}, 'dhcp4': True}}}
2025-11-19 12:49:18,665 - net[DEBUG]: no interfaces to rename
2025-11-19 12:49:18,665 - stages.py[INFO]: Applying network configuration from system_cfg bringup=False: {'version': 2, 'ethernets': {'zz-all-en': {'match': {'name': 'en*'}, 'dhcp4': True}, 'zz-all-eth': {'match': {'name': 'eth*'}, 'dhcp4': True}}}
2025-11-19 12:49:18,665 - util.py[DEBUG]: Writing to /run/cloud-init/sem/apply_network_config.once - wb: [644] 24 bytes
2025-11-19 12:49:18,667 - distros[DEBUG]: Selected renderer 'netplan' from priority list: None
2025-11-19 12:49:18,667 - network_state.py[DEBUG]: Passthrough netplan v2 config
2025-11-19 12:49:18,668 - netplan.py[DEBUG]: V2 to V2 passthrough
2025-11-19 12:49:18,669 - netplan.py[DEBUG]: Rendered netplan config using netplan python API
2025-11-19 12:49:18,669 - subp.py[DEBUG]: Running command ['netplan', 'generate'] with allowed return codes [0] (shell=False, capture=True)
2025-11-19 12:49:20,897 - performance.py[DEBUG]: Running ['netplan', 'generate'] took 2.228 seconds
2025-11-19 12:49:20,897 - subp.py[DEBUG]: Running command ['udevadm', 'test-builtin', 'net_setup_link', '/sys/class/net/lo'] with allowed return codes [0] (shell=False, capture=True)
2025-11-19 12:49:20,922 - performance.py[DEBUG]: Running ['udevadm', 'test-builtin', 'net_setup_link', '/sys/class/net/lo'] took 0.024 seconds
2025-11-19 12:49:20,922 - subp.py[DEBUG]: Running command ['udevadm', 'test-builtin', 'net_setup_link', '/sys/class/net/enp0s3'] with allowed return codes [0] (shell=False, capture=True)
2025-11-19 12:49:20,931 - distros[DEBUG]: Not bringing up newly configured network interfaces
2025-11-19 12:49:20,931 - main.py[DEBUG]: [local] Exiting. datasource DataSourceNoCloud [seed=/var/lib/cloud/seed/nocloud] not in local mode.
2025-11-19 12:49:20,931 - util.py[DEBUG]: Reading from /proc/uptime (quiet=False)
2025-11-19 12:49:20,931 - util.py[DEBUG]: Reading 11 bytes from /proc/uptime
2025-11-19 12:49:20,931 - atomic_helper.py[DEBUG]: Atomically writing to file /var/lib/cloud/data/status.json (via temporary file /var/lib/cloud/data/tmpl9tgqdqz) - w: [644] 535 bytes/chars
2025-11-19 12:49:20,931 - performance.py[DEBUG]: cloud-init stage: 'init-local' took 2.500 seconds
2025-11-19 12:49:20,931 - handlers.py[DEBUG]: finish: init-local: SUCCESS: searching for local datasources
2025-11-19 12:49:29,714 - log_util.py[DEBUG]: Cloud-init v. 25.1.4-0ubuntu0~24.04.1 running 'init' at Wed, 19 Nov 2025 12:49:29 +0000. Up 22.00 seconds.
2025-11-19 12:49:29,714 - main.py[INFO]: PID [1] started cloud-init 'init'.
2025-11-19 12:49:29,714 - main.py[DEBUG]: No kernel command line url found.
2025-11-19 12:49:29,714 - main.py[DEBUG]: Closing stdin
2025-11-19 12:49:29,715 - util.py[DEBUG]: Writing to /var/log/cloud-init.log - ab: [640] 0 bytes
2025-11-19 12:49:29,715 - util.py[DEBUG]: Changing the ownership of /var/log/cloud-init.log to 102:4
2025-11-19 12:49:29,715 - util.py[DEBUG]: Reading from /var/lib/cloud/data/python-version (quiet=False)
2025-11-19 12:49:29,716 - util.py[DEBUG]: Reading 4 bytes from /var/lib/cloud/data/python-version
2025-11-19 12:49:29,717 - subp.py[DEBUG]: Running command ['ip', '--json', 'addr'] with allowed return codes [0] (shell=False, capture=True)
2025-11-19 12:49:29,754 - performance.py[DEBUG]: Running ['ip', '--json', 'addr'] took 0.037 seconds
2025-11-19 12:49:29,755 - subp.py[DEBUG]: Running command ['ip', '-o', 'route', 'list'] with allowed return codes [0] (shell=False, capture=True)
2025-11-19 12:49:29,760 - subp.py[DEBUG]: Running command ['ip', '--oneline', '-6', 'route', 'list', 'table', 'all'] with allowed return codes [0, 1] (shell=False, capture=True)
2025-11-19 12:49:29,766 - handlers.py[DEBUG]: start: init-network/check-cache: attempting to read from cache [trust]
2025-11-19 12:49:29,766 - util.py[DEBUG]: Reading from /var/lib/cloud/instance/obj.pkl (quiet=False)
2025-11-19 12:49:29,766 - util.py[DEBUG]: Reading 6350 bytes from /var/lib/cloud/instance/obj.pkl
2025-11-19 12:49:29,776 - util.py[DEBUG]: Reading from /run/cloud-init/.instance-id (quiet=False)
2025-11-19 12:49:29,776 - util.py[DEBUG]: Reading 8 bytes from /run/cloud-init/.instance-id
2025-11-19 12:49:29,776 - stages.py[DEBUG]: restored from cache with run check: DataSourceNoCloud [seed=/var/lib/cloud/seed/nocloud]
2025-11-19 12:49:29,776 - handlers.py[DEBUG]: finish: init-network/check-cache: SUCCESS: restored from cache with run check: DataSourceNoCloud [seed=/var/lib/cloud/seed/nocloud]
2025-11-19 12:49:29,776 - util.py[DEBUG]: Reading from /etc/cloud/cloud.cfg (quiet=False)
2025-11-19 12:49:29,776 - util.py[DEBUG]: Reading 3487 bytes from /etc/cloud/cloud.cfg
2025-11-19 12:49:29,776 - util.py[DEBUG]: Attempting to load yaml from string of length 3487 with allowed root types (<class 'dict'>,)
2025-11-19 12:49:29,780 - util.py[DEBUG]: Reading from /etc/cloud/cloud.cfg.d/90_dpkg.cfg (quiet=False)
2025-11-19 12:49:29,780 - util.py[DEBUG]: Reading 343 bytes from /etc/cloud/cloud.cfg.d/90_dpkg.cfg
2025-11-19 12:49:29,780 - util.py[DEBUG]: Attempting to load yaml from string of length 343 with allowed root types (<class 'dict'>,)
2025-11-19 12:49:29,781 - util.py[DEBUG]: Reading from /etc/cloud/cloud.cfg.d/06_quiet.cfg (quiet=False)
2025-11-19 12:49:29,781 - util.py[DEBUG]: Reading 112 bytes from /etc/cloud/cloud.cfg.d/06_quiet.cfg
2025-11-19 12:49:29,781 - util.py[DEBUG]: Attempting to load yaml from string of length 112 with allowed root types (<class 'dict'>,)
2025-11-19 12:49:29,781 - util.py[DEBUG]: Reading from /etc/cloud/cloud.cfg.d/05_logging.cfg (quiet=False)
2025-11-19 12:49:29,781 - util.py[DEBUG]: Reading 2071 bytes from /etc/cloud/cloud.cfg.d/05_logging.cfg
2025-11-19 12:49:29,781 - util.py[DEBUG]: Attempting to load yaml from string of length 2071 with allowed root types (<class 'dict'>,)
2025-11-19 12:49:29,784 - util.py[DEBUG]: Reading from /run/cloud-init/cloud.cfg (quiet=False)
2025-11-19 12:49:29,784 - util.py[DEBUG]: Reading 35 bytes from /run/cloud-init/cloud.cfg
2025-11-19 12:49:29,784 - util.py[DEBUG]: Attempting to load yaml from string of length 35 with allowed root types (<class 'dict'>,)
2025-11-19 12:49:29,784 - util.py[DEBUG]: Attempting to load yaml from string of length 0 with allowed root types (<class 'dict'>,)
2025-11-19 12:49:29,784 - util.py[DEBUG]: loaded blob returned None, returning default.
2025-11-19 12:49:29,784 - stages.py[INFO]: Instance link already exists, not recreating it.
2025-11-19 12:49:29,784 - util.py[DEBUG]: Reading from /var/lib/cloud/instances/nocloud/datasource (quiet=False)
2025-11-19 12:49:29,784 - util.py[DEBUG]: Reading 72 bytes from /var/lib/cloud/instances/nocloud/datasource
2025-11-19 12:49:29,784 - util.py[DEBUG]: Writing to /var/lib/cloud/instances/nocloud/datasource - wb: [644] 72 bytes
2025-11-19 12:49:29,785 - util.py[DEBUG]: Writing to /var/lib/cloud/data/previous-datasource - wb: [644] 72 bytes
2025-11-19 12:49:29,785 - util.py[DEBUG]: Reading from /var/lib/cloud/data/instance-id (quiet=False)
2025-11-19 12:49:29,785 - util.py[DEBUG]: Reading 8 bytes from /var/lib/cloud/data/instance-id
2025-11-19 12:49:29,785 - stages.py[DEBUG]: previous iid found to be nocloud
2025-11-19 12:49:29,785 - util.py[DEBUG]: Writing to /var/lib/cloud/data/instance-id - wb: [644] 8 bytes
2025-11-19 12:49:29,785 - util.py[DEBUG]: Writing to /run/cloud-init/.instance-id - wb: [644] 8 bytes
2025-11-19 12:49:29,785 - util.py[DEBUG]: Writing to /var/lib/cloud/data/previous-instance-id - wb: [644] 8 bytes
2025-11-19 12:49:29,785 - util.py[DEBUG]: Writing to /var/lib/cloud/instance/obj.pkl - wb: [400] 6371 bytes
2025-11-19 12:49:29,785 - stages.py[INFO]: Not re-loading configuration, instance id and datasource have not changed.
2025-11-19 12:49:29,785 - main.py[DEBUG]: [net] init will now be targeting instance id: nocloud. new=False
2025-11-19 12:49:29,786 - util.py[DEBUG]: Reading from /sys/class/net/lo/address (quiet=False)
2025-11-19 12:49:29,786 - util.py[DEBUG]: Reading 18 bytes from /sys/class/net/lo/address
2025-11-19 12:49:29,786 - util.py[DEBUG]: Reading from /sys/class/net/enp0s3/address (quiet=False)
2025-11-19 12:49:29,786 - util.py[DEBUG]: Reading 18 bytes from /sys/class/net/enp0s3/address
2025-11-19 12:49:29,786 - util.py[DEBUG]: Reading from /var/lib/cloud/hotplug.enabled (quiet=False)
2025-11-19 12:49:29,786 - util.py[DEBUG]: File not found: /var/lib/cloud/hotplug.enabled
2025-11-19 12:49:29,786 - stages.py[DEBUG]: Allowed events: {<EventScope.NETWORK: 'network'>: {<EventType.BOOT_NEW_INSTANCE: 'boot-new-instance'>}}
2025-11-19 12:49:29,786 - stages.py[DEBUG]: Event Denied: scopes=['network'] EventType=boot-legacy
2025-11-19 12:49:29,787 - stages.py[DEBUG]: No network config applied. Neither a new instance nor datasource network update allowed
2025-11-19 12:49:29,787 - stages.py[DEBUG]: applying net config names for {'version': 2, 'ethernets': {'zz-all-en': {'match': {'name': 'en*'}, 'dhcp4': True}, 'zz-all-eth': {'match': {'name': 'eth*'}, 'dhcp4': True}}}
2025-11-19 12:49:29,787 - stages.py[DEBUG]: Using distro class <class 'cloudinit.distros.ubuntu.Distro'>
2025-11-19 12:49:29,788 - net[DEBUG]: no interfaces to rename
2025-11-19 12:49:29,788 - handlers.py[DEBUG]: start: init-network/setup-datasource: setting up datasource
2025-11-19 12:49:29,788 - handlers.py[DEBUG]: finish: init-network/setup-datasource: SUCCESS: setting up datasource
2025-11-19 12:49:29,788 - util.py[DEBUG]: Writing to /var/lib/cloud/instances/nocloud/user-data.txt - wb: [600] 0 bytes
2025-11-19 12:49:29,789 - util.py[DEBUG]: Writing to /var/lib/cloud/instances/nocloud/user-data.txt.i - wb: [600] 308 bytes
2025-11-19 12:49:29,789 - util.py[DEBUG]: Writing to /var/lib/cloud/instances/nocloud/vendor-data.txt - wb: [600] 0 bytes
2025-11-19 12:49:29,789 - util.py[DEBUG]: Writing to /var/lib/cloud/instances/nocloud/vendor-data.txt.i - wb: [600] 308 bytes
2025-11-19 12:49:29,790 - util.py[DEBUG]: Writing to /var/lib/cloud/instances/nocloud/vendor-data2.txt - wb: [600] 0 bytes
2025-11-19 12:49:29,790 - util.py[DEBUG]: Writing to /var/lib/cloud/instances/nocloud/vendor-data2.txt.i - wb: [600] 308 bytes
2025-11-19 12:49:29,790 - util.py[DEBUG]: Writing to /var/lib/cloud/instances/nocloud/sem/consume_data - wb: [644] 24 bytes
2025-11-19 12:49:29,790 - helpers.py[DEBUG]: Running consume_data using lock (<FileLock using file '/var/lib/cloud/instances/nocloud/sem/consume_data'>)
2025-11-19 12:49:29,791 - handlers.py[DEBUG]: start: init-network/consume-user-data: reading and applying user-data
2025-11-19 12:49:29,791 - stages.py[DEBUG]: Added default handler for {'text/cloud-config', 'text/cloud-config-jsonp'} from CloudConfigPartHandler: [['text/cloud-config', 'text/cloud-config-jsonp']]
2025-11-19 12:49:29,791 - stages.py[DEBUG]: Added default handler for {'text/x-shellscript'} from ShellScriptPartHandler: [['text/x-shellscript']]
2025-11-19 12:49:29,791 - stages.py[DEBUG]: Added default handler for {'text/x-shellscript-per-boot'} from ShellScriptByFreqPartHandler: [['text/x-shellscript-per-boot']]
2025-11-19 12:49:29,791 - stages.py[DEBUG]: Added default handler for {'text/x-shellscript-per-instance'} from ShellScriptByFreqPartHandler: [['text/x-shellscript-per-instance']]
2025-11-19 12:49:29,791 - stages.py[DEBUG]: Added default handler for {'text/x-shellscript-per-once'} from ShellScriptByFreqPartHandler: [['text/x-shellscript-per-once']]
2025-11-19 12:49:29,791 - stages.py[DEBUG]: Added default handler for {'text/cloud-boothook'} from BootHookPartHandler: [['text/cloud-boothook']]
2025-11-19 12:49:29,791 - stages.py[DEBUG]: Added default handler for {'text/jinja2'} from JinjaTemplatePartHandler: [['text/jinja2']]
2025-11-19 12:49:29,791 - handlers[DEBUG]: Calling handler CloudConfigPartHandler: [['text/cloud-config', 'text/cloud-config-jsonp']] (__begin__, None, 3) with frequency once-per-instance
2025-11-19 12:49:29,791 - handlers[DEBUG]: Calling handler ShellScriptPartHandler: [['text/x-shellscript']] (__begin__, None, 2) with frequency once-per-instance
2025-11-19 12:49:29,791 - handlers[DEBUG]: Calling handler ShellScriptByFreqPartHandler: [['text/x-shellscript-per-boot']] (__begin__, None, 2) with frequency once-per-instance
2025-11-19 12:49:29,791 - handlers[DEBUG]: Calling handler ShellScriptByFreqPartHandler: [['text/x-shellscript-per-instance']] (__begin__, None, 2) with frequency once-per-instance
2025-11-19 12:49:29,791 - handlers[DEBUG]: Calling handler ShellScriptByFreqPartHandler: [['text/x-shellscript-per-once']] (__begin__, None, 2) with frequency once-per-instance
2025-11-19 12:49:29,791 - handlers[DEBUG]: Calling handler BootHookPartHandler: [['text/cloud-boothook']] (__begin__, None, 2) with frequency once-per-instance
2025-11-19 12:49:29,791 - handlers[DEBUG]: Calling handler JinjaTemplatePartHandler: [['text/jinja2']] (__begin__, None, 3) with frequency once-per-instance
2025-11-19 12:49:29,791 - handlers[DEBUG]: {'MIME-Version': '1.0', 'Content-Type': 'text/x-not-multipart', 'Content-Disposition': 'attachment; filename="part-001"'}
2025-11-19 12:49:29,791 - handlers[DEBUG]: Empty payload of type text/x-not-multipart
2025-11-19 12:49:29,791 - handlers[DEBUG]: Calling handler CloudConfigPartHandler: [['text/cloud-config', 'text/cloud-config-jsonp']] (__end__, None, 3) with frequency once-per-instance
2025-11-19 12:49:29,791 - util.py[DEBUG]: Writing to /var/lib/cloud/instances/nocloud/cloud-config.txt - wb: [600] 0 bytes
2025-11-19 12:49:29,791 - handlers[DEBUG]: Calling handler ShellScriptPartHandler: [['text/x-shellscript']] (__end__, None, 2) with frequency once-per-instance
2025-11-19 12:49:29,791 - handlers[DEBUG]: Calling handler ShellScriptByFreqPartHandler: [['text/x-shellscript-per-boot']] (__end__, None, 2) with frequency once-per-instance
2025-11-19 12:49:29,791 - handlers[DEBUG]: Calling handler ShellScriptByFreqPartHandler: [['text/x-shellscript-per-instance']] (__end__, None, 2) with frequency once-per-instance
2025-11-19 12:49:29,791 - handlers[DEBUG]: Calling handler ShellScriptByFreqPartHandler: [['text/x-shellscript-per-once']] (__end__, None, 2) with frequency once-per-instance
2025-11-19 12:49:29,791 - handlers[DEBUG]: Calling handler BootHookPartHandler: [['text/cloud-boothook']] (__end__, None, 2) with frequency once-per-instance
2025-11-19 12:49:29,791 - handlers[DEBUG]: Calling handler JinjaTemplatePartHandler: [['text/jinja2']] (__end__, None, 3) with frequency once-per-instance
2025-11-19 12:49:29,791 - handlers.py[DEBUG]: finish: init-network/consume-user-data: SUCCESS: reading and applying user-data
2025-11-19 12:49:29,791 - handlers.py[DEBUG]: start: init-network/consume-vendor-data: reading and applying vendor-data
2025-11-19 12:49:29,791 - stages.py[DEBUG]: no vendordata from datasource
2025-11-19 12:49:29,791 - handlers.py[DEBUG]: finish: init-network/consume-vendor-data: SUCCESS: reading and applying vendor-data
2025-11-19 12:49:29,792 - handlers.py[DEBUG]: start: init-network/consume-vendor-data2: reading and applying vendor-data2
2025-11-19 12:49:29,792 - stages.py[DEBUG]: no vendordata2 from datasource
2025-11-19 12:49:29,792 - handlers.py[DEBUG]: finish: init-network/consume-vendor-data2: SUCCESS: reading and applying vendor-data2
2025-11-19 12:49:29,792 - util.py[DEBUG]: Reading from /etc/cloud/cloud.cfg (quiet=False)
2025-11-19 12:49:29,792 - util.py[DEBUG]: Reading 3487 bytes from /etc/cloud/cloud.cfg
2025-11-19 12:49:29,792 - util.py[DEBUG]: Attempting to load yaml from string of length 3487 with allowed root types (<class 'dict'>,)
2025-11-19 12:49:29,795 - util.py[DEBUG]: Reading from /etc/cloud/cloud.cfg.d/90_dpkg.cfg (quiet=False)
2025-11-19 12:49:29,795 - util.py[DEBUG]: Reading 343 bytes from /etc/cloud/cloud.cfg.d/90_dpkg.cfg
2025-11-19 12:49:29,795 - util.py[DEBUG]: Attempting to load yaml from string of length 343 with allowed root types (<class 'dict'>,)
2025-11-19 12:49:29,796 - util.py[DEBUG]: Reading from /etc/cloud/cloud.cfg.d/06_quiet.cfg (quiet=False)
2025-11-19 12:49:29,796 - util.py[DEBUG]: Reading 112 bytes from /etc/cloud/cloud.cfg.d/06_quiet.cfg
2025-11-19 12:49:29,796 - util.py[DEBUG]: Attempting to load yaml from string of length 112 with allowed root types (<class 'dict'>,)
2025-11-19 12:49:29,796 - util.py[DEBUG]: Reading from /etc/cloud/cloud.cfg.d/05_logging.cfg (quiet=False)
2025-11-19 12:49:29,796 - util.py[DEBUG]: Reading 2071 bytes from /etc/cloud/cloud.cfg.d/05_logging.cfg
2025-11-19 12:49:29,796 - util.py[DEBUG]: Attempting to load yaml from string of length 2071 with allowed root types (<class 'dict'>,)
2025-11-19 12:49:29,797 - util.py[DEBUG]: Reading from /run/cloud-init/cloud.cfg (quiet=False)
2025-11-19 12:49:29,797 - util.py[DEBUG]: Reading 35 bytes from /run/cloud-init/cloud.cfg
2025-11-19 12:49:29,797 - util.py[DEBUG]: Attempting to load yaml from string of length 35 with allowed root types (<class 'dict'>,)
2025-11-19 12:49:29,797 - util.py[DEBUG]: Attempting to load yaml from string of length 0 with allowed root types (<class 'dict'>,)
2025-11-19 12:49:29,797 - util.py[DEBUG]: loaded blob returned None, returning default.
2025-11-19 12:49:29,797 - util.py[DEBUG]: Reading from /var/lib/cloud/instance/cloud-config.txt (quiet=False)
2025-11-19 12:49:29,798 - util.py[DEBUG]: Reading 0 bytes from /var/lib/cloud/instance/cloud-config.txt
2025-11-19 12:49:29,798 - util.py[DEBUG]: Attempting to load yaml from string of length 0 with allowed root types (<class 'dict'>,)
2025-11-19 12:49:29,798 - util.py[DEBUG]: loaded blob returned None, returning default.
2025-11-19 12:49:29,798 - atomic_helper.py[DEBUG]: Atomically writing to file /run/cloud-init/combined-cloud-config.json (via temporary file /run/cloud-init/tmpxipdhjye) - w: [600] 5236 bytes/chars
2025-11-19 12:49:29,798 - util.py[DEBUG]: Reading from /run/cloud-init/instance-data-sensitive.json (quiet=False)
2025-11-19 12:49:29,798 - util.py[DEBUG]: Reading 7440 bytes from /run/cloud-init/instance-data-sensitive.json
2025-11-19 12:49:29,799 - atomic_helper.py[DEBUG]: Atomically writing to file /run/cloud-init/instance-data-sensitive.json (via temporary file /run/cloud-init/tmpchyq2zfa) - w: [600] 9595 bytes/chars
2025-11-19 12:49:29,799 - main.py[DEBUG]: Skipping user-data validation. No user-data found.
2025-11-19 12:49:29,799 - util.py[DEBUG]: Reading from /var/lib/cloud/instance/cloud-config.txt (quiet=False)
2025-11-19 12:49:29,799 - util.py[DEBUG]: Reading 0 bytes from /var/lib/cloud/instance/cloud-config.txt
2025-11-19 12:49:29,799 - util.py[DEBUG]: Attempting to load yaml from string of length 0 with allowed root types (<class 'dict'>,)
2025-11-19 12:49:29,799 - util.py[DEBUG]: loaded blob returned None, returning default.
2025-11-19 12:49:29,801 - handlers.py[DEBUG]: start: init-network/activate-datasource: activating datasource
2025-11-19 12:49:29,803 - util.py[DEBUG]: Writing to /var/lib/cloud/instance/obj.pkl - wb: [400] 8729 bytes
2025-11-19 12:49:29,804 - handlers.py[DEBUG]: finish: init-network/activate-datasource: SUCCESS: activating datasource
2025-11-19 12:49:29,804 - main.py[DEBUG]: no di_report found in config.
2025-11-19 12:49:29,816 - stages.py[DEBUG]: Using distro class <class 'cloudinit.distros.ubuntu.Distro'>
2025-11-19 12:49:29,816 - modules.py[INFO]: Skipping modules 'bootcmd,write-files,ca-certs,rsyslog' because no applicable config is provided.
2025-11-19 12:49:29,816 - modules.py[DEBUG]: Running module users-groups (<module 'cloudinit.config.cc_users_groups' from '/usr/lib/python3/dist-packages/cloudinit/config/cc_users_groups.py'>) with frequency once-per-instance
2025-11-19 12:49:29,816 - handlers.py[DEBUG]: start: init-network/config-users-groups: running config-users-groups with frequency once-per-instance
2025-11-19 12:49:29,816 - util.py[DEBUG]: Writing to /var/lib/cloud/instances/nocloud/sem/config_users_groups - wb: [644] 25 bytes
2025-11-19 12:49:29,817 - helpers.py[DEBUG]: Running config-users-groups using lock (<FileLock using file '/var/lib/cloud/instances/nocloud/sem/config_users_groups'>)
2025-11-19 12:49:29,817 - util.py[DEBUG]: Reading from /etc/os-release (quiet=True)
2025-11-19 12:49:29,817 - util.py[DEBUG]: Reading 400 bytes from /etc/os-release
2025-11-19 12:49:29,817 - util.py[DEBUG]: Reading from /etc/system-image/channel.ini (quiet=True)
2025-11-19 12:49:29,818 - util.py[DEBUG]: Reading 0 bytes from /etc/system-image/channel.ini
2025-11-19 12:49:29,818 - distros[DEBUG]: Adding user installer
2025-11-19 12:49:29,818 - subp.py[DEBUG]: Running command ['useradd', 'installer', '--comment', 'Ubuntu', '--groups', 'adm,audio,cdrom,dialout,dip,floppy,lxd,netdev,plugdev,sudo,video', '--shell', '/usr/bin/subiquity-shell', '-m'] with allowed return codes [0] (shell=False, capture=True)
2025-11-19 12:49:29,834 - performance.py[DEBUG]: Running ['useradd', 'installer', '--comment', 'Ubuntu', '--groups', 'adm,audio,cdrom,dialout,dip,floppy,lxd,netdev,plugdev,sudo,video', '--shell', '/usr/bin/subiquity-shell', '-m'] took 0.016 seconds
2025-11-19 12:49:29,835 - lifecycle.py[DEBUG]: Not unlocking password for user installer. 'lock_passwd: false' present in user-data but no 'passwd'/'plain_text_passwd'/'hashed_passwd' provided in user-data
2025-11-19 12:49:29,835 - util.py[DEBUG]: Reading from /etc/sudoers (quiet=False)
2025-11-19 12:49:29,835 - util.py[DEBUG]: Reading 1800 bytes from /etc/sudoers
2025-11-19 12:49:29,835 - util.py[DEBUG]: Writing to /etc/sudoers.d/90-cloud-init-users - wb: [440] 147 bytes
2025-11-19 12:49:29,836 - handlers.py[DEBUG]: finish: init-network/config-users-groups: SUCCESS: config-users-groups ran successfully and took 0.019 seconds
2025-11-19 12:49:29,836 - modules.py[DEBUG]: Running module ssh (<module 'cloudinit.config.cc_ssh' from '/usr/lib/python3/dist-packages/cloudinit/config/cc_ssh.py'>) with frequency once-per-instance
2025-11-19 12:49:29,836 - handlers.py[DEBUG]: start: init-network/config-ssh: running config-ssh with frequency once-per-instance
2025-11-19 12:49:29,837 - util.py[DEBUG]: Writing to /var/lib/cloud/instances/nocloud/sem/config_ssh - wb: [644] 24 bytes
2025-11-19 12:49:29,838 - helpers.py[DEBUG]: Running config-ssh using lock (<FileLock using file '/var/lib/cloud/instances/nocloud/sem/config_ssh'>)
2025-11-19 12:49:29,838 - util.py[DEBUG]: Reading from /proc/sys/crypto/fips_enabled (quiet=False)
2025-11-19 12:49:29,838 - subp.py[DEBUG]: Running command ['ssh-keygen', '-t', 'rsa', '-N', '', '-f', '/etc/ssh/ssh_host_rsa_key'] with allowed return codes [0] (shell=False, capture=True)
2025-11-19 12:49:30,809 - performance.py[DEBUG]: Running ['ssh-keygen', '-t', 'rsa', '-N', '', '-f', '/etc/ssh/ssh_host_rsa_key'] took 0.971 seconds
2025-11-19 12:49:30,810 - subp.py[DEBUG]: Running command ['ssh-keygen', '-t', 'ecdsa', '-N', '', '-f', '/etc/ssh/ssh_host_ecdsa_key'] with allowed return codes [0] (shell=False, capture=True)
2025-11-19 12:49:30,816 - subp.py[DEBUG]: Running command ['ssh-keygen', '-t', 'ed25519', '-N', '', '-f', '/etc/ssh/ssh_host_ed25519_key'] with allowed return codes [0] (shell=False, capture=True)
2025-11-19 12:49:30,824 - util.py[DEBUG]: Reading from /etc/ssh/ssh_host_ed25519_key.pub (quiet=False)
2025-11-19 12:49:30,824 - util.py[DEBUG]: Reading 93 bytes from /etc/ssh/ssh_host_ed25519_key.pub
2025-11-19 12:49:30,824 - util.py[DEBUG]: Reading from /etc/ssh/ssh_host_ecdsa_key.pub (quiet=False)
2025-11-19 12:49:30,824 - util.py[DEBUG]: Reading 173 bytes from /etc/ssh/ssh_host_ecdsa_key.pub
2025-11-19 12:49:30,824 - util.py[DEBUG]: Reading from /etc/ssh/ssh_host_rsa_key.pub (quiet=False)
2025-11-19 12:49:30,824 - util.py[DEBUG]: Reading 565 bytes from /etc/ssh/ssh_host_rsa_key.pub
2025-11-19 12:49:30,825 - util.py[DEBUG]: Changing the ownership of /home/installer/.ssh to 1001:1001
2025-11-19 12:49:30,825 - util.py[DEBUG]: Writing to /home/installer/.ssh/authorized_keys - wb: [600] 0 bytes
2025-11-19 12:49:30,825 - util.py[DEBUG]: Changing the ownership of /home/installer/.ssh/authorized_keys to 1001:1001
2025-11-19 12:49:30,825 - util.py[DEBUG]: Reading from /home/installer/.ssh/authorized_keys (quiet=False)
2025-11-19 12:49:30,825 - util.py[DEBUG]: Reading 0 bytes from /home/installer/.ssh/authorized_keys
2025-11-19 12:49:30,825 - util.py[DEBUG]: Writing to /home/installer/.ssh/authorized_keys - wb: [600] 0 bytes
2025-11-19 12:49:30,825 - util.py[DEBUG]: Writing to /root/.ssh/authorized_keys - wb: [600] 0 bytes
2025-11-19 12:49:30,826 - util.py[DEBUG]: Changing the ownership of /root/.ssh/authorized_keys to 0:0
2025-11-19 12:49:30,830 - util.py[DEBUG]: Reading from /root/.ssh/authorized_keys (quiet=False)
2025-11-19 12:49:30,830 - util.py[DEBUG]: Reading 0 bytes from /root/.ssh/authorized_keys
2025-11-19 12:49:30,832 - util.py[DEBUG]: Writing to /root/.ssh/authorized_keys - wb: [600] 0 bytes
2025-11-19 12:49:30,832 - handlers.py[DEBUG]: finish: init-network/config-ssh: SUCCESS: config-ssh ran successfully and took 0.996 seconds
2025-11-19 12:49:30,832 - main.py[DEBUG]: Ran 2 modules with 0 failures
2025-11-19 12:49:30,832 - util.py[DEBUG]: Reading from /proc/uptime (quiet=False)
2025-11-19 12:49:30,832 - util.py[DEBUG]: Reading 11 bytes from /proc/uptime
2025-11-19 12:49:30,832 - atomic_helper.py[DEBUG]: Atomically writing to file /var/lib/cloud/data/status.json (via temporary file /var/lib/cloud/data/tmpr525adgk) - w: [644] 536 bytes/chars
2025-11-19 12:49:30,832 - performance.py[DEBUG]: cloud-init stage: 'init-network' took 1.146 seconds
2025-11-19 12:49:30,832 - handlers.py[DEBUG]: finish: init-network: SUCCESS: searching for network datasources
2025-11-19 12:49:31,314 - log_util.py[DEBUG]: Cloud-init v. 25.1.4-0ubuntu0~24.04.1 running 'modules:config' at Wed, 19 Nov 2025 12:49:31 +0000. Up 23.58 seconds.
2025-11-19 12:49:31,314 - main.py[INFO]: PID [1] started cloud-init 'modules:config'.
2025-11-19 12:49:31,324 - stages.py[DEBUG]: Using distro class <class 'cloudinit.distros.ubuntu.Distro'>
2025-11-19 12:49:31,325 - modules.py[INFO]: Skipping modules 'timezone,disable-ec2-metadata,runcmd' because no applicable config is provided.
2025-11-19 12:49:31,325 - modules.py[DEBUG]: Running module ssh-import-id (<module 'cloudinit.config.cc_ssh_import_id' from '/usr/lib/python3/dist-packages/cloudinit/config/cc_ssh_import_id.py'>) with frequency once-per-instance
2025-11-19 12:49:31,325 - handlers.py[DEBUG]: start: modules-config/config-ssh-import-id: running config-ssh-import-id with frequency once-per-instance
2025-11-19 12:49:31,325 - util.py[DEBUG]: Writing to /var/lib/cloud/instances/nocloud/sem/config_ssh_import_id - wb: [644] 25 bytes
2025-11-19 12:49:31,325 - helpers.py[DEBUG]: Running config-ssh-import-id using lock (<FileLock using file '/var/lib/cloud/instances/nocloud/sem/config_ssh_import_id'>)
2025-11-19 12:49:31,325 - cc_ssh_import_id.py[DEBUG]: Skipping module named ssh_import_id, no 'ssh_import_id' directives found.
2025-11-19 12:49:31,325 - handlers.py[DEBUG]: finish: modules-config/config-ssh-import-id: SUCCESS: config-ssh-import-id ran successfully and took 0.000 seconds
2025-11-19 12:49:31,325 - modules.py[DEBUG]: Running module set-passwords (<module 'cloudinit.config.cc_set_passwords' from '/usr/lib/python3/dist-packages/cloudinit/config/cc_set_passwords.py'>) with frequency once-per-instance
2025-11-19 12:49:31,325 - handlers.py[DEBUG]: start: modules-config/config-set-passwords: running config-set-passwords with frequency once-per-instance
2025-11-19 12:49:31,325 - util.py[DEBUG]: Writing to /var/lib/cloud/instances/nocloud/sem/config_set_passwords - wb: [644] 24 bytes
2025-11-19 12:49:31,325 - helpers.py[DEBUG]: Running config-set-passwords using lock (<FileLock using file '/var/lib/cloud/instances/nocloud/sem/config_set_passwords'>)
2025-11-19 12:49:31,325 - ssh_util.py[DEBUG]: line 1: option PasswordAuthentication added with yes
2025-11-19 12:49:31,325 - util.py[DEBUG]: Writing to /etc/ssh/sshd_config - wb: [644] 27 bytes
2025-11-19 12:49:31,326 - subp.py[DEBUG]: Running command ['systemctl', 'show', '--property', 'ActiveState', '--value', 'ssh'] with allowed return codes [0] (shell=False, capture=True)
2025-11-19 12:49:31,331 - handlers.py[DEBUG]: finish: modules-config/config-set-passwords: SUCCESS: config-set-passwords ran successfully and took 0.006 seconds
2025-11-19 12:49:31,331 - main.py[DEBUG]: Ran 2 modules with 0 failures
2025-11-19 12:49:31,331 - util.py[DEBUG]: Reading from /proc/uptime (quiet=False)
2025-11-19 12:49:31,331 - util.py[DEBUG]: Reading 11 bytes from /proc/uptime
2025-11-19 12:49:31,331 - atomic_helper.py[DEBUG]: Atomically writing to file /var/lib/cloud/data/status.json (via temporary file /var/lib/cloud/data/tmpr_fb6aim) - w: [644] 538 bytes/chars
2025-11-19 12:49:31,331 - performance.py[DEBUG]: cloud-init stage: 'modules-config' took 0.052 seconds
2025-11-19 12:49:31,331 - handlers.py[DEBUG]: finish: modules-config: SUCCESS: running modules for config
2025-11-19 12:50:11,232 - log_util.py[DEBUG]: Cloud-init v. 25.1.4-0ubuntu0~24.04.1 running 'modules:final' at Wed, 19 Nov 2025 12:50:11 +0000. Up 60.72 seconds.
2025-11-19 12:50:11,232 - main.py[INFO]: PID [1] started cloud-init 'modules:final'.
2025-11-19 12:50:11,254 - stages.py[DEBUG]: Using distro class <class 'cloudinit.distros.ubuntu.Distro'>
2025-11-19 12:50:11,255 - modules.py[INFO]: Skipping modules 'phone-home' because no applicable config is provided.
2025-11-19 12:50:11,255 - modules.py[DEBUG]: Running module scripts-per-once (<module 'cloudinit.config.cc_scripts_per_once' from '/usr/lib/python3/dist-packages/cloudinit/config/cc_scripts_per_once.py'>) with frequency once
2025-11-19 12:50:11,255 - handlers.py[DEBUG]: start: modules-final/config-scripts-per-once: running config-scripts-per-once with frequency once
2025-11-19 12:50:11,255 - util.py[DEBUG]: Writing to /var/lib/cloud/sem/config_scripts_per_once.once - wb: [644] 25 bytes
2025-11-19 12:50:11,255 - helpers.py[DEBUG]: Running config-scripts-per-once using lock (<FileLock using file '/var/lib/cloud/sem/config_scripts_per_once.once'>)
2025-11-19 12:50:11,255 - handlers.py[DEBUG]: finish: modules-final/config-scripts-per-once: SUCCESS: config-scripts-per-once ran successfully and took 0.000 seconds
2025-11-19 12:50:11,255 - modules.py[DEBUG]: Running module scripts-user (<module 'cloudinit.config.cc_scripts_user' from '/usr/lib/python3/dist-packages/cloudinit/config/cc_scripts_user.py'>) with frequency once-per-instance
2025-11-19 12:50:11,255 - handlers.py[DEBUG]: start: modules-final/config-scripts-user: running config-scripts-user with frequency once-per-instance
2025-11-19 12:50:11,255 - util.py[DEBUG]: Writing to /var/lib/cloud/instances/nocloud/sem/config_scripts_user - wb: [644] 25 bytes
2025-11-19 12:50:11,256 - helpers.py[DEBUG]: Running config-scripts-user using lock (<FileLock using file '/var/lib/cloud/instances/nocloud/sem/config_scripts_user'>)
2025-11-19 12:50:11,256 - handlers.py[DEBUG]: finish: modules-final/config-scripts-user: SUCCESS: config-scripts-user ran successfully and took 0.000 seconds
2025-11-19 12:50:11,256 - modules.py[DEBUG]: Running module ssh-authkey-fingerprints (<module 'cloudinit.config.cc_ssh_authkey_fingerprints' from '/usr/lib/python3/dist-packages/cloudinit/config/cc_ssh_authkey_fingerprints.py'>) with frequency once-per-instance
2025-11-19 12:50:11,256 - handlers.py[DEBUG]: start: modules-final/config-ssh-authkey-fingerprints: running config-ssh-authkey-fingerprints with frequency once-per-instance
2025-11-19 12:50:11,256 - util.py[DEBUG]: Writing to /var/lib/cloud/instances/nocloud/sem/config_ssh_authkey_fingerprints - wb: [644] 25 bytes
2025-11-19 12:50:11,256 - helpers.py[DEBUG]: Running config-ssh-authkey-fingerprints using lock (<FileLock using file '/var/lib/cloud/instances/nocloud/sem/config_ssh_authkey_fingerprints'>)
2025-11-19 12:50:11,256 - cc_ssh_authkey_fingerprints.py[DEBUG]: Skipping module named ssh-authkey-fingerprints, logging of SSH fingerprints disabled
2025-11-19 12:50:11,256 - handlers.py[DEBUG]: finish: modules-final/config-ssh-authkey-fingerprints: SUCCESS: config-ssh-authkey-fingerprints ran successfully and took 0.000 seconds
2025-11-19 12:50:11,256 - modules.py[DEBUG]: Running module keys-to-console (<module 'cloudinit.config.cc_keys_to_console' from '/usr/lib/python3/dist-packages/cloudinit/config/cc_keys_to_console.py'>) with frequency once-per-instance
2025-11-19 12:50:11,256 - handlers.py[DEBUG]: start: modules-final/config-keys-to-console: running config-keys-to-console with frequency once-per-instance
2025-11-19 12:50:11,256 - util.py[DEBUG]: Writing to /var/lib/cloud/instances/nocloud/sem/config_keys_to_console - wb: [644] 25 bytes
2025-11-19 12:50:11,256 - helpers.py[DEBUG]: Running config-keys-to-console using lock (<FileLock using file '/var/lib/cloud/instances/nocloud/sem/config_keys_to_console'>)
2025-11-19 12:50:11,256 - cc_keys_to_console.py[DEBUG]: Skipping module named keys-to-console, logging of SSH host keys disabled
2025-11-19 12:50:11,256 - handlers.py[DEBUG]: finish: modules-final/config-keys-to-console: SUCCESS: config-keys-to-console ran successfully and took 0.000 seconds
2025-11-19 12:50:11,256 - modules.py[DEBUG]: Running module final-message (<module 'cloudinit.config.cc_final_message' from '/usr/lib/python3/dist-packages/cloudinit/config/cc_final_message.py'>) with frequency always
2025-11-19 12:50:11,256 - handlers.py[DEBUG]: start: modules-final/config-final-message: running config-final-message with frequency always
2025-11-19 12:50:11,256 - helpers.py[DEBUG]: Running config-final-message using lock (<cloudinit.helpers.DummyLock object at 0x793c77b6d4c0>)
2025-11-19 12:50:11,257 - util.py[DEBUG]: Reading from /proc/uptime (quiet=False)
2025-11-19 12:50:11,257 - util.py[DEBUG]: Reading 12 bytes from /proc/uptime
2025-11-19 12:50:11,279 - performance.py[DEBUG]: Rendering jinja2 template took 0.022 seconds
2025-11-19 12:50:11,290 - log_util.py[DEBUG]: Cloud-init v. 25.1.4-0ubuntu0~24.04.1 finished at Wed, 19 Nov 2025 12:50:11 +0000. Datasource DataSourceNoCloud [seed=/var/lib/cloud/seed/nocloud].  Up 60.77 seconds
2025-11-19 12:50:11,290 - util.py[DEBUG]: Writing to /var/lib/cloud/instance/boot-finished - wb: [644] 69 bytes
2025-11-19 12:50:11,290 - handlers.py[DEBUG]: finish: modules-final/config-final-message: SUCCESS: config-final-message ran successfully and took 0.034 seconds
2025-11-19 12:50:11,290 - main.py[DEBUG]: Ran 5 modules with 0 failures
2025-11-19 12:50:11,290 - util.py[DEBUG]: Reading from /proc/uptime (quiet=False)
2025-11-19 12:50:11,290 - util.py[DEBUG]: Reading 12 bytes from /proc/uptime
2025-11-19 12:50:11,290 - atomic_helper.py[DEBUG]: Atomically writing to file /var/lib/cloud/data/status.json (via temporary file /var/lib/cloud/data/tmpvidzre_6) - w: [644] 539 bytes/chars
2025-11-19 12:50:11,291 - atomic_helper.py[DEBUG]: Atomically writing to file /var/lib/cloud/data/result.json (via temporary file /var/lib/cloud/data/tmpw7wl2az3) - w: [644] 103 bytes/chars
2025-11-19 12:50:11,291 - util.py[DEBUG]: Creating symbolic link from '/run/cloud-init/result.json' => '../../var/lib/cloud/data/result.json'
2025-11-19 12:50:11,291 - performance.py[DEBUG]: cloud-init stage: 'modules-final' took 0.149 seconds
2025-11-19 12:50:11,291 - handlers.py[DEBUG]: finish: modules-final: SUCCESS: running modules for final
