
---- [[ subiquity step initial ]] ----
curtin: Installation started. (24.0.0-38-g0ab394917)
curtin: Installation finished.

---- [[ subiquity step partitioning ]] ----
curtin: Installation started. (24.0.0-38-g0ab394917)
start: cmd-install/stage-partitioning/builtin/cmd-block-meta: curtin command block-meta
get_path_to_storage_volume for volume disk-sda({'ptable': 'gpt', 'serial': 'VBOX_HARDDISK_VB469c3dd6-4dfcf5f3', 'path': '/dev/sda', 'wipe': 'superblock-recursive', 'preserve': False, 'name': '', 'grub_device': True, 'id': 'disk-sda', 'type': 'disk'})
Processing serial VBOX_HARDDISK_VB469c3dd6-4dfcf5f3 via udev to VBOX_HARDDISK_VB469c3dd6-4dfcf5f3
lookup_disks found: ['ata-VBOX_HARDDISK_VB469c3dd6-4dfcf5f3']
Running command ['udevadm', 'info', '--query=property', '--export', '/dev/sda'] with allowed return codes [0] (capture=True)
/dev/sda is multipath device? False
Running command ['udevadm', 'info', '--query=property', '--export', '/dev/sda'] with allowed return codes [0] (capture=True)
/dev/sda is multipath device member? False
block.lookup_disk() returning path /dev/sda
Running command ['partprobe', '/dev/sda'] with allowed return codes [0, 1] (capture=False)
Running command ['udevadm', 'settle'] with allowed return codes [0] (capture=False)
TIMED udevadm_settle(): 0.273
devsync happy - path /dev/sda now exists
return volume path /dev/sda
get_path_to_storage_volume for volume partition-1({'device': 'disk-sda', 'size': 35281436672, 'wipe': 'superblock', 'number': 2, 'preserve': False, 'offset': 2097152, 'id': 'partition-1', 'type': 'partition'})
get_path_to_storage_volume for volume disk-sda({'ptable': 'gpt', 'serial': 'VBOX_HARDDISK_VB469c3dd6-4dfcf5f3', 'path': '/dev/sda', 'wipe': 'superblock-recursive', 'preserve': False, 'name': '', 'grub_device': True, 'id': 'disk-sda', 'type': 'disk'})
Processing serial VBOX_HARDDISK_VB469c3dd6-4dfcf5f3 via udev to VBOX_HARDDISK_VB469c3dd6-4dfcf5f3
lookup_disks found: ['ata-VBOX_HARDDISK_VB469c3dd6-4dfcf5f3']
Running command ['udevadm', 'info', '--query=property', '--export', '/dev/sda'] with allowed return codes [0] (capture=True)
/dev/sda is multipath device? False
Running command ['udevadm', 'info', '--query=property', '--export', '/dev/sda'] with allowed return codes [0] (capture=True)
/dev/sda is multipath device member? False
block.lookup_disk() returning path /dev/sda
Running command ['partprobe', '/dev/sda'] with allowed return codes [0, 1] (capture=False)
Running command ['udevadm', 'settle'] with allowed return codes [0] (capture=False)
TIMED udevadm_settle(): 0.041
devsync happy - path /dev/sda now exists
return volume path /dev/sda
block-meta: extracted devices to clear: ['/dev/sda']
Declared block devices: ['/dev/sda']
clearing devices=['/dev/sda']
start: cmd-install/stage-partitioning/builtin/cmd-block-meta/clear-holders: removing previous storage devices
Running command ['mdadm', '--assemble', '--scan', '-v'] with allowed return codes [0, 1, 2] (capture=True)
mdadm assemble scan results:

mdadm: looking for devices for further assembly
mdadm: no recogniseable superblock on /dev/loop14
mdadm: no recogniseable superblock on /dev/loop12
mdadm: no recogniseable superblock on /dev/loop13
mdadm: no recogniseable superblock on /dev/loop11
mdadm: no recogniseable superblock on /dev/loop9
mdadm: no recogniseable superblock on /dev/loop10
mdadm: no recogniseable superblock on /dev/loop8
mdadm: no recogniseable superblock on /dev/sda
mdadm: no recogniseable superblock on /dev/sr0
mdadm: no recogniseable superblock on /dev/loop7
mdadm: no recogniseable superblock on /dev/loop6
mdadm: no recogniseable superblock on /dev/loop5
mdadm: no recogniseable superblock on /dev/loop4
mdadm: no recogniseable superblock on /dev/loop3
mdadm: no recogniseable superblock on /dev/loop2
mdadm: no recogniseable superblock on /dev/loop1
mdadm: no recogniseable superblock on /dev/loop0
mdadm: No arrays found in config file or automatically

Running command ['mdadm', '--detail', '--scan', '-v'] with allowed return codes [0, 1] (capture=True)
mdadm detail scan after assemble:


Running command ['udevadm', 'settle'] with allowed return codes [0] (capture=False)
TIMED udevadm_settle(): 0.020
Running command ['pvscan'] with allowed return codes [0] (capture=True)
Running command ['vgscan'] with allowed return codes [0] (capture=True)
Running command ['vgchange', '--activate=y'] with allowed return codes [0] (capture=True)
Running command ['udevadm', 'settle'] with allowed return codes [0] (capture=False)
TIMED udevadm_settle(): 0.005
Loading kernel module bcache via modprobe
Running command ['modprobe', '--use-blacklist', 'bcache'] with allowed return codes [0] (capture=False)
Generating device storage trees for path(s): ['/dev/sda']
devname '/sys/class/block/sda' had holders: []
/dev/sda is multipath device partition? False
/dev/sda is multipath device partition? False
/dev/sda is multipath device partition? False
Current device storage tree:
sda
Shutdown Plan:
{'level': 0, 'device': '/sys/class/block/sda', 'dev_type': 'disk'}
shutdown running on holder type: 'disk' syspath: '/sys/class/block/sda'
Running command ['lsblk', '--noheadings', '--bytes', '--pairs', '--output=ALIGNMENT,DISC-ALN,DISC-GRAN,DISC-MAX,DISC-ZERO,FSTYPE,GROUP,KNAME,LABEL,LOG-SEC,MAJ:MIN,MIN-IO,MODE,MODEL,MOUNTPOINT,NAME,OPT-IO,OWNER,PHY-SEC,RM,RO,ROTA,RQ-SIZE,SIZE,STATE,TYPE,UUID', '/dev/sda'] with allowed return codes [0] (capture=True)
get_blockdev_sector_size: info:
{
 "sda": {
  "ALIGNMENT": "0",
  "DISC-ALN": "0",
  "DISC-GRAN": "512",
  "DISC-MAX": "0",
  "DISC-ZERO": "0",
  "FSTYPE": "",
  "GROUP": "disk",
  "KNAME": "sda",
  "LABEL": "",
  "LOG-SEC": "512",
  "MAJ:MIN": "8:0",
  "MIN-IO": "512",
  "MODE": "brw-rw----",
  "MODEL": "VBOX HARDDISK",
  "MOUNTPOINT": "",
  "NAME": "sda",
  "OPT-IO": "0",
  "OWNER": "root",
  "PHY-SEC": "512",
  "RM": "0",
  "RO": "0",
  "ROTA": "1",
  "RQ-SIZE": "64",
  "SIZE": "35285565440",
  "STATE": "running",
  "TYPE": "disk",
  "UUID": "",
  "device_path": "/dev/sda"
 }
}
get_blockdev_sector_size: (log=512, phys=512)
Running command ['fdasd', '--table', '/dev/sda'] with allowed return codes [0] (capture=False)
Running command ['lsblk', '--noheadings', '--bytes', '--pairs', '--output=ALIGNMENT,DISC-ALN,DISC-GRAN,DISC-MAX,DISC-ZERO,FSTYPE,GROUP,KNAME,LABEL,LOG-SEC,MAJ:MIN,MIN-IO,MODE,MODEL,MOUNTPOINT,NAME,OPT-IO,OWNER,PHY-SEC,RM,RO,ROTA,RQ-SIZE,SIZE,STATE,TYPE,UUID'] with allowed return codes [0] (capture=True)
Checking if /dev/sda is a swap device
Found swap magic: b'\x00\x00\x00\x00\x00\x00\x00\x00\x00\x00'
wiping superblock on /dev/sda
wiping /dev/sda attempt 1/4
Running command ['wipefs', '--all', '--force', '/dev/sda'] with allowed return codes [0] (capture=False)
wiping 1M on /dev/sda at offsets [0, -1048576]
successfully wiped device /dev/sda on attempt 1/4
devname '/sys/class/block/sda' had holders: []
/dev/sda is multipath device partition? False
/dev/sda is multipath device partition? False
/dev/sda is multipath device partition? False
finish: cmd-install/stage-partitioning/builtin/cmd-block-meta/clear-holders: SUCCESS: removing previous storage devices
blockmeta: detected storage config, using mode=custom
start: cmd-install/stage-partitioning/builtin/cmd-block-meta: configuring disk: disk-sda
get_path_to_storage_volume for volume disk-sda({'ptable': 'gpt', 'serial': 'VBOX_HARDDISK_VB469c3dd6-4dfcf5f3', 'path': '/dev/sda', 'wipe': 'superblock-recursive', 'preserve': False, 'name': '', 'grub_device': True, 'id': 'disk-sda', 'type': 'disk'})
/dev/sda is multipath device member? False
/dev/sda is multipath device member? False
found candidate disks [{'/dev/sda'}, {'/dev/sda'}]
Running command ['partprobe', '/dev/sda'] with allowed return codes [0, 1] (capture=False)
Running command ['udevadm', 'settle'] with allowed return codes [0] (capture=False)
TIMED udevadm_settle(): 0.035
devsync happy - path /dev/sda now exists
return volume path /dev/sda
Acquiring fcntl LOCK_EX on /dev/sda
Running command ['wipefs', '--all', '--force', '/dev/sda'] with allowed return codes [0] (capture=False)
wiping 1M on /dev/sda at offsets [0, -1048576]
labeling device: '/dev/sda' with 'gpt' partition table
Running command ['wipefs', '--all', '--force', '/dev/sda'] with allowed return codes [0] (capture=False)
wiping 1M on /dev/sda at offsets [0, -1048576]
devname '/dev/sda' had holders: []
Releasing fcntl LOCK_EX on /dev/sda
get_path_to_storage_volume for volume disk-sda({'ptable': 'gpt', 'serial': 'VBOX_HARDDISK_VB469c3dd6-4dfcf5f3', 'path': '/dev/sda', 'wipe': 'superblock-recursive', 'preserve': False, 'name': '', 'grub_device': True, 'id': 'disk-sda', 'type': 'disk'})
/dev/sda is multipath device member? False
/dev/sda is multipath device member? False
found candidate disks [{'/dev/sda'}, {'/dev/sda'}]
Running command ['partprobe', '/dev/sda'] with allowed return codes [0, 1] (capture=False)
Running command ['udevadm', 'settle'] with allowed return codes [0] (capture=False)
TIMED udevadm_settle(): 0.028
devsync happy - path /dev/sda now exists
return volume path /dev/sda
Running command ['lsblk', '--noheadings', '--bytes', '--pairs', '--output=ALIGNMENT,DISC-ALN,DISC-GRAN,DISC-MAX,DISC-ZERO,FSTYPE,GROUP,KNAME,LABEL,LOG-SEC,MAJ:MIN,MIN-IO,MODE,MODEL,MOUNTPOINT,NAME,OPT-IO,OWNER,PHY-SEC,RM,RO,ROTA,RQ-SIZE,SIZE,STATE,TYPE,UUID', '/dev/sda'] with allowed return codes [0] (capture=True)
get_blockdev_sector_size: info:
{
 "sda": {
  "ALIGNMENT": "0",
  "DISC-ALN": "0",
  "DISC-GRAN": "512",
  "DISC-MAX": "0",
  "DISC-ZERO": "0",
  "FSTYPE": "",
  "GROUP": "disk",
  "KNAME": "sda",
  "LABEL": "",
  "LOG-SEC": "512",
  "MAJ:MIN": "8:0",
  "MIN-IO": "512",
  "MODE": "brw-rw----",
  "MODEL": "VBOX HARDDISK",
  "MOUNTPOINT": "",
  "NAME": "sda",
  "OPT-IO": "0",
  "OWNER": "root",
  "PHY-SEC": "512",
  "RM": "0",
  "RO": "0",
  "ROTA": "1",
  "RQ-SIZE": "64",
  "SIZE": "35285565440",
  "STATE": "running",
  "TYPE": "disk",
  "UUID": "",
  "device_path": "/dev/sda"
 }
}
get_blockdev_sector_size: (log=512, phys=512)
sfdisk input:
---
label: gpt

1:  start=2048 size=2048 type=21686148-6449-6E6F-744E-656564454649
2:  start=4096 size=68909056
---

Running command ['losetup', '--version'] with allowed return codes [0] (capture=True)
Running command ['sfdisk', '--no-reread', '/dev/sda'] with allowed return codes [0] (capture=False)
Диск /dev/sda: 32,86 GiB, 35285565440 байт, 68917120 секторов
Disk model: VBOX HARDDISK   
Единицы: секторов по 1 * 512 = 512 байт
Размер сектора (логический/физический): 512 байт / 512 байт
Размер I/O (минимальный/оптимальный): 512 байт / 512 байт

>>> Заголовок скрипта принят.
>>> Создана новая метка диска GPT (GUID: D74C4532-47F5-4BD9-BB9E-F0AD0B630CF7).
/dev/sda1: Создан новый раздел 1 с типом 'BIOS boot' и размером 1 MiB.
/dev/sda2: Создан новый раздел 2 с типом 'Linux filesystem' и размером 32,9 GiB.
/dev/sda3: Готово.

Новая ситуация:
Тип метки диска: gpt
Идентификатор диска: D74C4532-47F5-4BD9-BB9E-F0AD0B630CF7

Устр-во    начало    Конец  Секторы Размер Тип
/dev/sda1    2048     4095     2048     1M BIOS boot
/dev/sda2    4096 68913151 68909056  32,9G Файловая система Linux

Таблица разделов была изменена
Вызывается ioctl() для перечитывания таблицы разделов.
Синхронизируются диски.
Running command ['partprobe', '/dev/sda'] with allowed return codes [0] (capture=False)
Running command ['udevadm', 'settle'] with allowed return codes [0] (capture=False)
TIMED udevadm_settle(): 0.087
Running command ['wipefs', '--all', '--force', '/dev/sda2'] with allowed return codes [0] (capture=False)
wiping 1M on /dev/sda2 at offsets [0, -1048576]
Running command ['wipefs', '--all', '--force', '/dev/sda1'] with allowed return codes [0] (capture=False)
wiping 1M on /dev/sda1 at offsets [0, -1048576]
get_path_to_storage_volume for volume partition-0({'device': 'disk-sda', 'size': 1048576, 'flag': 'bios_grub', 'number': 1, 'preserve': False, 'offset': 1048576, 'id': 'partition-0', 'type': 'partition'})
get_path_to_storage_volume for volume disk-sda({'ptable': 'gpt', 'serial': 'VBOX_HARDDISK_VB469c3dd6-4dfcf5f3', 'path': '/dev/sda', 'wipe': 'superblock-recursive', 'preserve': False, 'name': '', 'grub_device': True, 'id': 'disk-sda', 'type': 'disk'})
/dev/sda is multipath device member? False
/dev/sda is multipath device member? False
found candidate disks [{'/dev/sda'}, {'/dev/sda'}]
Running command ['partprobe', '/dev/sda'] with allowed return codes [0, 1] (capture=False)
Running command ['udevadm', 'settle'] with allowed return codes [0] (capture=False)
TIMED udevadm_settle(): 0.107
devsync happy - path /dev/sda now exists
return volume path /dev/sda
Running command ['partprobe', '/dev/sda'] with allowed return codes [0, 1] (capture=False)
Running command ['udevadm', 'settle'] with allowed return codes [0] (capture=False)
TIMED udevadm_settle(): 0.079
devsync happy - path /dev/sda now exists
return volume path /dev/sda1
Running command ['blkid', '-o', 'export', '/dev/sda1'] with allowed return codes [0, 2] (capture=True)
No partition-specific dname
get_path_to_storage_volume for volume partition-1({'device': 'disk-sda', 'size': 35281436672, 'wipe': 'superblock', 'number': 2, 'preserve': False, 'offset': 2097152, 'id': 'partition-1', 'type': 'partition'})
get_path_to_storage_volume for volume disk-sda({'ptable': 'gpt', 'serial': 'VBOX_HARDDISK_VB469c3dd6-4dfcf5f3', 'path': '/dev/sda', 'wipe': 'superblock-recursive', 'preserve': False, 'name': '', 'grub_device': True, 'id': 'disk-sda', 'type': 'disk'})
/dev/sda is multipath device member? False
/dev/sda is multipath device member? False
found candidate disks [{'/dev/sda'}, {'/dev/sda'}]
Running command ['partprobe', '/dev/sda'] with allowed return codes [0, 1] (capture=False)
Running command ['udevadm', 'settle'] with allowed return codes [0] (capture=False)
TIMED udevadm_settle(): 0.076
devsync happy - path /dev/sda now exists
return volume path /dev/sda
Running command ['partprobe', '/dev/sda'] with allowed return codes [0, 1] (capture=False)
Running command ['udevadm', 'settle'] with allowed return codes [0] (capture=False)
TIMED udevadm_settle(): 0.089
devsync happy - path /dev/sda now exists
return volume path /dev/sda2
Running command ['blkid', '-o', 'export', '/dev/sda2'] with allowed return codes [0, 2] (capture=True)
No partition-specific dname
finish: cmd-install/stage-partitioning/builtin/cmd-block-meta: SUCCESS: configuring disk: disk-sda
start: cmd-install/stage-partitioning/builtin/cmd-block-meta: configuring partition: partition-0
get_path_to_storage_volume for volume partition-0({'device': 'disk-sda', 'size': 1048576, 'flag': 'bios_grub', 'number': 1, 'preserve': False, 'offset': 1048576, 'id': 'partition-0', 'type': 'partition'})
get_path_to_storage_volume for volume disk-sda({'ptable': 'gpt', 'serial': 'VBOX_HARDDISK_VB469c3dd6-4dfcf5f3', 'path': '/dev/sda', 'wipe': 'superblock-recursive', 'preserve': False, 'name': '', 'grub_device': True, 'id': 'disk-sda', 'type': 'disk'})
/dev/sda is multipath device member? False
/dev/sda is multipath device member? False
found candidate disks [{'/dev/sda'}, {'/dev/sda'}]
Running command ['partprobe', '/dev/sda'] with allowed return codes [0, 1] (capture=False)
Running command ['udevadm', 'settle'] with allowed return codes [0] (capture=False)
TIMED udevadm_settle(): 0.085
devsync happy - path /dev/sda now exists
return volume path /dev/sda
Running command ['partprobe', '/dev/sda'] with allowed return codes [0, 1] (capture=False)
Running command ['udevadm', 'settle'] with allowed return codes [0] (capture=False)
TIMED udevadm_settle(): 0.072
devsync happy - path /dev/sda now exists
return volume path /dev/sda1
finish: cmd-install/stage-partitioning/builtin/cmd-block-meta: SUCCESS: configuring partition: partition-0
start: cmd-install/stage-partitioning/builtin/cmd-block-meta: configuring partition: partition-1
get_path_to_storage_volume for volume partition-1({'device': 'disk-sda', 'size': 35281436672, 'wipe': 'superblock', 'number': 2, 'preserve': False, 'offset': 2097152, 'id': 'partition-1', 'type': 'partition'})
get_path_to_storage_volume for volume disk-sda({'ptable': 'gpt', 'serial': 'VBOX_HARDDISK_VB469c3dd6-4dfcf5f3', 'path': '/dev/sda', 'wipe': 'superblock-recursive', 'preserve': False, 'name': '', 'grub_device': True, 'id': 'disk-sda', 'type': 'disk'})
/dev/sda is multipath device member? False
/dev/sda is multipath device member? False
found candidate disks [{'/dev/sda'}, {'/dev/sda'}]
Running command ['partprobe', '/dev/sda'] with allowed return codes [0, 1] (capture=False)
Running command ['udevadm', 'settle'] with allowed return codes [0] (capture=False)
TIMED udevadm_settle(): 0.082
devsync happy - path /dev/sda now exists
return volume path /dev/sda
Running command ['partprobe', '/dev/sda'] with allowed return codes [0, 1] (capture=False)
Running command ['udevadm', 'settle'] with allowed return codes [0] (capture=False)
TIMED udevadm_settle(): 0.081
devsync happy - path /dev/sda now exists
return volume path /dev/sda2
finish: cmd-install/stage-partitioning/builtin/cmd-block-meta: SUCCESS: configuring partition: partition-1
start: cmd-install/stage-partitioning/builtin/cmd-block-meta: configuring format: format-0
get_path_to_storage_volume for volume partition-1({'device': 'disk-sda', 'size': 35281436672, 'wipe': 'superblock', 'number': 2, 'preserve': False, 'offset': 2097152, 'id': 'partition-1', 'type': 'partition'})
get_path_to_storage_volume for volume disk-sda({'ptable': 'gpt', 'serial': 'VBOX_HARDDISK_VB469c3dd6-4dfcf5f3', 'path': '/dev/sda', 'wipe': 'superblock-recursive', 'preserve': False, 'name': '', 'grub_device': True, 'id': 'disk-sda', 'type': 'disk'})
/dev/sda is multipath device member? False
/dev/sda is multipath device member? False
found candidate disks [{'/dev/sda'}, {'/dev/sda'}]
Running command ['partprobe', '/dev/sda'] with allowed return codes [0, 1] (capture=False)
Running command ['udevadm', 'settle'] with allowed return codes [0] (capture=False)
TIMED udevadm_settle(): 0.075
devsync happy - path /dev/sda now exists
return volume path /dev/sda
Running command ['partprobe', '/dev/sda'] with allowed return codes [0, 1] (capture=False)
Running command ['udevadm', 'settle'] with allowed return codes [0] (capture=False)
TIMED udevadm_settle(): 0.083
devsync happy - path /dev/sda now exists
return volume path /dev/sda2
mkfs /dev/sda2 info: {'fstype': 'ext4', 'volume': 'partition-1', 'preserve': False, 'id': 'format-0', 'type': 'format'}
Running command ['lsblk', '--noheadings', '--bytes', '--pairs', '--output=ALIGNMENT,DISC-ALN,DISC-GRAN,DISC-MAX,DISC-ZERO,FSTYPE,GROUP,KNAME,LABEL,LOG-SEC,MAJ:MIN,MIN-IO,MODE,MODEL,MOUNTPOINT,NAME,OPT-IO,OWNER,PHY-SEC,RM,RO,ROTA,RQ-SIZE,SIZE,STATE,TYPE,UUID', '/dev/sda2'] with allowed return codes [0] (capture=True)
get_blockdev_sector_size: info:
{
 "sda2": {
  "ALIGNMENT": "0",
  "DISC-ALN": "0",
  "DISC-GRAN": "512",
  "DISC-MAX": "0",
  "DISC-ZERO": "0",
  "FSTYPE": "",
  "GROUP": "disk",
  "KNAME": "sda2",
  "LABEL": "",
  "LOG-SEC": "512",
  "MAJ:MIN": "8:2",
  "MIN-IO": "512",
  "MODE": "brw-rw----",
  "MODEL": "",
  "MOUNTPOINT": "",
  "NAME": "sda2",
  "OPT-IO": "0",
  "OWNER": "root",
  "PHY-SEC": "512",
  "RM": "0",
  "RO": "0",
  "ROTA": "1",
  "RQ-SIZE": "64",
  "SIZE": "35281436672",
  "STATE": "",
  "TYPE": "part",
  "UUID": "",
  "device_path": "/dev/sda2"
 }
}
get_blockdev_sector_size: (log=512, phys=512)
Running command ['mkfs.ext4', '-F', '-U', 'd8ee37ed-787a-46cd-bbcf-3ef2d3bb9bdf', '/dev/sda2'] with allowed return codes [0] (capture=True)
Formated device type: partition
finish: cmd-install/stage-partitioning/builtin/cmd-block-meta: SUCCESS: configuring format: format-0
start: cmd-install/stage-partitioning/builtin/cmd-block-meta: configuring mount: mount-0
get_path_to_storage_volume for volume partition-1({'device': 'disk-sda', 'size': 35281436672, 'wipe': 'superblock', 'number': 2, 'preserve': False, 'offset': 2097152, 'id': 'partition-1', 'type': 'partition'})
get_path_to_storage_volume for volume disk-sda({'ptable': 'gpt', 'serial': 'VBOX_HARDDISK_VB469c3dd6-4dfcf5f3', 'path': '/dev/sda', 'wipe': 'superblock-recursive', 'preserve': False, 'name': '', 'grub_device': True, 'id': 'disk-sda', 'type': 'disk'})
/dev/sda is multipath device member? False
/dev/sda is multipath device member? False
found candidate disks [{'/dev/sda'}, {'/dev/sda'}]
Running command ['partprobe', '/dev/sda'] with allowed return codes [0, 1] (capture=False)
Running command ['udevadm', 'settle'] with allowed return codes [0] (capture=False)
TIMED udevadm_settle(): 0.089
devsync happy - path /dev/sda now exists
return volume path /dev/sda
Running command ['partprobe', '/dev/sda'] with allowed return codes [0, 1] (capture=False)
Running command ['udevadm', 'settle'] with allowed return codes [0] (capture=False)
TIMED udevadm_settle(): 0.074
devsync happy - path /dev/sda now exists
return volume path /dev/sda2
volume_path=/dev/sda2 found slaves: ['sda2']
kname_is_iscsi: no iscsi disk found for kname sda2
kname_is_iscsi: no iscsi disk found for kname sda2
Running command ['mount', '-t', 'ext4', '-o', 'defaults', '/dev/sda2', '/target/'] with allowed return codes [0] (capture=True)
Running command ['udevadm', 'info', '--query=property', '--export', '/dev/sda2'] with allowed return codes [0] (capture=True)
Running command ['lsblk', '--noheadings', '--bytes', '--pairs', '--output=ALIGNMENT,DISC-ALN,DISC-GRAN,DISC-MAX,DISC-ZERO,FSTYPE,GROUP,KNAME,LABEL,LOG-SEC,MAJ:MIN,MIN-IO,MODE,MODEL,MOUNTPOINT,NAME,OPT-IO,OWNER,PHY-SEC,RM,RO,ROTA,RQ-SIZE,SIZE,STATE,TYPE,UUID', '/dev/sda2'] with allowed return codes [0] (capture=True)
volspec: path=/dev/sda2 type=part
info[DEVLINKS] = ['/dev/disk/by-path/pci-0000:00:0d.0-ata-1-part2', '/dev/disk/by-partuuid/88a59eda-af35-47e2-95f9-8c2af61f0d03', '/dev/disk/by-id/ata-VBOX_HARDDISK_VB469c3dd6-4dfcf5f3-part2', '/dev/disk/by-uuid/d8ee37ed-787a-46cd-bbcf-3ef2d3bb9bdf', '/dev/disk/by-path/pci-0000:00:0d.0-ata-1.0-part2', '/dev/disk/by-diskseq/11-part2']
finish: cmd-install/stage-partitioning/builtin/cmd-block-meta: SUCCESS: configuring mount: mount-0
TIMED BLOCK_META: 4.255
finish: cmd-install/stage-partitioning/builtin/cmd-block-meta: SUCCESS: curtin command block-meta
curtin: Installation finished.

---- [[ subiquity step extract ]] ----
curtin: Installation started. (24.0.0-38-g0ab394917)
start: cmd-install/stage-extract/builtin/cmd-extract: curtin command extract
Installing sources: [{'type': 'tgz', 'uri': 'cp:///tmp/tmpl99ptv2j/mount'}] to target at /target
start: cmd-install/stage-extract/builtin/cmd-extract: acquiring and extracting image from cp:///tmp/tmpl99ptv2j/mount
Setting up Trivial Source for stack /tmp/tmpl99ptv2j/mount
Running command ['rsync', '-aXHAS', '--one-file-system', '/tmp/tmpl99ptv2j/mount/', '.'] with allowed return codes [0] (capture=False)
finish: cmd-install/stage-extract/builtin/cmd-extract: SUCCESS: acquiring and extracting image from cp:///tmp/tmpl99ptv2j/mount
Applying write_files from config.
finish: cmd-install/stage-extract/builtin/cmd-extract: SUCCESS: curtin command extract
curtin: Installation finished.

---- [[ subiquity step curthooks ]] ----
curtin: Installation started. (24.0.0-38-g0ab394917)
start: cmd-install/stage-curthooks/builtin/cmd-curthooks: curtin command curthooks
Running curtin builtin curthooks
Configuring target system for distro: ubuntu osfamily: debian
start: cmd-install/stage-curthooks/builtin/cmd-curthooks/writing-apt-config: configuring apt configuring apt
No apt config provided, skipping
Running command ['mount', '--bind', '/dev', '/target/dev'] with allowed return codes [0] (capture=False)
Running command ['mount', '--bind', '/proc', '/target/proc'] with allowed return codes [0] (capture=False)
Running command ['mount', '--bind', '/run', '/target/run'] with allowed return codes [0] (capture=False)
Running command ['mount', '--bind', '/sys', '/target/sys'] with allowed return codes [0] (capture=False)
Running command ['mount', '--bind', '/target/usr/bin/true', '/target/usr/bin/ischroot'] with allowed return codes [0] (capture=False)
Diverting original update-initramfs in target.
Running command ['unshare', '--help'] with allowed return codes [0] (capture=True)
Checking if target_proc (/target/proc) is a mount
It is, so unshare will use --mount-proc=/target/proc
Running command ['unshare', '--fork', '--pid', '--mount-proc=/target/proc', '--', 'chroot', '/target', 'dpkg-divert', '--add', '--rename', '--divert', '/usr/sbin/update-initramfs.curtin-disabled', '/usr/sbin/update-initramfs'] with allowed return codes [0] (capture=False)
Добавляется «локальное отклонение /usr/sbin/update-initramfs в /usr/sbin/update-initramfs.curtin-disabled»
Running command ['udevadm', 'settle'] with allowed return codes [0] (capture=False)
TIMED subp(['udevadm', 'settle']): 0.008
Running command ['mount', '--make-private', '/target/usr/bin/ischroot'] with allowed return codes [0] (capture=False)
Running command ['umount', '/target/usr/bin/ischroot'] with allowed return codes [0] (capture=False)
Running command ['mount', '--make-private', '/target/sys'] with allowed return codes [0] (capture=False)
Running command ['umount', '/target/sys'] with allowed return codes [0] (capture=False)
Running command ['mount', '--make-private', '/target/run'] with allowed return codes [0] (capture=False)
Running command ['umount', '/target/run'] with allowed return codes [0] (capture=False)
Running command ['mount', '--make-private', '/target/proc'] with allowed return codes [0] (capture=False)
Running command ['umount', '/target/proc'] with allowed return codes [0] (capture=False)
Running command ['mount', '--make-private', '/target/dev'] with allowed return codes [0] (capture=False)
Running command ['umount', '/target/dev'] with allowed return codes [0] (capture=False)
finish: cmd-install/stage-curthooks/builtin/cmd-curthooks/writing-apt-config: SUCCESS: configuring apt configuring apt
Checking if target_proc (/target/proc) is a mount
It's not, using normal behavior
Running command ['unshare', '--fork', '--pid', '--', 'chroot', '/target', 'lsb_release', '--all'] with allowed return codes [0] (capture=True)
start: cmd-install/stage-curthooks/builtin/cmd-curthooks/installing-missing-packages: installing missing packages
Checking if target_proc (/target/proc) is a mount
It's not, using normal behavior
Running command ['unshare', '--fork', '--pid', '--', 'chroot', '/target', 'dpkg-query', '--list'] with allowed return codes [0] (capture=True)
Curtin config dependencies requires additional packages: ['e2fsprogs']
Running command ['dpkg', '--print-architecture'] with allowed return codes [0] (capture=True)
Skipping install of {'grub-pc', 'bridge-utils', 'ifenslave', 'vlan'}.  Not needed on netplan system.
start: cmd-install/stage-curthooks/builtin/cmd-curthooks: Installing packages on target system: ['grub-pc']
Updating apt sources in /target
Running command ['mount', '--bind', '/dev', '/target/dev'] with allowed return codes [0] (capture=False)
Running command ['mount', '--bind', '/proc', '/target/proc'] with allowed return codes [0] (capture=False)
Running command ['mount', '--bind', '/run', '/target/run'] with allowed return codes [0] (capture=False)
Running command ['mount', '--bind', '/sys', '/target/sys'] with allowed return codes [0] (capture=False)
Running command ['mount', '--bind', '/target/usr/bin/true', '/target/usr/bin/ischroot'] with allowed return codes [0] (capture=False)
Checking if target_proc (/target/proc) is a mount
It is, so unshare will use --mount-proc=/target/proc
Running command ['unshare', '--fork', '--pid', '--mount-proc=/target/proc', '--', 'chroot', '/target', 'apt-get', '--quiet', '--option=Acquire::Languages=none', 'update'] with allowed return codes [0] (capture=False)
Пол:1 file:/cdrom noble InRelease
Игн:1 file:/cdrom noble InRelease
Пол:2 file:/cdrom noble Release [1 072 B]
Пол:2 file:/cdrom noble Release [1 072 B]
Сущ:3 http://ru.archive.ubuntu.com/ubuntu noble InRelease
Сущ:4 http://ru.archive.ubuntu.com/ubuntu noble-updates InRelease
Сущ:5 http://ru.archive.ubuntu.com/ubuntu noble-backports InRelease
Сущ:6 http://security.ubuntu.com/ubuntu noble-security InRelease
Чтение списков пакетов…
Running command ['udevadm', 'settle'] with allowed return codes [0] (capture=False)
TIMED subp(['udevadm', 'settle']): 0.006
Running command ['mount', '--make-private', '/target/usr/bin/ischroot'] with allowed return codes [0] (capture=False)
Running command ['umount', '/target/usr/bin/ischroot'] with allowed return codes [0] (capture=False)
Running command ['mount', '--make-private', '/target/sys'] with allowed return codes [0] (capture=False)
Running command ['umount', '/target/sys'] with allowed return codes [0] (capture=False)
Running command ['mount', '--make-private', '/target/run'] with allowed return codes [0] (capture=False)
Running command ['umount', '/target/run'] with allowed return codes [0] (capture=False)
Running command ['mount', '--make-private', '/target/proc'] with allowed return codes [0] (capture=False)
Running command ['umount', '/target/proc'] with allowed return codes [0] (capture=False)
Running command ['mount', '--make-private', '/target/dev'] with allowed return codes [0] (capture=False)
Running command ['umount', '/target/dev'] with allowed return codes [0] (capture=False)
Running command ['mount', '--bind', '/dev', '/target/dev'] with allowed return codes [0] (capture=False)
Running command ['mount', '--bind', '/proc', '/target/proc'] with allowed return codes [0] (capture=False)
Running command ['mount', '--bind', '/run', '/target/run'] with allowed return codes [0] (capture=False)
Running command ['mount', '--bind', '/sys', '/target/sys'] with allowed return codes [0] (capture=False)
Running command ['mount', '--bind', '/target/usr/bin/true', '/target/usr/bin/ischroot'] with allowed return codes [0] (capture=False)
Checking if target_proc (/target/proc) is a mount
It is, so unshare will use --mount-proc=/target/proc
Running command ['unshare', '--fork', '--pid', '--mount-proc=/target/proc', '--', 'chroot', '/target', 'apt-get', '--quiet', '--assume-yes', '--option=Dpkg::options::=--force-unsafe-io', '--option=Dpkg::Options::=--force-confold', 'install', '--download-only', 'grub-pc'] with allowed return codes [0] (capture=False)
Чтение списков пакетов…
Построение дерева зависимостей…
Чтение информации о состоянии…
Будут установлены следующие дополнительные пакеты:
  grub-gfxpayload-lists grub-pc-bin grub2-common
Предлагаемые пакеты:
  desktop-base
Следующие НОВЫЕ пакеты будут установлены:
  grub-gfxpayload-lists grub-pc grub-pc-bin grub2-common
Обновлено 0 пакетов, установлено 4 новых пакетов, для удаления отмечено 0 пакетов, и 170 пакетов не обновлено.
Необходимо скачать 0 B/1 911 kB архивов.
После данной операции объём занятого дискового пространства возрастёт на 5 278 kB.
Пол:1 file:/cdrom noble/main amd64 grub2-common amd64 2.12-1ubuntu7.3 [670 kB]
Пол:2 file:/cdrom noble/main amd64 grub-pc-bin amd64 2.12-1ubuntu7.3 [1 101 kB]
Пол:3 file:/cdrom noble/main amd64 grub-pc amd64 2.12-1ubuntu7.3 [137 kB]
Пол:4 file:/cdrom noble/main amd64 grub-gfxpayload-lists amd64 0.7build2 [3 518 B]
Указан режим «только скачивание», и скачивание завершено
Checking if target_proc (/target/proc) is a mount
It is, so unshare will use --mount-proc=/target/proc
Running command ['unshare', '--fork', '--pid', '--mount-proc=/target/proc', '--', 'chroot', '/target', 'apt-get', '--quiet', '--assume-yes', '--option=Dpkg::options::=--force-unsafe-io', '--option=Dpkg::Options::=--force-confold', 'install', 'grub-pc'] with allowed return codes [0] (capture=False)
Чтение списков пакетов…
Построение дерева зависимостей…
Чтение информации о состоянии…
Будут установлены следующие дополнительные пакеты:
  grub-gfxpayload-lists grub-pc-bin grub2-common
Предлагаемые пакеты:
  desktop-base
Следующие НОВЫЕ пакеты будут установлены:
  grub-gfxpayload-lists grub-pc grub-pc-bin grub2-common
Обновлено 0 пакетов, установлено 4 новых пакетов, для удаления отмечено 0 пакетов, и 170 пакетов не обновлено.
Необходимо скачать 0 B/1 911 kB архивов.
После данной операции объём занятого дискового пространства возрастёт на 5 278 kB.
Пол:1 file:/cdrom noble/main amd64 grub2-common amd64 2.12-1ubuntu7.3 [670 kB]
Пол:2 file:/cdrom noble/main amd64 grub-pc-bin amd64 2.12-1ubuntu7.3 [1 101 kB]
Пол:3 file:/cdrom noble/main amd64 grub-pc amd64 2.12-1ubuntu7.3 [137 kB]
Пол:4 file:/cdrom noble/main amd64 grub-gfxpayload-lists amd64 0.7build2 [3 518 B]
Предварительная настройка пакетов …
E: Невозможно записать журнал (Смонтирован ли /dev/pts?) - posix_openpt (19: Нет такого устройства)
Выбор ранее не выбранного пакета grub2-common.
(Чтение базы данных … на данный момент установлено 99672 файла и каталога.)
Подготовка к распаковке …/grub2-common_2.12-1ubuntu7.3_amd64.deb …
Распаковывается grub2-common (2.12-1ubuntu7.3) …
Выбор ранее не выбранного пакета grub-pc-bin.
Подготовка к распаковке …/grub-pc-bin_2.12-1ubuntu7.3_amd64.deb …
Распаковывается grub-pc-bin (2.12-1ubuntu7.3) …
Выбор ранее не выбранного пакета grub-pc.
Подготовка к распаковке …/grub-pc_2.12-1ubuntu7.3_amd64.deb …
Распаковывается grub-pc (2.12-1ubuntu7.3) …
Выбор ранее не выбранного пакета grub-gfxpayload-lists.
Подготовка к распаковке …/grub-gfxpayload-lists_0.7build2_amd64.deb …
Распаковывается grub-gfxpayload-lists (0.7build2) …
Настраивается пакет grub2-common (2.12-1ubuntu7.3) …
Настраивается пакет grub-pc-bin (2.12-1ubuntu7.3) …
Настраивается пакет grub-gfxpayload-lists (0.7build2) …
Настраивается пакет grub-pc (2.12-1ubuntu7.3) …

Creating config file /etc/default/grub with new version
Обрабатываются триггеры для install-info (7.1-3build2) …
Обрабатываются триггеры для man-db (2.12.0-4build2) …
Running command ['udevadm', 'settle'] with allowed return codes [0] (capture=False)
TIMED subp(['udevadm', 'settle']): 0.011
Running command ['mount', '--make-private', '/target/usr/bin/ischroot'] with allowed return codes [0] (capture=False)
Running command ['umount', '/target/usr/bin/ischroot'] with allowed return codes [0] (capture=False)
Running command ['mount', '--make-private', '/target/sys'] with allowed return codes [0] (capture=False)
Running command ['umount', '/target/sys'] with allowed return codes [0] (capture=False)
Running command ['mount', '--make-private', '/target/run'] with allowed return codes [0] (capture=False)
Running command ['umount', '/target/run'] with allowed return codes [0] (capture=False)
Running command ['mount', '--make-private', '/target/proc'] with allowed return codes [0] (capture=False)
Running command ['umount', '/target/proc'] with allowed return codes [0] (capture=False)
Running command ['mount', '--make-private', '/target/dev'] with allowed return codes [0] (capture=False)
Running command ['umount', '/target/dev'] with allowed return codes [0] (capture=False)
Running command ['mount', '--bind', '/dev', '/target/dev'] with allowed return codes [0] (capture=False)
Running command ['mount', '--bind', '/proc', '/target/proc'] with allowed return codes [0] (capture=False)
Running command ['mount', '--bind', '/run', '/target/run'] with allowed return codes [0] (capture=False)
Running command ['mount', '--bind', '/sys', '/target/sys'] with allowed return codes [0] (capture=False)
Running command ['mount', '--bind', '/target/usr/bin/true', '/target/usr/bin/ischroot'] with allowed return codes [0] (capture=False)
Checking if target_proc (/target/proc) is a mount
It is, so unshare will use --mount-proc=/target/proc
Running command ['unshare', '--fork', '--pid', '--mount-proc=/target/proc', '--', 'chroot', '/target', 'apt-get', 'clean'] with allowed return codes [0] (capture=False)
Running command ['udevadm', 'settle'] with allowed return codes [0] (capture=False)
TIMED subp(['udevadm', 'settle']): 0.003
Running command ['mount', '--make-private', '/target/usr/bin/ischroot'] with allowed return codes [0] (capture=False)
Running command ['umount', '/target/usr/bin/ischroot'] with allowed return codes [0] (capture=False)
Running command ['mount', '--make-private', '/target/sys'] with allowed return codes [0] (capture=False)
Running command ['umount', '/target/sys'] with allowed return codes [0] (capture=False)
Running command ['mount', '--make-private', '/target/run'] with allowed return codes [0] (capture=False)
Running command ['umount', '/target/run'] with allowed return codes [0] (capture=False)
Running command ['mount', '--make-private', '/target/proc'] with allowed return codes [0] (capture=False)
Running command ['umount', '/target/proc'] with allowed return codes [0] (capture=False)
Running command ['mount', '--make-private', '/target/dev'] with allowed return codes [0] (capture=False)
Running command ['umount', '/target/dev'] with allowed return codes [0] (capture=False)
finish: cmd-install/stage-curthooks/builtin/cmd-curthooks: SUCCESS: Installing packages on target system: ['grub-pc']
finish: cmd-install/stage-curthooks/builtin/cmd-curthooks/installing-missing-packages: SUCCESS: installing missing packages
start: cmd-install/stage-curthooks/builtin/cmd-curthooks/configuring-iscsi-service: configuring iscsi service
finish: cmd-install/stage-curthooks/builtin/cmd-curthooks/configuring-iscsi-service: SUCCESS: configuring iscsi service
start: cmd-install/stage-curthooks/builtin/cmd-curthooks/configuring-mdadm-service: configuring raid (mdadm) service
finish: cmd-install/stage-curthooks/builtin/cmd-curthooks/configuring-mdadm-service: SUCCESS: configuring raid (mdadm) service
start: cmd-install/stage-curthooks/builtin/cmd-curthooks/configuring-nvme-over-tcp: configuring NVMe over TCP
finish: cmd-install/stage-curthooks/builtin/cmd-curthooks/configuring-nvme-over-tcp: SUCCESS: configuring NVMe over TCP
start: cmd-install/stage-curthooks/builtin/cmd-curthooks/installing-kernel: installing kernel
Checking if target_proc (/target/proc) is a mount
It's not, using normal behavior
Running command ['unshare', '--fork', '--pid', '--', 'chroot', '/target', 'lsb_release', '--all'] with allowed return codes [0] (capture=True)
Running command ['dpkg', '--print-architecture'] with allowed return codes [0] (capture=True)
Updating apt sources in /target
Running command ['mount', '--bind', '/dev', '/target/dev'] with allowed return codes [0] (capture=False)
Running command ['mount', '--bind', '/proc', '/target/proc'] with allowed return codes [0] (capture=False)
Running command ['mount', '--bind', '/run', '/target/run'] with allowed return codes [0] (capture=False)
Running command ['mount', '--bind', '/sys', '/target/sys'] with allowed return codes [0] (capture=False)
Running command ['mount', '--bind', '/target/usr/bin/true', '/target/usr/bin/ischroot'] with allowed return codes [0] (capture=False)
Checking if target_proc (/target/proc) is a mount
It is, so unshare will use --mount-proc=/target/proc
Running command ['unshare', '--fork', '--pid', '--mount-proc=/target/proc', '--', 'chroot', '/target', 'apt-get', '--quiet', '--option=Acquire::Languages=none', 'update'] with allowed return codes [0] (capture=False)
Пол:1 file:/cdrom noble InRelease
Игн:1 file:/cdrom noble InRelease
Пол:2 file:/cdrom noble Release [1 072 B]
Пол:2 file:/cdrom noble Release [1 072 B]
Сущ:3 http://ru.archive.ubuntu.com/ubuntu noble InRelease
Сущ:4 http://ru.archive.ubuntu.com/ubuntu noble-updates InRelease
Сущ:5 http://ru.archive.ubuntu.com/ubuntu noble-backports InRelease
Сущ:7 http://security.ubuntu.com/ubuntu noble-security InRelease
Чтение списков пакетов…
Running command ['udevadm', 'settle'] with allowed return codes [0] (capture=False)
TIMED subp(['udevadm', 'settle']): 0.023
Running command ['mount', '--make-private', '/target/usr/bin/ischroot'] with allowed return codes [0] (capture=False)
Running command ['umount', '/target/usr/bin/ischroot'] with allowed return codes [0] (capture=False)
Running command ['mount', '--make-private', '/target/sys'] with allowed return codes [0] (capture=False)
Running command ['umount', '/target/sys'] with allowed return codes [0] (capture=False)
Running command ['mount', '--make-private', '/target/run'] with allowed return codes [0] (capture=False)
Running command ['umount', '/target/run'] with allowed return codes [0] (capture=False)
Running command ['mount', '--make-private', '/target/proc'] with allowed return codes [0] (capture=False)
Running command ['umount', '/target/proc'] with allowed return codes [0] (capture=False)
Running command ['mount', '--make-private', '/target/dev'] with allowed return codes [0] (capture=False)
Running command ['umount', '/target/dev'] with allowed return codes [0] (capture=False)
Running command ['mount', '--bind', '/dev', '/target/dev'] with allowed return codes [0] (capture=False)
Running command ['mount', '--bind', '/proc', '/target/proc'] with allowed return codes [0] (capture=False)
Running command ['mount', '--bind', '/run', '/target/run'] with allowed return codes [0] (capture=False)
Running command ['mount', '--bind', '/sys', '/target/sys'] with allowed return codes [0] (capture=False)
Running command ['mount', '--bind', '/target/usr/bin/true', '/target/usr/bin/ischroot'] with allowed return codes [0] (capture=False)
Checking if target_proc (/target/proc) is a mount
It is, so unshare will use --mount-proc=/target/proc
Running command ['unshare', '--fork', '--pid', '--mount-proc=/target/proc', '--', 'chroot', '/target', 'apt-get', '--quiet', '--assume-yes', '--option=Dpkg::options::=--force-unsafe-io', '--option=Dpkg::Options::=--force-confold', 'install', '--download-only', 'linux-generic-hwe-24.04'] with allowed return codes [0] (capture=False)
Чтение списков пакетов…
Построение дерева зависимостей…
Чтение информации о состоянии…
Будут установлены следующие дополнительные пакеты:
  amd64-microcode bpfcc-tools bpftrace firmware-sof-signed hwdata ieee-data
  intel-microcode iucode-tool libbpfcc libc-bin libc-dev-bin libc-devtools
  libc6 libc6-dbg libc6-dev libclang-cpp18 libclang1-18 libcrypt-dev libllvm18
  linux-firmware linux-headers-6.14.0-35-generic
  linux-headers-generic-hwe-24.04 linux-hwe-6.14-headers-6.14.0-35
  linux-hwe-6.14-tools-6.14.0-35 linux-image-6.14.0-35-generic
  linux-image-generic-hwe-24.04 linux-libc-dev linux-modules-6.14.0-35-generic
  linux-modules-extra-6.14.0-35-generic linux-tools-6.14.0-35-generic
  linux-tools-common locales manpages-dev python3-bpfcc python3-netaddr
  rpcsvc-proto thermald ubuntu-kernel-accessories
Предлагаемые пакеты:
  glibc-doc libnss-nis libnss-nisplus linux-hwe-6.14-tools ipython3
  python-netaddr-docs
Следующие НОВЫЕ пакеты будут установлены:
  amd64-microcode bpfcc-tools bpftrace firmware-sof-signed hwdata ieee-data
  intel-microcode iucode-tool libbpfcc libc-dev-bin libc-devtools libc6-dev
  libclang-cpp18 libclang1-18 libcrypt-dev libllvm18 linux-firmware
  linux-generic-hwe-24.04 linux-headers-6.14.0-35-generic
  linux-headers-generic-hwe-24.04 linux-hwe-6.14-headers-6.14.0-35
  linux-hwe-6.14-tools-6.14.0-35 linux-image-6.14.0-35-generic
  linux-image-generic-hwe-24.04 linux-libc-dev linux-modules-6.14.0-35-generic
  linux-modules-extra-6.14.0-35-generic linux-tools-6.14.0-35-generic
  linux-tools-common manpages-dev python3-bpfcc python3-netaddr rpcsvc-proto
  thermald ubuntu-kernel-accessories
Следующие пакеты будут обновлены:
  libc-bin libc6 libc6-dbg locales
Обновлено 4 пакетов, установлено 35 новых пакетов, для удаления отмечено 0 пакетов, и 166 пакетов не обновлено.
Необходимо скачать 771 MB/828 MB архивов.
После данной операции объём занятого дискового пространства возрастёт на 1 141 MB.
Пол:1 http://ru.archive.ubuntu.com/ubuntu noble-updates/main amd64 libc6-dbg amd64 2.39-0ubuntu8.6 [7 458 kB]
Пол:2 file:/cdrom noble/main amd64 libllvm18 amd64 1:18.1.3-1ubuntu1 [27,5 MB]
Пол:3 file:/cdrom noble/main amd64 libclang-cpp18 amd64 1:18.1.3-1ubuntu1 [13,5 MB]
Пол:4 file:/cdrom noble/main amd64 libbpfcc amd64 0.29.1+ds-1ubuntu7 [663 kB]
Пол:5 file:/cdrom noble/main amd64 python3-bpfcc all 0.29.1+ds-1ubuntu7 [40,2 kB]
Пол:6 file:/cdrom noble/main amd64 ieee-data all 20220827.1 [2 113 kB]
Пол:7 file:/cdrom noble/main amd64 python3-netaddr all 0.8.0-2ubuntu1 [319 kB]
Пол:8 file:/cdrom noble/main amd64 bpfcc-tools all 0.29.1+ds-1ubuntu7 [687 kB]
Пол:9 file:/cdrom noble/main amd64 libclang1-18 amd64 1:18.1.3-1ubuntu1 [7 803 kB]
Пол:10 file:/cdrom noble/main amd64 bpftrace amd64 0.20.2-1ubuntu4.3 [1 011 kB]
Пол:11 file:/cdrom noble/main amd64 hwdata all 0.379-1 [29,1 kB]
Пол:12 file:/cdrom noble/main amd64 iucode-tool amd64 2.3.1-3build1 [43,9 kB]
Пол:13 file:/cdrom noble/main amd64 libcrypt-dev amd64 1:4.4.36-4build1 [112 kB]
Пол:14 file:/cdrom noble/main amd64 rpcsvc-proto amd64 1.4.2-0ubuntu7 [67,4 kB]
Пол:15 file:/cdrom noble/main amd64 amd64-microcode amd64 3.20250311.1ubuntu0.24.04.1 [290 kB]
Пол:16 file:/cdrom noble/main amd64 manpages-dev all 6.7-2 [2 013 kB]
Пол:17 file:/cdrom noble/main amd64 thermald amd64 2.5.6-2ubuntu0.24.04.2 [213 kB]
Пол:18 file:/cdrom noble/main amd64 ubuntu-kernel-accessories amd64 1.539.2 [10,9 kB]
Пол:19 http://ru.archive.ubuntu.com/ubuntu noble-updates/main amd64 libc6 amd64 2.39-0ubuntu8.6 [3 263 kB]
Пол:20 http://ru.archive.ubuntu.com/ubuntu noble-updates/main amd64 libc-bin amd64 2.39-0ubuntu8.6 [682 kB]
Пол:21 http://ru.archive.ubuntu.com/ubuntu noble-updates/main amd64 locales all 2.39-0ubuntu8.6 [4 229 kB]
Пол:22 http://ru.archive.ubuntu.com/ubuntu noble-updates/main amd64 firmware-sof-signed all 2023.12.1-1ubuntu1.10 [7 382 kB]
Пол:23 http://ru.archive.ubuntu.com/ubuntu noble-updates/main amd64 libc-dev-bin amd64 2.39-0ubuntu8.6 [20,4 kB]
Пол:24 http://ru.archive.ubuntu.com/ubuntu noble-updates/main amd64 libc-devtools amd64 2.39-0ubuntu8.6 [29,3 kB]
Пол:25 http://ru.archive.ubuntu.com/ubuntu noble-updates/main amd64 linux-libc-dev amd64 6.8.0-87.88 [1 931 kB]
Пол:26 http://ru.archive.ubuntu.com/ubuntu noble-updates/main amd64 libc6-dev amd64 2.39-0ubuntu8.6 [2 125 kB]
Пол:27 http://ru.archive.ubuntu.com/ubuntu noble-updates/main amd64 linux-firmware amd64 20240318.git3b128b60-0ubuntu2.19 [538 MB]
Пол:28 http://ru.archive.ubuntu.com/ubuntu noble-updates/main amd64 linux-modules-6.14.0-35-generic amd64 6.14.0-35.35~24.04.1 [40,7 MB]
Пол:29 http://ru.archive.ubuntu.com/ubuntu noble-updates/main amd64 linux-image-6.14.0-35-generic amd64 6.14.0-35.35~24.04.1 [15,3 MB]
Пол:30 http://ru.archive.ubuntu.com/ubuntu noble-updates/main amd64 linux-modules-extra-6.14.0-35-generic amd64 6.14.0-35.35~24.04.1 [119 MB]
Пол:31 http://ru.archive.ubuntu.com/ubuntu noble-updates/main amd64 intel-microcode amd64 3.20250812.0ubuntu0.24.04.1 [11,5 MB]
Пол:32 http://ru.archive.ubuntu.com/ubuntu noble-updates/main amd64 linux-image-generic-hwe-24.04 amd64 6.14.0-35.35~24.04.1 [2 486 B]
Пол:33 http://ru.archive.ubuntu.com/ubuntu noble-updates/main amd64 linux-hwe-6.14-headers-6.14.0-35 all 6.14.0-35.35~24.04.1 [14,1 MB]
Пол:34 http://ru.archive.ubuntu.com/ubuntu noble-updates/main amd64 linux-headers-6.14.0-35-generic amd64 6.14.0-35.35~24.04.1 [3 739 kB]
Пол:35 http://ru.archive.ubuntu.com/ubuntu noble-updates/main amd64 linux-headers-generic-hwe-24.04 amd64 6.14.0-35.35~24.04.1 [2 328 B]
Пол:36 http://ru.archive.ubuntu.com/ubuntu noble-updates/main amd64 linux-generic-hwe-24.04 amd64 6.14.0-35.35~24.04.1 [1 728 B]
Пол:37 http://ru.archive.ubuntu.com/ubuntu noble-updates/main amd64 linux-tools-common all 6.8.0-87.88 [772 kB]
Пол:38 http://ru.archive.ubuntu.com/ubuntu noble-updates/main amd64 linux-hwe-6.14-tools-6.14.0-35 amd64 6.14.0-35.35~24.04.1 [1 178 kB]
Пол:39 http://ru.archive.ubuntu.com/ubuntu noble-updates/main amd64 linux-tools-6.14.0-35-generic amd64 6.14.0-35.35~24.04.1 [1 636 B]
Получено 771 MB за 2мин 9с (5 990 kB/s)
Указан режим «только скачивание», и скачивание завершено
Checking if target_proc (/target/proc) is a mount
It is, so unshare will use --mount-proc=/target/proc
Running command ['unshare', '--fork', '--pid', '--mount-proc=/target/proc', '--', 'chroot', '/target', 'apt-get', '--quiet', '--assume-yes', '--option=Dpkg::options::=--force-unsafe-io', '--option=Dpkg::Options::=--force-confold', 'install', 'linux-generic-hwe-24.04'] with allowed return codes [0] (capture=False)
Чтение списков пакетов…
Построение дерева зависимостей…
Чтение информации о состоянии…
Будут установлены следующие дополнительные пакеты:
  amd64-microcode bpfcc-tools bpftrace firmware-sof-signed hwdata ieee-data
  intel-microcode iucode-tool libbpfcc libc-bin libc-dev-bin libc-devtools
  libc6 libc6-dbg libc6-dev libclang-cpp18 libclang1-18 libcrypt-dev libllvm18
  linux-firmware linux-headers-6.14.0-35-generic
  linux-headers-generic-hwe-24.04 linux-hwe-6.14-headers-6.14.0-35
  linux-hwe-6.14-tools-6.14.0-35 linux-image-6.14.0-35-generic
  linux-image-generic-hwe-24.04 linux-libc-dev linux-modules-6.14.0-35-generic
  linux-modules-extra-6.14.0-35-generic linux-tools-6.14.0-35-generic
  linux-tools-common locales manpages-dev python3-bpfcc python3-netaddr
  rpcsvc-proto thermald ubuntu-kernel-accessories
Предлагаемые пакеты:
  glibc-doc libnss-nis libnss-nisplus linux-hwe-6.14-tools ipython3
  python-netaddr-docs
Следующие НОВЫЕ пакеты будут установлены:
  amd64-microcode bpfcc-tools bpftrace firmware-sof-signed hwdata ieee-data
  intel-microcode iucode-tool libbpfcc libc-dev-bin libc-devtools libc6-dev
  libclang-cpp18 libclang1-18 libcrypt-dev libllvm18 linux-firmware
  linux-generic-hwe-24.04 linux-headers-6.14.0-35-generic
  linux-headers-generic-hwe-24.04 linux-hwe-6.14-headers-6.14.0-35
  linux-hwe-6.14-tools-6.14.0-35 linux-image-6.14.0-35-generic
  linux-image-generic-hwe-24.04 linux-libc-dev linux-modules-6.14.0-35-generic
  linux-modules-extra-6.14.0-35-generic linux-tools-6.14.0-35-generic
  linux-tools-common manpages-dev python3-bpfcc python3-netaddr rpcsvc-proto
  thermald ubuntu-kernel-accessories
Следующие пакеты будут обновлены:
  libc-bin libc6 libc6-dbg locales
Обновлено 4 пакетов, установлено 35 новых пакетов, для удаления отмечено 0 пакетов, и 166 пакетов не обновлено.
Необходимо скачать 0 B/828 MB архивов.
После данной операции объём занятого дискового пространства возрастёт на 1 141 MB.
Пол:1 file:/cdrom noble/main amd64 libllvm18 amd64 1:18.1.3-1ubuntu1 [27,5 MB]
Пол:2 file:/cdrom noble/main amd64 libclang-cpp18 amd64 1:18.1.3-1ubuntu1 [13,5 MB]
Пол:3 file:/cdrom noble/main amd64 libbpfcc amd64 0.29.1+ds-1ubuntu7 [663 kB]
Пол:4 file:/cdrom noble/main amd64 python3-bpfcc all 0.29.1+ds-1ubuntu7 [40,2 kB]
Пол:5 file:/cdrom noble/main amd64 ieee-data all 20220827.1 [2 113 kB]
Пол:6 file:/cdrom noble/main amd64 python3-netaddr all 0.8.0-2ubuntu1 [319 kB]
Пол:7 file:/cdrom noble/main amd64 bpfcc-tools all 0.29.1+ds-1ubuntu7 [687 kB]
Пол:8 file:/cdrom noble/main amd64 libclang1-18 amd64 1:18.1.3-1ubuntu1 [7 803 kB]
Пол:9 file:/cdrom noble/main amd64 bpftrace amd64 0.20.2-1ubuntu4.3 [1 011 kB]
Пол:10 file:/cdrom noble/main amd64 hwdata all 0.379-1 [29,1 kB]
Пол:11 file:/cdrom noble/main amd64 iucode-tool amd64 2.3.1-3build1 [43,9 kB]
Пол:12 file:/cdrom noble/main amd64 libcrypt-dev amd64 1:4.4.36-4build1 [112 kB]
Пол:13 file:/cdrom noble/main amd64 rpcsvc-proto amd64 1.4.2-0ubuntu7 [67,4 kB]
Пол:14 file:/cdrom noble/main amd64 amd64-microcode amd64 3.20250311.1ubuntu0.24.04.1 [290 kB]
Пол:15 file:/cdrom noble/main amd64 manpages-dev all 6.7-2 [2 013 kB]
Пол:16 file:/cdrom noble/main amd64 thermald amd64 2.5.6-2ubuntu0.24.04.2 [213 kB]
Пол:17 file:/cdrom noble/main amd64 ubuntu-kernel-accessories amd64 1.539.2 [10,9 kB]
debconf: не удалось инициализировать интерфейс: Dialog
debconf: (Не установлена переменная TERM, поэтому запустить интерфейс dialog нельзя.)
debconf: будет использован интерфейс: Readline
debconf: не удалось инициализировать интерфейс: Readline
debconf: (Этот интерфейс работает только с управляющего терминала.)
debconf: будет использован интерфейс: Teletype
dpkg-preconfigure: не удалось заново открыть stdin: 
E: Невозможно записать журнал (Смонтирован ли /dev/pts?) - posix_openpt (19: Нет такого устройства)
(Чтение базы данных … на данный момент установлено 100030 файлов и каталогов.)
Подготовка к распаковке …/libc6-dbg_2.39-0ubuntu8.6_amd64.deb …
Распаковывается libc6-dbg:amd64 (2.39-0ubuntu8.6) на замену (2.39-0ubuntu8.5) …
Подготовка к распаковке …/libc6_2.39-0ubuntu8.6_amd64.deb …
debconf: не удалось инициализировать интерфейс: Dialog
debconf: (Не установлена переменная TERM, поэтому запустить интерфейс dialog нельзя.)
debconf: будет использован интерфейс: Readline
debconf: не удалось инициализировать интерфейс: Readline
debconf: (Этот интерфейс работает только с управляющего терминала.)
debconf: будет использован интерфейс: Teletype
Распаковывается libc6:amd64 (2.39-0ubuntu8.6) на замену (2.39-0ubuntu8.5) …
Настраивается пакет libc6:amd64 (2.39-0ubuntu8.6) …
debconf: не удалось инициализировать интерфейс: Dialog
debconf: (Не установлена переменная TERM, поэтому запустить интерфейс dialog нельзя.)
debconf: будет использован интерфейс: Readline
debconf: не удалось инициализировать интерфейс: Readline
debconf: (Этот интерфейс работает только с управляющего терминала.)
debconf: будет использован интерфейс: Teletype
(Чтение базы данных … на данный момент установлено 100037 файлов и каталогов.)
Подготовка к распаковке …/libc-bin_2.39-0ubuntu8.6_amd64.deb …
Распаковывается libc-bin (2.39-0ubuntu8.6) на замену (2.39-0ubuntu8.5) …
Настраивается пакет libc-bin (2.39-0ubuntu8.6) …
(Чтение базы данных … на данный момент установлено 100037 файлов и каталогов.)
Подготовка к распаковке …/00-locales_2.39-0ubuntu8.6_all.deb …
Распаковывается locales (2.39-0ubuntu8.6) на замену (2.39-0ubuntu8.5) …
Выбор ранее не выбранного пакета libllvm18:amd64.
Подготовка к распаковке …/01-libllvm18_1%3a18.1.3-1ubuntu1_amd64.deb …
Распаковывается libllvm18:amd64 (1:18.1.3-1ubuntu1) …
Выбор ранее не выбранного пакета libclang-cpp18.
Подготовка к распаковке …/02-libclang-cpp18_1%3a18.1.3-1ubuntu1_amd64.deb …
Распаковывается libclang-cpp18 (1:18.1.3-1ubuntu1) …
Выбор ранее не выбранного пакета libbpfcc:amd64.
Подготовка к распаковке …/03-libbpfcc_0.29.1+ds-1ubuntu7_amd64.deb …
Распаковывается libbpfcc:amd64 (0.29.1+ds-1ubuntu7) …
Выбор ранее не выбранного пакета python3-bpfcc.
Подготовка к распаковке …/04-python3-bpfcc_0.29.1+ds-1ubuntu7_all.deb …
Распаковывается python3-bpfcc (0.29.1+ds-1ubuntu7) …
Выбор ранее не выбранного пакета ieee-data.
Подготовка к распаковке …/05-ieee-data_20220827.1_all.deb …
Распаковывается ieee-data (20220827.1) …
Выбор ранее не выбранного пакета python3-netaddr.
Подготовка к распаковке …/06-python3-netaddr_0.8.0-2ubuntu1_all.deb …
Распаковывается python3-netaddr (0.8.0-2ubuntu1) …
Выбор ранее не выбранного пакета bpfcc-tools.
Подготовка к распаковке …/07-bpfcc-tools_0.29.1+ds-1ubuntu7_all.deb …
Распаковывается bpfcc-tools (0.29.1+ds-1ubuntu7) …
Выбор ранее не выбранного пакета libclang1-18.
Подготовка к распаковке …/08-libclang1-18_1%3a18.1.3-1ubuntu1_amd64.deb …
Распаковывается libclang1-18 (1:18.1.3-1ubuntu1) …
Выбор ранее не выбранного пакета bpftrace.
Подготовка к распаковке …/09-bpftrace_0.20.2-1ubuntu4.3_amd64.deb …
Распаковывается bpftrace (0.20.2-1ubuntu4.3) …
Выбор ранее не выбранного пакета firmware-sof-signed.
Подготовка к распаковке …/10-firmware-sof-signed_2023.12.1-1ubuntu1.10_all.deb …
Распаковывается firmware-sof-signed (2023.12.1-1ubuntu1.10) …
Выбор ранее не выбранного пакета hwdata.
Подготовка к распаковке …/11-hwdata_0.379-1_all.deb …
Распаковывается hwdata (0.379-1) …
Выбор ранее не выбранного пакета iucode-tool.
Подготовка к распаковке …/12-iucode-tool_2.3.1-3build1_amd64.deb …
Распаковывается iucode-tool (2.3.1-3build1) …
Выбор ранее не выбранного пакета libc-dev-bin.
Подготовка к распаковке …/13-libc-dev-bin_2.39-0ubuntu8.6_amd64.deb …
Распаковывается libc-dev-bin (2.39-0ubuntu8.6) …
Выбор ранее не выбранного пакета libc-devtools.
Подготовка к распаковке …/14-libc-devtools_2.39-0ubuntu8.6_amd64.deb …
Распаковывается libc-devtools (2.39-0ubuntu8.6) …
Выбор ранее не выбранного пакета linux-libc-dev:amd64.
Подготовка к распаковке …/15-linux-libc-dev_6.8.0-87.88_amd64.deb …
Распаковывается linux-libc-dev:amd64 (6.8.0-87.88) …
Выбор ранее не выбранного пакета libcrypt-dev:amd64.
Подготовка к распаковке …/16-libcrypt-dev_1%3a4.4.36-4build1_amd64.deb …
Распаковывается libcrypt-dev:amd64 (1:4.4.36-4build1) …
Выбор ранее не выбранного пакета rpcsvc-proto.
Подготовка к распаковке …/17-rpcsvc-proto_1.4.2-0ubuntu7_amd64.deb …
Распаковывается rpcsvc-proto (1.4.2-0ubuntu7) …
Выбор ранее не выбранного пакета libc6-dev:amd64.
Подготовка к распаковке …/18-libc6-dev_2.39-0ubuntu8.6_amd64.deb …
Распаковывается libc6-dev:amd64 (2.39-0ubuntu8.6) …
Выбор ранее не выбранного пакета linux-firmware.
Подготовка к распаковке …/19-linux-firmware_20240318.git3b128b60-0ubuntu2.19_amd64.deb …
Распаковывается linux-firmware (20240318.git3b128b60-0ubuntu2.19) …
Выбор ранее не выбранного пакета linux-modules-6.14.0-35-generic.
Подготовка к распаковке …/20-linux-modules-6.14.0-35-generic_6.14.0-35.35~24.04.1_amd64.deb …
Распаковывается linux-modules-6.14.0-35-generic (6.14.0-35.35~24.04.1) …
Выбор ранее не выбранного пакета linux-image-6.14.0-35-generic.
Подготовка к распаковке …/21-linux-image-6.14.0-35-generic_6.14.0-35.35~24.04.1_amd64.deb …
Распаковывается linux-image-6.14.0-35-generic (6.14.0-35.35~24.04.1) …
Выбор ранее не выбранного пакета linux-modules-extra-6.14.0-35-generic.
Подготовка к распаковке …/22-linux-modules-extra-6.14.0-35-generic_6.14.0-35.35~24.04.1_amd64.deb …
Распаковывается linux-modules-extra-6.14.0-35-generic (6.14.0-35.35~24.04.1) …
Выбор ранее не выбранного пакета intel-microcode.
Подготовка к распаковке …/23-intel-microcode_3.20250812.0ubuntu0.24.04.1_amd64.deb …
Распаковывается intel-microcode (3.20250812.0ubuntu0.24.04.1) …
Выбор ранее не выбранного пакета amd64-microcode.
Подготовка к распаковке …/24-amd64-microcode_3.20250311.1ubuntu0.24.04.1_amd64.deb …
Распаковывается amd64-microcode (3.20250311.1ubuntu0.24.04.1) …
Выбор ранее не выбранного пакета linux-image-generic-hwe-24.04.
Подготовка к распаковке …/25-linux-image-generic-hwe-24.04_6.14.0-35.35~24.04.1_amd64.deb …
Распаковывается linux-image-generic-hwe-24.04 (6.14.0-35.35~24.04.1) …
Выбор ранее не выбранного пакета linux-hwe-6.14-headers-6.14.0-35.
Подготовка к распаковке …/26-linux-hwe-6.14-headers-6.14.0-35_6.14.0-35.35~24.04.1_all.deb …
Распаковывается linux-hwe-6.14-headers-6.14.0-35 (6.14.0-35.35~24.04.1) …
Выбор ранее не выбранного пакета linux-headers-6.14.0-35-generic.
Подготовка к распаковке …/27-linux-headers-6.14.0-35-generic_6.14.0-35.35~24.04.1_amd64.deb …
Распаковывается linux-headers-6.14.0-35-generic (6.14.0-35.35~24.04.1) …
Выбор ранее не выбранного пакета linux-headers-generic-hwe-24.04.
Подготовка к распаковке …/28-linux-headers-generic-hwe-24.04_6.14.0-35.35~24.04.1_amd64.deb …
Распаковывается linux-headers-generic-hwe-24.04 (6.14.0-35.35~24.04.1) …
Выбор ранее не выбранного пакета linux-generic-hwe-24.04.
Подготовка к распаковке …/29-linux-generic-hwe-24.04_6.14.0-35.35~24.04.1_amd64.deb …
Распаковывается linux-generic-hwe-24.04 (6.14.0-35.35~24.04.1) …
Выбор ранее не выбранного пакета linux-tools-common.
Подготовка к распаковке …/30-linux-tools-common_6.8.0-87.88_all.deb …
Распаковывается linux-tools-common (6.8.0-87.88) …
Выбор ранее не выбранного пакета linux-hwe-6.14-tools-6.14.0-35.
Подготовка к распаковке …/31-linux-hwe-6.14-tools-6.14.0-35_6.14.0-35.35~24.04.1_amd64.deb …
Распаковывается linux-hwe-6.14-tools-6.14.0-35 (6.14.0-35.35~24.04.1) …
Выбор ранее не выбранного пакета linux-tools-6.14.0-35-generic.
Подготовка к распаковке …/32-linux-tools-6.14.0-35-generic_6.14.0-35.35~24.04.1_amd64.deb …
Распаковывается linux-tools-6.14.0-35-generic (6.14.0-35.35~24.04.1) …
Выбор ранее не выбранного пакета manpages-dev.
Подготовка к распаковке …/33-manpages-dev_6.7-2_all.deb …
Распаковывается manpages-dev (6.7-2) …
Выбор ранее не выбранного пакета thermald.
Подготовка к распаковке …/34-thermald_2.5.6-2ubuntu0.24.04.2_amd64.deb …
Распаковывается thermald (2.5.6-2ubuntu0.24.04.2) …
Выбор ранее не выбранного пакета ubuntu-kernel-accessories.
Подготовка к распаковке …/35-ubuntu-kernel-accessories_1.539.2_amd64.deb …
Распаковывается ubuntu-kernel-accessories (1.539.2) …
Настраивается пакет manpages-dev (6.7-2) …
Настраивается пакет ubuntu-kernel-accessories (1.539.2) …
Настраивается пакет iucode-tool (2.3.1-3build1) …
Настраивается пакет linux-firmware (20240318.git3b128b60-0ubuntu2.19) …
Настраивается пакет intel-microcode (3.20250812.0ubuntu0.24.04.1) …
intel-microcode: microcode will be updated at next boot
Настраивается пакет firmware-sof-signed (2023.12.1-1ubuntu1.10) …
Настраивается пакет linux-libc-dev:amd64 (6.8.0-87.88) …
Настраивается пакет amd64-microcode (3.20250311.1ubuntu0.24.04.1) …
amd64-microcode: microcode will be updated at next boot
Настраивается пакет locales (2.39-0ubuntu8.6) …
debconf: unable to initialize frontend: Dialog
debconf: (TERM is not set, so the dialog frontend is not usable.)
debconf: falling back to frontend: Readline
debconf: unable to initialize frontend: Readline
debconf: (This frontend requires a controlling tty.)
debconf: falling back to frontend: Teletype
Generating locales (this might take a while)...
  ru_RU.UTF-8... done
  ru_UA.UTF-8... done
Generation complete.
Настраивается пакет libc6-dbg:amd64 (2.39-0ubuntu8.6) …
Настраивается пакет hwdata (0.379-1) …
Настраивается пакет rpcsvc-proto (1.4.2-0ubuntu7) …
Настраивается пакет linux-hwe-6.14-headers-6.14.0-35 (6.14.0-35.35~24.04.1) …
Настраивается пакет linux-modules-6.14.0-35-generic (6.14.0-35.35~24.04.1) …
Настраивается пакет ieee-data (20220827.1) …
Настраивается пакет libcrypt-dev:amd64 (1:4.4.36-4build1) …
Настраивается пакет linux-image-6.14.0-35-generic (6.14.0-35.35~24.04.1) …
I: /boot/vmlinuz.old is now a symlink to vmlinuz-6.14.0-35-generic
I: /boot/initrd.img.old is now a symlink to initrd.img-6.14.0-35-generic
I: /boot/vmlinuz is now a symlink to vmlinuz-6.14.0-35-generic
I: /boot/initrd.img is now a symlink to initrd.img-6.14.0-35-generic
Настраивается пакет linux-modules-extra-6.14.0-35-generic (6.14.0-35.35~24.04.1) …
Настраивается пакет libc-dev-bin (2.39-0ubuntu8.6) …
Настраивается пакет linux-tools-common (6.8.0-87.88) …
Настраивается пакет thermald (2.5.6-2ubuntu0.24.04.2) …
Created symlink /etc/systemd/system/dbus-org.freedesktop.thermald.service → /usr/lib/systemd/system/thermald.service.
Created symlink /etc/systemd/system/multi-user.target.wants/thermald.service → /usr/lib/systemd/system/thermald.service.
Running in chroot, ignoring command 'daemon-reload'
/usr/sbin/policy-rc.d returned 101, not running 'start thermald.service'
Настраивается пакет libc-devtools (2.39-0ubuntu8.6) …
Настраивается пакет linux-headers-6.14.0-35-generic (6.14.0-35.35~24.04.1) …
Настраивается пакет libllvm18:amd64 (1:18.1.3-1ubuntu1) …
Настраивается пакет libclang1-18 (1:18.1.3-1ubuntu1) …
Настраивается пакет linux-image-generic-hwe-24.04 (6.14.0-35.35~24.04.1) …
Настраивается пакет linux-hwe-6.14-tools-6.14.0-35 (6.14.0-35.35~24.04.1) …
Настраивается пакет python3-netaddr (0.8.0-2ubuntu1) …
Настраивается пакет linux-headers-generic-hwe-24.04 (6.14.0-35.35~24.04.1) …
Настраивается пакет libc6-dev:amd64 (2.39-0ubuntu8.6) …
Настраивается пакет libclang-cpp18 (1:18.1.3-1ubuntu1) …
Настраивается пакет libbpfcc:amd64 (0.29.1+ds-1ubuntu7) …
Настраивается пакет python3-bpfcc (0.29.1+ds-1ubuntu7) …
Настраивается пакет linux-tools-6.14.0-35-generic (6.14.0-35.35~24.04.1) …
Настраивается пакет bpftrace (0.20.2-1ubuntu4.3) …
Настраивается пакет linux-generic-hwe-24.04 (6.14.0-35.35~24.04.1) …
Настраивается пакет bpfcc-tools (0.29.1+ds-1ubuntu7) …
Обрабатываются триггеры для libc-bin (2.39-0ubuntu8.6) …
Обрабатываются триггеры для man-db (2.12.0-4build2) …
Обрабатываются триггеры для dbus (1.14.10-4ubuntu4.1) …
Обрабатываются триггеры для initramfs-tools (0.142ubuntu25.5) …
Обрабатываются триггеры для linux-image-6.14.0-35-generic (6.14.0-35.35~24.04.1) …
Running command ['udevadm', 'settle'] with allowed return codes [0] (capture=False)
TIMED subp(['udevadm', 'settle']): 0.013
Running command ['mount', '--make-private', '/target/usr/bin/ischroot'] with allowed return codes [0] (capture=False)
Running command ['umount', '/target/usr/bin/ischroot'] with allowed return codes [0] (capture=False)
Running command ['mount', '--make-private', '/target/sys'] with allowed return codes [0] (capture=False)
Running command ['umount', '/target/sys'] with allowed return codes [0] (capture=False)
Running command ['mount', '--make-private', '/target/run'] with allowed return codes [0] (capture=False)
Running command ['umount', '/target/run'] with allowed return codes [0] (capture=False)
Running command ['mount', '--make-private', '/target/proc'] with allowed return codes [0] (capture=False)
Running command ['umount', '/target/proc'] with allowed return codes [0] (capture=False)
Running command ['mount', '--make-private', '/target/dev'] with allowed return codes [0] (capture=False)
Running command ['umount', '/target/dev'] with allowed return codes [0] (capture=False)
Running command ['mount', '--bind', '/dev', '/target/dev'] with allowed return codes [0] (capture=False)
Running command ['mount', '--bind', '/proc', '/target/proc'] with allowed return codes [0] (capture=False)
Running command ['mount', '--bind', '/run', '/target/run'] with allowed return codes [0] (capture=False)
Running command ['mount', '--bind', '/sys', '/target/sys'] with allowed return codes [0] (capture=False)
Running command ['mount', '--bind', '/target/usr/bin/true', '/target/usr/bin/ischroot'] with allowed return codes [0] (capture=False)
Checking if target_proc (/target/proc) is a mount
It is, so unshare will use --mount-proc=/target/proc
Running command ['unshare', '--fork', '--pid', '--mount-proc=/target/proc', '--', 'chroot', '/target', 'apt-get', 'clean'] with allowed return codes [0] (capture=False)
Running command ['udevadm', 'settle'] with allowed return codes [0] (capture=False)
TIMED subp(['udevadm', 'settle']): 0.011
Running command ['mount', '--make-private', '/target/usr/bin/ischroot'] with allowed return codes [0] (capture=False)
Running command ['umount', '/target/usr/bin/ischroot'] with allowed return codes [0] (capture=False)
Running command ['mount', '--make-private', '/target/sys'] with allowed return codes [0] (capture=False)
Running command ['umount', '/target/sys'] with allowed return codes [0] (capture=False)
Running command ['mount', '--make-private', '/target/run'] with allowed return codes [0] (capture=False)
Running command ['umount', '/target/run'] with allowed return codes [0] (capture=False)
Running command ['mount', '--make-private', '/target/proc'] with allowed return codes [0] (capture=False)
Running command ['umount', '/target/proc'] with allowed return codes [0] (capture=False)
Running command ['mount', '--make-private', '/target/dev'] with allowed return codes [0] (capture=False)
Running command ['umount', '/target/dev'] with allowed return codes [0] (capture=False)
finish: cmd-install/stage-curthooks/builtin/cmd-curthooks/installing-kernel: SUCCESS: installing kernel
start: cmd-install/stage-curthooks/builtin/cmd-curthooks/setting-up-swap: setting up swap
swap suggestion analysis: available: 27G maxsize: 6G memsize: 3G size before decision: 3G suggested size: 3G reason: lesser of formula or maxsize
Running command ['findmnt', '--noheading', '--target', '/target/', '-o', 'FSTYPE'] with allowed return codes [0] (capture=True)
Running command ['sh', '-c', 'rm -f "$1" && umask 0066 && truncate -s 0 "$1" && { chattr +C "$1" || true; } && fallocate -l "${2}M" "$1" && mkswap "$1" || { r=$?; rm -f "$1"; exit $r; }', 'setup_swap', '/target//swap.img', '3965'] with allowed return codes [0] (capture=False)
chattr: Неподдерживаемая операция while setting flags on /target//swap.img
Setting up swapspace version 1, size = 3,9 GiB (4157599744 bytes)
без метки, UUID=22edad92-6e9a-4389-9832-61f3ce495ad1
creating swapfile '/swap.img' of 3965MB took 0.080 seconds
finish: cmd-install/stage-curthooks/builtin/cmd-curthooks/setting-up-swap: SUCCESS: setting up swap
start: cmd-install/stage-curthooks/builtin/cmd-curthooks/apply-networking-config: apply networking config
copying interfaces
no interfaces file to copy!
finish: cmd-install/stage-curthooks/builtin/cmd-curthooks/apply-networking-config: SUCCESS: apply networking config
start: cmd-install/stage-curthooks/builtin/cmd-curthooks/writing-etc-fstab: writing etc/fstab
finish: cmd-install/stage-curthooks/builtin/cmd-curthooks/writing-etc-fstab: SUCCESS: writing etc/fstab
start: cmd-install/stage-curthooks/builtin/cmd-curthooks/configuring-multipath: configuring multipath
Multipath detection found: None
finish: cmd-install/stage-curthooks/builtin/cmd-curthooks/configuring-multipath: SUCCESS: configuring multipath
start: cmd-install/stage-curthooks/builtin/cmd-curthooks/system-upgrade: updating packages on target system
system_upgrade disabled by config.
finish: cmd-install/stage-curthooks/builtin/cmd-curthooks/system-upgrade: SUCCESS: updating packages on target system
start: cmd-install/stage-curthooks/builtin/cmd-curthooks/pollinate-user-agent: configuring pollinate user-agent on target
finish: cmd-install/stage-curthooks/builtin/cmd-curthooks/pollinate-user-agent: SUCCESS: configuring pollinate user-agent on target
start: cmd-install/stage-curthooks/builtin/cmd-curthooks/updating-initramfs-configuration: updating initramfs configuration
Running command ['mount', '--bind', '/dev', '/target/dev'] with allowed return codes [0] (capture=False)
Running command ['mount', '--bind', '/proc', '/target/proc'] with allowed return codes [0] (capture=False)
Running command ['mount', '--bind', '/run', '/target/run'] with allowed return codes [0] (capture=False)
Running command ['mount', '--bind', '/sys', '/target/sys'] with allowed return codes [0] (capture=False)
Running command ['mount', '--bind', '/target/usr/bin/true', '/target/usr/bin/ischroot'] with allowed return codes [0] (capture=False)
Checking if target_proc (/target/proc) is a mount
It is, so unshare will use --mount-proc=/target/proc
Running command ['unshare', '--fork', '--pid', '--mount-proc=/target/proc', '--', 'chroot', '/target', 'dpkg-divert', '--list'] with allowed return codes [0] (capture=True)
Running command ['udevadm', 'settle'] with allowed return codes [0] (capture=False)
TIMED subp(['udevadm', 'settle']): 0.016
Running command ['mount', '--make-private', '/target/usr/bin/ischroot'] with allowed return codes [0] (capture=False)
Running command ['umount', '/target/usr/bin/ischroot'] with allowed return codes [0] (capture=False)
Running command ['mount', '--make-private', '/target/sys'] with allowed return codes [0] (capture=False)
Running command ['umount', '/target/sys'] with allowed return codes [0] (capture=False)
Running command ['mount', '--make-private', '/target/run'] with allowed return codes [0] (capture=False)
Running command ['umount', '/target/run'] with allowed return codes [0] (capture=False)
Running command ['mount', '--make-private', '/target/proc'] with allowed return codes [0] (capture=False)
Running command ['umount', '/target/proc'] with allowed return codes [0] (capture=False)
Running command ['mount', '--make-private', '/target/dev'] with allowed return codes [0] (capture=False)
Running command ['umount', '/target/dev'] with allowed return codes [0] (capture=False)
Running command ['mount', '--bind', '/dev', '/target/dev'] with allowed return codes [0] (capture=False)
Running command ['mount', '--bind', '/proc', '/target/proc'] with allowed return codes [0] (capture=False)
Running command ['mount', '--bind', '/run', '/target/run'] with allowed return codes [0] (capture=False)
Running command ['mount', '--bind', '/sys', '/target/sys'] with allowed return codes [0] (capture=False)
Running command ['mount', '--bind', '/target/usr/bin/true', '/target/usr/bin/ischroot'] with allowed return codes [0] (capture=False)
Restoring update-initramfs in target for initrd updates.
del_file: removed /target/usr/sbin/update-initramfs
Checking if target_proc (/target/proc) is a mount
It is, so unshare will use --mount-proc=/target/proc
Running command ['unshare', '--fork', '--pid', '--mount-proc=/target/proc', '--', 'chroot', '/target', 'dpkg-divert', '--rename', '--remove', '/usr/sbin/update-initramfs'] with allowed return codes [0] (capture=False)
Удаляется «локальное отклонение /usr/sbin/update-initramfs в /usr/sbin/update-initramfs.curtin-disabled»
Running command ['udevadm', 'settle'] with allowed return codes [0] (capture=False)
TIMED subp(['udevadm', 'settle']): 0.013
Running command ['mount', '--make-private', '/target/usr/bin/ischroot'] with allowed return codes [0] (capture=False)
Running command ['umount', '/target/usr/bin/ischroot'] with allowed return codes [0] (capture=False)
Running command ['mount', '--make-private', '/target/sys'] with allowed return codes [0] (capture=False)
Running command ['umount', '/target/sys'] with allowed return codes [0] (capture=False)
Running command ['mount', '--make-private', '/target/run'] with allowed return codes [0] (capture=False)
Running command ['umount', '/target/run'] with allowed return codes [0] (capture=False)
Running command ['mount', '--make-private', '/target/proc'] with allowed return codes [0] (capture=False)
Running command ['umount', '/target/proc'] with allowed return codes [0] (capture=False)
Running command ['mount', '--make-private', '/target/dev'] with allowed return codes [0] (capture=False)
Running command ['umount', '/target/dev'] with allowed return codes [0] (capture=False)
Running command ['mount', '--bind', '/dev', '/target/dev'] with allowed return codes [0] (capture=False)
Running command ['mount', '--bind', '/proc', '/target/proc'] with allowed return codes [0] (capture=False)
Running command ['mount', '--bind', '/run', '/target/run'] with allowed return codes [0] (capture=False)
Running command ['mount', '--bind', '/sys', '/target/sys'] with allowed return codes [0] (capture=False)
Running command ['mount', '--bind', '/target/usr/bin/true', '/target/usr/bin/ischroot'] with allowed return codes [0] (capture=False)
Checking if target_proc (/target/proc) is a mount
It is, so unshare will use --mount-proc=/target/proc
Running command ['unshare', '--fork', '--pid', '--mount-proc=/target/proc', '--', 'chroot', '/target', 'dpkg-divert', '--list'] with allowed return codes [0] (capture=True)
Running command ['udevadm', 'settle'] with allowed return codes [0] (capture=False)
TIMED subp(['udevadm', 'settle']): 0.005
Running command ['mount', '--make-private', '/target/usr/bin/ischroot'] with allowed return codes [0] (capture=False)
Running command ['umount', '/target/usr/bin/ischroot'] with allowed return codes [0] (capture=False)
Running command ['mount', '--make-private', '/target/sys'] with allowed return codes [0] (capture=False)
Running command ['umount', '/target/sys'] with allowed return codes [0] (capture=False)
Running command ['mount', '--make-private', '/target/run'] with allowed return codes [0] (capture=False)
Running command ['umount', '/target/run'] with allowed return codes [0] (capture=False)
Running command ['mount', '--make-private', '/target/proc'] with allowed return codes [0] (capture=False)
Running command ['umount', '/target/proc'] with allowed return codes [0] (capture=False)
Running command ['mount', '--make-private', '/target/dev'] with allowed return codes [0] (capture=False)
Running command ['umount', '/target/dev'] with allowed return codes [0] (capture=False)
Running command ['mount', '--bind', '/dev', '/target/dev'] with allowed return codes [0] (capture=False)
Running command ['mount', '--bind', '/proc', '/target/proc'] with allowed return codes [0] (capture=False)
Running command ['mount', '--bind', '/run', '/target/run'] with allowed return codes [0] (capture=False)
Running command ['mount', '--bind', '/sys', '/target/sys'] with allowed return codes [0] (capture=False)
Running command ['mount', '--bind', '/target/usr/bin/true', '/target/usr/bin/ischroot'] with allowed return codes [0] (capture=False)
Checking if target_proc (/target/proc) is a mount
It is, so unshare will use --mount-proc=/target/proc
Running command ['unshare', '--fork', '--pid', '--mount-proc=/target/proc', '--', 'chroot', '/target', 'update-initramfs', '-c', '-k', '6.14.0-35-generic'] with allowed return codes [0] (capture=False)
update-initramfs: Generating /boot/initrd.img-6.14.0-35-generic
Running command ['udevadm', 'settle'] with allowed return codes [0] (capture=False)
TIMED subp(['udevadm', 'settle']): 0.005
Running command ['mount', '--make-private', '/target/usr/bin/ischroot'] with allowed return codes [0] (capture=False)
Running command ['umount', '/target/usr/bin/ischroot'] with allowed return codes [0] (capture=False)
Running command ['mount', '--make-private', '/target/sys'] with allowed return codes [0] (capture=False)
Running command ['umount', '/target/sys'] with allowed return codes [0] (capture=False)
Running command ['mount', '--make-private', '/target/run'] with allowed return codes [0] (capture=False)
Running command ['umount', '/target/run'] with allowed return codes [0] (capture=False)
Running command ['mount', '--make-private', '/target/proc'] with allowed return codes [0] (capture=False)
Running command ['umount', '/target/proc'] with allowed return codes [0] (capture=False)
Running command ['mount', '--make-private', '/target/dev'] with allowed return codes [0] (capture=False)
Running command ['umount', '/target/dev'] with allowed return codes [0] (capture=False)
finish: cmd-install/stage-curthooks/builtin/cmd-curthooks/updating-initramfs-configuration: SUCCESS: updating initramfs configuration
start: cmd-install/stage-curthooks/builtin/cmd-curthooks/configuring-bootloader: configuring target system bootloader
start: cmd-install/stage-curthooks/builtin/cmd-curthooks/install-grub: installing grub to target devices
setup grub on target /target
checking: {'ptable': 'gpt', 'serial': 'VBOX_HARDDISK_VB469c3dd6-4dfcf5f3', 'path': '/dev/sda', 'wipe': 'superblock-recursive', 'preserve': False, 'name': '', 'grub_device': True, 'id': 'disk-sda', 'type': 'disk'}
get_path_to_storage_volume for volume disk-sda({'ptable': 'gpt', 'serial': 'VBOX_HARDDISK_VB469c3dd6-4dfcf5f3', 'path': '/dev/sda', 'wipe': 'superblock-recursive', 'preserve': False, 'name': '', 'grub_device': True, 'id': 'disk-sda', 'type': 'disk'})
Processing serial VBOX_HARDDISK_VB469c3dd6-4dfcf5f3 via udev to VBOX_HARDDISK_VB469c3dd6-4dfcf5f3
lookup_disks found: ['ata-VBOX_HARDDISK_VB469c3dd6-4dfcf5f3', 'ata-VBOX_HARDDISK_VB469c3dd6-4dfcf5f3-part2', 'ata-VBOX_HARDDISK_VB469c3dd6-4dfcf5f3-part1']
Running command ['udevadm', 'info', '--query=property', '--export', '/dev/sda'] with allowed return codes [0] (capture=True)
/dev/sda is multipath device? False
Running command ['udevadm', 'info', '--query=property', '--export', '/dev/sda'] with allowed return codes [0] (capture=True)
/dev/sda is multipath device member? False
block.lookup_disk() returning path /dev/sda
Running command ['partprobe', '/dev/sda'] with allowed return codes [0, 1] (capture=False)
Running command ['udevadm', 'settle'] with allowed return codes [0] (capture=False)
TIMED udevadm_settle(): 0.052
devsync happy - path /dev/sda now exists
return volume path /dev/sda
install_devices: ['/dev/sda']
Generating grub debconf_selections for devices=['/dev/sda'] uefi=False
Applying grub debconf_selections config:
{'debconf_selections': {'grub': 'grub-pc grub-pc/install_devices multiselect /dev/disk/by-id/ata-VBOX_HARDDISK_VB469c3dd6-4dfcf5f3'}}
Applying debconf selections
Checking if target_proc (/target/proc) is a mount
It's not, using normal behavior
Running command ['unshare', '--fork', '--pid', '--', 'chroot', '/target', 'debconf-set-selections'] with allowed return codes [0] (capture=True)
Checking if target_proc (/target/proc) is a mount
It's not, using normal behavior
Running command ['unshare', '--fork', '--pid', '--', 'chroot', '/target', 'dpkg-query', '--list'] with allowed return codes [0] (capture=True)
The following packages were installed and preseeded, but cannot be unconfigured: ['grub-pc']
installing grub to target=/target devices=['/dev/sda'] [replace_defaults=False]
Checking if target_proc (/target/proc) is a mount
It's not, using normal behavior
Running command ['unshare', '--fork', '--pid', '--', 'chroot', '/target', 'dpkg', '--print-architecture'] with allowed return codes [0] (capture=True)
Using grub install command: grub-install
Grub install cmds:
[['dpkg-reconfigure', 'grub-pc'], ['update-grub'], ['grub-install', '/dev/sda']]
Running command ['mount', '--bind', '/dev', '/target/dev'] with allowed return codes [0] (capture=False)
Running command ['mount', '--bind', '/proc', '/target/proc'] with allowed return codes [0] (capture=False)
Running command ['mount', '--bind', '/run', '/target/run'] with allowed return codes [0] (capture=False)
Running command ['mount', '--bind', '/sys', '/target/sys'] with allowed return codes [0] (capture=False)
Running command ['mount', '--bind', '/target/usr/bin/true', '/target/usr/bin/ischroot'] with allowed return codes [0] (capture=False)
Checking if target_proc (/target/proc) is a mount
It is, so unshare will use --mount-proc=/target/proc
Running command ['unshare', '--fork', '--pid', '--mount-proc=/target/proc', '--', 'chroot', '/target', 'dpkg-reconfigure', 'grub-pc'] with allowed return codes [0] (capture=True)
Checking if target_proc (/target/proc) is a mount
It is, so unshare will use --mount-proc=/target/proc
Running command ['unshare', '--fork', '--pid', '--mount-proc=/target/proc', '--', 'chroot', '/target', 'update-grub'] with allowed return codes [0] (capture=True)
Checking if target_proc (/target/proc) is a mount
It is, so unshare will use --mount-proc=/target/proc
Running command ['unshare', '--fork', '--pid', '--mount-proc=/target/proc', '--', 'chroot', '/target', 'grub-install', '/dev/sda'] with allowed return codes [0] (capture=True)
Running command ['udevadm', 'settle'] with allowed return codes [0] (capture=False)
TIMED subp(['udevadm', 'settle']): 0.069
Running command ['mount', '--make-private', '/target/usr/bin/ischroot'] with allowed return codes [0] (capture=False)
Running command ['umount', '/target/usr/bin/ischroot'] with allowed return codes [0] (capture=False)
Running command ['mount', '--make-private', '/target/sys'] with allowed return codes [0] (capture=False)
Running command ['umount', '/target/sys'] with allowed return codes [0] (capture=False)
Running command ['mount', '--make-private', '/target/run'] with allowed return codes [0] (capture=False)
Running command ['umount', '/target/run'] with allowed return codes [0] (capture=False)
Running command ['mount', '--make-private', '/target/proc'] with allowed return codes [0] (capture=False)
Running command ['umount', '/target/proc'] with allowed return codes [0] (capture=False)
Running command ['mount', '--make-private', '/target/dev'] with allowed return codes [0] (capture=False)
Running command ['umount', '/target/dev'] with allowed return codes [0] (capture=False)
finish: cmd-install/stage-curthooks/builtin/cmd-curthooks/install-grub: SUCCESS: installing grub to target devices
finish: cmd-install/stage-curthooks/builtin/cmd-curthooks/configuring-bootloader: SUCCESS: configuring target system bootloader
start: cmd-install/stage-curthooks/builtin/cmd-curthooks/copy-cdrom-metadata: copying metadata from /cdrom
copying media-info into target
/cdrom/.disk/ubuntu_dist_channel not found, skipping
finish: cmd-install/stage-curthooks/builtin/cmd-curthooks/copy-cdrom-metadata: SUCCESS: copying metadata from /cdrom
finish: cmd-install/stage-curthooks/builtin/cmd-curthooks: SUCCESS: curtin command curthooks
curtin: Installation finished.
