2025-11-19 12:50:13,512 curtin:120 Running command ['dpkg', '--print-architecture'] with allowed return codes [0] (capture=True)
2025-11-19 12:50:13,689 curtin.reporting.start.subiquity/Meta/status_GET:45 start: subiquity/Meta/status_GET: 
2025-11-19 12:50:13,690 curtin.reporting.finish.subiquity/Meta/status_GET:45 finish: subiquity/Meta/status_GET: SUCCESS: 200 {"state": "CLOUD_INIT_WAIT", "confirming_tty": "", "error": null, "nonreporta...
2025-11-19 12:50:14,710 curtin.reporting.start.subiquity/Meta/status_GET:45 start: subiquity/Meta/status_GET: 
2025-11-19 12:50:14,710 curtin.reporting.finish.subiquity/Meta/status_GET:45 finish: subiquity/Meta/status_GET: SUCCESS: 200 {"state": "CLOUD_INIT_WAIT", "confirming_tty": "", "error": null, "nonreporta...
2025-11-19 12:50:14,749 curtin.reporting.start.subiquity/load_cloud_config:45 start: subiquity/load_cloud_config: 
2025-11-19 12:50:14,749 curtin.reporting.start.subiquity/load_cloud_config/extract_autoinstall:45 start: subiquity/load_cloud_config/extract_autoinstall: 
2025-11-19 12:50:14,749 curtin.reporting.start.subiquity/load_cloud_config/extract_autoinstall:45 start: subiquity/load_cloud_config/extract_autoinstall: 
2025-11-19 12:50:15,656 curtin.reporting.finish.subiquity/load_cloud_config/extract_autoinstall:45 finish: subiquity/load_cloud_config/extract_autoinstall: SUCCESS: 
2025-11-19 12:50:15,657 curtin.reporting.finish.subiquity/load_cloud_config:45 finish: subiquity/load_cloud_config: SUCCESS: 
2025-11-19 12:50:15,793 curtin.reporting.start.subiquity/load_autoinstall_config:45 start: subiquity/load_autoinstall_config: 
2025-11-19 12:50:15,793 curtin.reporting.finish.subiquity/load_autoinstall_config:45 finish: subiquity/load_autoinstall_config: SUCCESS: 
2025-11-19 12:50:15,793 curtin.reporting.start.subiquity/load_autoinstall_config:45 start: subiquity/load_autoinstall_config: 
2025-11-19 12:50:15,793 curtin.reporting.finish.subiquity/load_autoinstall_config:45 finish: subiquity/load_autoinstall_config: SUCCESS: 
2025-11-19 12:50:16,346 probert.multipath:38 Failed to run cmd: ['multipathd', 'show', 'maps', 'raw', 'format', '%w,%d,%N']
2025-11-19 12:50:16,346 probert.multipath:38 Failed to run cmd: ['multipathd', 'show', 'paths', 'raw', 'format', '%d,%z,%m,%N,%n,%R,%r,%a']
2025-11-19 12:50:16,415 probert.dasd:134 Probing DASD devies
2025-11-19 12:50:16,415 probert.dasd:137 DASD devices only present on s390x, arch=x86_64
2025-11-19 12:50:17,905 curtin:1445 Extracting storage config from probe data
2025-11-19 12:50:17,906 curtin:73 /dev/sr0 is multipath device member? False
2025-11-19 12:50:17,906 curtin:86 /dev/sr0 is multipath device partition? False
2025-11-19 12:50:17,906 curtin:73 /dev/sda is multipath device member? False
2025-11-19 12:50:17,906 curtin:86 /dev/sda is multipath device partition? False
2025-11-19 12:50:17,906 curtin:61 /dev/sda is multipath device? False
2025-11-19 12:50:17,906 curtin:86 /dev/sda is multipath device partition? False
2025-11-19 12:50:17,906 curtin:61 /dev/sda is multipath device? False
2025-11-19 12:50:17,916 curtin:73 /dev/sr0 is multipath device member? False
2025-11-19 12:50:17,916 curtin:1452 Sorting extracted configurations
2025-11-19 12:50:17,916 curtin:1472 Validating extracted storage config components
2025-11-19 12:50:17,924 curtin:1489 Extracted (unmerged) storage config:
storage:
-   id: disk-sda
    path: /dev/sda
    serial: VBOX_HARDDISK_VB469c3dd6-4dfcf5f3
    type: disk

2025-11-19 12:50:17,924 curtin:1493 Generating storage config dependencies
2025-11-19 12:50:17,924 curtin:1499 Merging storage config dependencies
2025-11-19 12:50:17,924 curtin:1504 Merged storage config:
storage:
    config:
    -   id: disk-sda
        path: /dev/sda
        serial: VBOX_HARDDISK_VB469c3dd6-4dfcf5f3
        type: disk
    version: 2

2025-11-19 12:51:09,709 curtin:117 Setting up Layered Source for stack ['///cdrom/casper/minimal.squashfs', '///cdrom/casper/minimal.enhanced-secureboot.squashfs', '///cdrom/casper/minimal.enhanced-secureboot.ru.squashfs']
2025-11-19 12:51:09,709 curtin:120 Running command ['mount', '-o', 'loop,ro', '///cdrom/casper/minimal.squashfs', '/tmp/tmptbwdsxuv/minimal.squashfs.dir'] with allowed return codes [0] (capture=True)
2025-11-19 12:51:09,718 curtin:120 Running command ['mount', '-o', 'loop,ro', '///cdrom/casper/minimal.enhanced-secureboot.squashfs', '/tmp/tmptbwdsxuv/minimal.enhanced-secureboot.squashfs.dir'] with allowed return codes [0] (capture=True)
2025-11-19 12:51:09,781 curtin:120 Running command ['mount', '-o', 'loop,ro', '///cdrom/casper/minimal.enhanced-secureboot.ru.squashfs', '/tmp/tmptbwdsxuv/minimal.enhanced-secureboot.ru.squashfs.dir'] with allowed return codes [0] (capture=True)
2025-11-19 12:51:09,807 curtin:120 Running command ['mount', '-o', 'lowerdir=/tmp/tmptbwdsxuv/minimal.enhanced-secureboot.ru.squashfs.dir:/tmp/tmptbwdsxuv/minimal.enhanced-secureboot.squashfs.dir:/tmp/tmptbwdsxuv/minimal.squashfs.dir', '-t', 'overlay', 'overlay', '/tmp/tmptbwdsxuv/root.dir'] with allowed return codes [0] (capture=True)
2025-11-19 12:51:10,155 probert.multipath:38 Failed to run cmd: ['multipathd', 'show', 'maps', 'raw', 'format', '%w,%d,%N']
2025-11-19 12:51:10,155 probert.multipath:38 Failed to run cmd: ['multipathd', 'show', 'paths', 'raw', 'format', '%d,%z,%m,%N,%n,%R,%r,%a']
2025-11-19 12:51:10,174 probert.dasd:134 Probing DASD devies
2025-11-19 12:51:10,174 probert.dasd:137 DASD devices only present on s390x, arch=x86_64
2025-11-19 12:51:10,292 curtin:1445 Extracting storage config from probe data
2025-11-19 12:51:10,292 curtin:73 /dev/sr0 is multipath device member? False
2025-11-19 12:51:10,292 curtin:86 /dev/sr0 is multipath device partition? False
2025-11-19 12:51:10,292 curtin:73 /dev/sda is multipath device member? False
2025-11-19 12:51:10,292 curtin:86 /dev/sda is multipath device partition? False
2025-11-19 12:51:10,292 curtin:61 /dev/sda is multipath device? False
2025-11-19 12:51:10,292 curtin:86 /dev/sda is multipath device partition? False
2025-11-19 12:51:10,292 curtin:61 /dev/sda is multipath device? False
2025-11-19 12:51:10,299 curtin:73 /dev/sr0 is multipath device member? False
2025-11-19 12:51:10,299 curtin:1452 Sorting extracted configurations
2025-11-19 12:51:10,299 curtin:1472 Validating extracted storage config components
2025-11-19 12:51:10,305 curtin:1489 Extracted (unmerged) storage config:
storage:
-   id: disk-sda
    path: /dev/sda
    serial: VBOX_HARDDISK_VB469c3dd6-4dfcf5f3
    type: disk

2025-11-19 12:51:10,305 curtin:1493 Generating storage config dependencies
2025-11-19 12:51:10,305 curtin:1499 Merging storage config dependencies
2025-11-19 12:51:10,305 curtin:1504 Merged storage config:
storage:
    config:
    -   id: disk-sda
        path: /dev/sda
        serial: VBOX_HARDDISK_VB469c3dd6-4dfcf5f3
        type: disk
    version: 2

2025-11-19 12:51:13,707 curtin:120 Running command ['umount', '/tmp/tmptbwdsxuv/root.dir'] with allowed return codes [0] (capture=True)
2025-11-19 12:51:13,729 curtin:120 Running command ['umount', '/tmp/tmptbwdsxuv/minimal.enhanced-secureboot.ru.squashfs.dir'] with allowed return codes [0] (capture=True)
2025-11-19 12:51:13,734 curtin:120 Running command ['umount', '/tmp/tmptbwdsxuv/minimal.enhanced-secureboot.squashfs.dir'] with allowed return codes [0] (capture=True)
2025-11-19 12:51:13,773 curtin:120 Running command ['umount', '/tmp/tmptbwdsxuv/minimal.squashfs.dir'] with allowed return codes [0] (capture=True)
2025-11-19 12:51:13,979 probert.multipath:38 Failed to run cmd: ['multipathd', 'show', 'maps', 'raw', 'format', '%w,%d,%N']
2025-11-19 12:51:13,979 probert.multipath:38 Failed to run cmd: ['multipathd', 'show', 'paths', 'raw', 'format', '%d,%z,%m,%N,%n,%R,%r,%a']
2025-11-19 12:51:13,985 probert.dasd:134 Probing DASD devies
2025-11-19 12:51:13,985 probert.dasd:137 DASD devices only present on s390x, arch=x86_64
2025-11-19 12:51:14,004 curtin:1445 Extracting storage config from probe data
2025-11-19 12:51:14,004 curtin:73 /dev/sr0 is multipath device member? False
2025-11-19 12:51:14,004 curtin:86 /dev/sr0 is multipath device partition? False
2025-11-19 12:51:14,004 curtin:73 /dev/sda is multipath device member? False
2025-11-19 12:51:14,004 curtin:86 /dev/sda is multipath device partition? False
2025-11-19 12:51:14,004 curtin:61 /dev/sda is multipath device? False
2025-11-19 12:51:14,004 curtin:86 /dev/sda is multipath device partition? False
2025-11-19 12:51:14,005 curtin:61 /dev/sda is multipath device? False
2025-11-19 12:51:14,011 curtin:73 /dev/sr0 is multipath device member? False
2025-11-19 12:51:14,011 curtin:1452 Sorting extracted configurations
2025-11-19 12:51:14,011 curtin:1472 Validating extracted storage config components
2025-11-19 12:51:14,017 curtin:1489 Extracted (unmerged) storage config:
storage:
-   id: disk-sda
    path: /dev/sda
    serial: VBOX_HARDDISK_VB469c3dd6-4dfcf5f3
    type: disk

2025-11-19 12:51:14,017 curtin:1493 Generating storage config dependencies
2025-11-19 12:51:14,017 curtin:1499 Merging storage config dependencies
2025-11-19 12:51:14,017 curtin:1504 Merged storage config:
storage:
    config:
    -   id: disk-sda
        path: /dev/sda
        serial: VBOX_HARDDISK_VB469c3dd6-4dfcf5f3
        type: disk
    version: 2

2025-11-19 12:52:02,962 curtin:1445 Extracting storage config from probe data
2025-11-19 12:52:02,962 curtin:73 /dev/sr0 is multipath device member? False
2025-11-19 12:52:02,962 curtin:86 /dev/sr0 is multipath device partition? False
2025-11-19 12:52:02,962 curtin:73 /dev/sda is multipath device member? False
2025-11-19 12:52:02,962 curtin:86 /dev/sda is multipath device partition? False
2025-11-19 12:52:02,962 curtin:61 /dev/sda is multipath device? False
2025-11-19 12:52:02,962 curtin:86 /dev/sda is multipath device partition? False
2025-11-19 12:52:02,962 curtin:61 /dev/sda is multipath device? False
2025-11-19 12:52:02,970 curtin:73 /dev/sr0 is multipath device member? False
2025-11-19 12:52:02,970 curtin:1452 Sorting extracted configurations
2025-11-19 12:52:02,970 curtin:1472 Validating extracted storage config components
2025-11-19 12:52:02,976 curtin:1489 Extracted (unmerged) storage config:
storage:
-   id: disk-sda
    path: /dev/sda
    serial: VBOX_HARDDISK_VB469c3dd6-4dfcf5f3
    type: disk

2025-11-19 12:52:02,978 curtin:1493 Generating storage config dependencies
2025-11-19 12:52:02,978 curtin:1499 Merging storage config dependencies
2025-11-19 12:52:02,979 curtin:1504 Merged storage config:
storage:
    config:
    -   id: disk-sda
        path: /dev/sda
        serial: VBOX_HARDDISK_VB469c3dd6-4dfcf5f3
        type: disk
    version: 2

2025-11-19 12:52:03,006 curtin:1445 Extracting storage config from probe data
2025-11-19 12:52:03,006 curtin:73 /dev/sr0 is multipath device member? False
2025-11-19 12:52:03,006 curtin:86 /dev/sr0 is multipath device partition? False
2025-11-19 12:52:03,006 curtin:73 /dev/sda is multipath device member? False
2025-11-19 12:52:03,006 curtin:86 /dev/sda is multipath device partition? False
2025-11-19 12:52:03,006 curtin:61 /dev/sda is multipath device? False
2025-11-19 12:52:03,006 curtin:86 /dev/sda is multipath device partition? False
2025-11-19 12:52:03,006 curtin:61 /dev/sda is multipath device? False
2025-11-19 12:52:03,015 curtin:73 /dev/sr0 is multipath device member? False
2025-11-19 12:52:03,015 curtin:1452 Sorting extracted configurations
2025-11-19 12:52:03,015 curtin:1472 Validating extracted storage config components
2025-11-19 12:52:03,022 curtin:1489 Extracted (unmerged) storage config:
storage:
-   id: disk-sda
    path: /dev/sda
    serial: VBOX_HARDDISK_VB469c3dd6-4dfcf5f3
    type: disk

2025-11-19 12:52:03,022 curtin:1493 Generating storage config dependencies
2025-11-19 12:52:03,022 curtin:1499 Merging storage config dependencies
2025-11-19 12:52:03,024 curtin:1504 Merged storage config:
storage:
    config:
    -   id: disk-sda
        path: /dev/sda
        serial: VBOX_HARDDISK_VB469c3dd6-4dfcf5f3
        type: disk
    version: 2

2025-11-19 12:52:04,555 curtin:117 Setting up Layered Source for stack ['///cdrom/casper/minimal.squashfs', '///cdrom/casper/minimal.ru.squashfs']
2025-11-19 12:52:04,556 curtin:120 Running command ['mount', '-o', 'loop,ro', '///cdrom/casper/minimal.squashfs', '/tmp/tmplegfboxy/minimal.squashfs.dir'] with allowed return codes [0] (capture=True)
2025-11-19 12:52:04,560 curtin:120 Running command ['mount', '-o', 'loop,ro', '///cdrom/casper/minimal.ru.squashfs', '/tmp/tmplegfboxy/minimal.ru.squashfs.dir'] with allowed return codes [0] (capture=True)
2025-11-19 12:52:04,586 curtin:120 Running command ['mount', '-o', 'lowerdir=/tmp/tmplegfboxy/minimal.ru.squashfs.dir:/tmp/tmplegfboxy/minimal.squashfs.dir', '-t', 'overlay', 'overlay', '/tmp/tmplegfboxy/root.dir'] with allowed return codes [0] (capture=True)
2025-11-19 12:52:13,918 curtin:117 Setting up Layered Source for stack ['///cdrom/casper/minimal.squashfs', '///cdrom/casper/minimal.ru.squashfs']
2025-11-19 12:52:13,918 curtin:120 Running command ['mount', '-o', 'loop,ro', '///cdrom/casper/minimal.squashfs', '/tmp/tmpe_rge70e/minimal.squashfs.dir'] with allowed return codes [0] (capture=True)
2025-11-19 12:52:13,922 curtin:120 Running command ['mount', '-o', 'loop,ro', '///cdrom/casper/minimal.ru.squashfs', '/tmp/tmpe_rge70e/minimal.ru.squashfs.dir'] with allowed return codes [0] (capture=True)
2025-11-19 12:52:13,928 curtin:120 Running command ['mount', '-o', 'lowerdir=/tmp/tmpe_rge70e/minimal.ru.squashfs.dir:/tmp/tmpe_rge70e/minimal.squashfs.dir', '-t', 'overlay', 'overlay', '/tmp/tmpe_rge70e/root.dir'] with allowed return codes [0] (capture=True)
2025-11-19 13:01:23,722 curtin:120 Running command ['umount', '/tmp/tmpe_rge70e/root.dir'] with allowed return codes [0] (capture=True)
2025-11-19 13:01:23,726 curtin:120 Running command ['umount', '/tmp/tmpe_rge70e/minimal.ru.squashfs.dir'] with allowed return codes [0] (capture=True)
2025-11-19 13:01:23,730 curtin:120 Running command ['umount', '/tmp/tmpe_rge70e/minimal.squashfs.dir'] with allowed return codes [0] (capture=True)
