Log started: 2025-11-19  13:00:33
Предварительная настройка пакетов …
setting xserver-xorg-legacy/xwrapper/allowed_users from configuration file
Предварительная настройка пакетов …
setting xserver-xorg-legacy/xwrapper/allowed_users from configuration file
E: Can not write log (Is /dev/pts mounted?) - posix_openpt (19: No such device)
(Чтение базы данных … на данный момент установлено 151097 файлов и каталогов.)
Подготовка к распаковке …/dpkg_1.22.6ubuntu6.5_amd64.deb …
Распаковывается dpkg (1.22.6ubuntu6.5) на замену (1.22.6ubuntu6.1) …
Настраивается пакет dpkg (1.22.6ubuntu6.5) …
Running in chroot, ignoring command 'daemon-reload'
(Чтение базы данных … на данный момент установлено 151097 файлов и каталогов.)
Подготовка к распаковке …/libpam0g_1.5.3-5ubuntu5.5_amd64.deb …
Распаковывается libpam0g:amd64 (1.5.3-5ubuntu5.5) на замену (1.5.3-5ubuntu5.4) …
Настраивается пакет libpam0g:amd64 (1.5.3-5ubuntu5.5) …
(Чтение базы данных … на данный момент установлено 151097 файлов и каталогов.)
Подготовка к распаковке …/libpam-modules-bin_1.5.3-5ubuntu5.5_amd64.deb …
Распаковывается libpam-modules-bin (1.5.3-5ubuntu5.5) на замену (1.5.3-5ubuntu5.4) …
Настраивается пакет libpam-modules-bin (1.5.3-5ubuntu5.5) …
Running in chroot, ignoring command 'daemon-reload'
/usr/sbin/policy-rc.d returned 101, not running 'restart pam_namespace.service'
(Чтение базы данных … на данный момент установлено 151097 файлов и каталогов.)
Подготовка к распаковке …/libpam-modules_1.5.3-5ubuntu5.5_amd64.deb …
Распаковывается libpam-modules:amd64 (1.5.3-5ubuntu5.5) на замену (1.5.3-5ubuntu5.4) …
Настраивается пакет libpam-modules:amd64 (1.5.3-5ubuntu5.5) …
(Чтение базы данных … на данный момент установлено 151097 файлов и каталогов.)
Подготовка к распаковке …/python3-minimal_3.12.3-0ubuntu2.1_amd64.deb …
Распаковывается python3-minimal (3.12.3-0ubuntu2.1) на замену (3.12.3-0ubuntu2) …
Настраивается пакет python3-minimal (3.12.3-0ubuntu2.1) …
(Чтение базы данных … на данный момент установлено 151097 файлов и каталогов.)
Подготовка к распаковке …/0-python3_3.12.3-0ubuntu2.1_amd64.deb …
Распаковывается python3 (3.12.3-0ubuntu2.1) на замену (3.12.3-0ubuntu2) …
Подготовка к распаковке …/1-libpython3.12t64_3.12.3-1ubuntu0.8_amd64.deb …
Распаковывается libpython3.12t64:amd64 (3.12.3-1ubuntu0.8) на замену (3.12.3-1ubuntu0.7) …
Подготовка к распаковке …/2-libsqlite3-0_3.45.1-1ubuntu2.5_amd64.deb …
Распаковывается libsqlite3-0:amd64 (3.45.1-1ubuntu2.5) на замену (3.45.1-1ubuntu2.4) …
Подготовка к распаковке …/3-python3.12_3.12.3-1ubuntu0.8_amd64.deb …
Распаковывается python3.12 (3.12.3-1ubuntu0.8) на замену (3.12.3-1ubuntu0.7) …
Подготовка к распаковке …/4-libpython3.12-stdlib_3.12.3-1ubuntu0.8_amd64.deb …
Распаковывается libpython3.12-stdlib:amd64 (3.12.3-1ubuntu0.8) на замену (3.12.3-1ubuntu0.7) …
Подготовка к распаковке …/5-libssl3t64_3.0.13-0ubuntu3.6_amd64.deb …
Распаковывается libssl3t64:amd64 (3.0.13-0ubuntu3.6) на замену (3.0.13-0ubuntu3.5) …
Настраивается пакет libssl3t64:amd64 (3.0.13-0ubuntu3.6) …
(Чтение базы данных … на данный момент установлено 151097 файлов и каталогов.)
Подготовка к распаковке …/00-python3.12-minimal_3.12.3-1ubuntu0.8_amd64.deb …
Распаковывается python3.12-minimal (3.12.3-1ubuntu0.8) на замену (3.12.3-1ubuntu0.7) …
Подготовка к распаковке …/01-libpython3.12-minimal_3.12.3-1ubuntu0.8_amd64.deb …
Распаковывается libpython3.12-minimal:amd64 (3.12.3-1ubuntu0.8) на замену (3.12.3-1ubuntu0.7) …
Подготовка к распаковке …/02-libpython3-stdlib_3.12.3-0ubuntu2.1_amd64.deb …
Распаковывается libpython3-stdlib:amd64 (3.12.3-0ubuntu2.1) на замену (3.12.3-0ubuntu2) …
Подготовка к распаковке …/03-cups-ipp-utils_2.4.7-1.2ubuntu7.4_amd64.deb …
Распаковывается cups-ipp-utils (2.4.7-1.2ubuntu7.4) на замену (2.4.7-1.2ubuntu7.3) …
Подготовка к распаковке …/04-cups-common_2.4.7-1.2ubuntu7.4_all.deb …
Распаковывается cups-common (2.4.7-1.2ubuntu7.4) на замену (2.4.7-1.2ubuntu7.3) …
Подготовка к распаковке …/05-cups-bsd_2.4.7-1.2ubuntu7.4_amd64.deb …
Распаковывается cups-bsd (2.4.7-1.2ubuntu7.4) на замену (2.4.7-1.2ubuntu7.3) …
Подготовка к распаковке …/06-cups-client_2.4.7-1.2ubuntu7.4_amd64.deb …
Распаковывается cups-client (2.4.7-1.2ubuntu7.4) на замену (2.4.7-1.2ubuntu7.3) …
Подготовка к распаковке …/07-cups-core-drivers_2.4.7-1.2ubuntu7.4_amd64.deb …
Распаковывается cups-core-drivers (2.4.7-1.2ubuntu7.4) на замену (2.4.7-1.2ubuntu7.3) …
Подготовка к распаковке …/08-cups-ppdc_2.4.7-1.2ubuntu7.4_amd64.deb …
Распаковывается cups-ppdc (2.4.7-1.2ubuntu7.4) на замену (2.4.7-1.2ubuntu7.3) …
Подготовка к распаковке …/09-cups-server-common_2.4.7-1.2ubuntu7.4_all.deb …
Распаковывается cups-server-common (2.4.7-1.2ubuntu7.4) на замену (2.4.7-1.2ubuntu7.3) …
Подготовка к распаковке …/10-ghostscript_10.02.1~dfsg1-0ubuntu7.8_amd64.deb …
Распаковывается ghostscript (10.02.1~dfsg1-0ubuntu7.8) на замену (10.02.1~dfsg1-0ubuntu7.7) …
Подготовка к распаковке …/11-libgs10_10.02.1~dfsg1-0ubuntu7.8_amd64.deb …
Распаковывается libgs10:amd64 (10.02.1~dfsg1-0ubuntu7.8) на замену (10.02.1~dfsg1-0ubuntu7.7) …
Подготовка к распаковке …/12-libgs10-common_10.02.1~dfsg1-0ubuntu7.8_all.deb …
Распаковывается libgs10-common (10.02.1~dfsg1-0ubuntu7.8) на замену (10.02.1~dfsg1-0ubuntu7.7) …
Подготовка к распаковке …/13-libgs-common_10.02.1~dfsg1-0ubuntu7.8_all.deb …
Распаковывается libgs-common (10.02.1~dfsg1-0ubuntu7.8) на замену (10.02.1~dfsg1-0ubuntu7.7) …
Подготовка к распаковке …/14-libopenjp2-7_2.5.0-2ubuntu0.4_amd64.deb …
Распаковывается libopenjp2-7:amd64 (2.5.0-2ubuntu0.4) на замену (2.5.0-2ubuntu0.3) …
Подготовка к распаковке …/15-libtiff6_4.5.1+git230720-4ubuntu2.4_amd64.deb …
Распаковывается libtiff6:amd64 (4.5.1+git230720-4ubuntu2.4) на замену (4.5.1+git230720-4ubuntu2.2) …
Подготовка к распаковке …/16-libpoppler-cpp0t64_24.02.0-1ubuntu9.8_amd64.deb …
Распаковывается libpoppler-cpp0t64:amd64 (24.02.0-1ubuntu9.8) на замену (24.02.0-1ubuntu9.5) …
Подготовка к распаковке …/17-libpoppler-glib8t64_24.02.0-1ubuntu9.8_amd64.deb …
Распаковывается libpoppler-glib8t64:amd64 (24.02.0-1ubuntu9.8) на замену (24.02.0-1ubuntu9.5) …
Подготовка к распаковке …/18-poppler-utils_24.02.0-1ubuntu9.8_amd64.deb …
Распаковывается poppler-utils (24.02.0-1ubuntu9.8) на замену (24.02.0-1ubuntu9.5) …
Подготовка к распаковке …/19-libpoppler134_24.02.0-1ubuntu9.8_amd64.deb …
Распаковывается libpoppler134:amd64 (24.02.0-1ubuntu9.8) на замену (24.02.0-1ubuntu9.5) …
Подготовка к распаковке …/20-cups-daemon_2.4.7-1.2ubuntu7.4_amd64.deb …
Распаковывается cups-daemon (2.4.7-1.2ubuntu7.4) на замену (2.4.7-1.2ubuntu7.3) …
Подготовка к распаковке …/21-cups_2.4.7-1.2ubuntu7.4_amd64.deb …
Распаковывается cups (2.4.7-1.2ubuntu7.4) на замену (2.4.7-1.2ubuntu7.3) …
Подготовка к распаковке …/22-libcupsimage2t64_2.4.7-1.2ubuntu7.4_amd64.deb …
Распаковывается libcupsimage2t64:amd64 (2.4.7-1.2ubuntu7.4) на замену (2.4.7-1.2ubuntu7.3) …
Подготовка к распаковке …/23-libcups2t64_2.4.7-1.2ubuntu7.4_amd64.deb …
Распаковывается libcups2t64:amd64 (2.4.7-1.2ubuntu7.4) на замену (2.4.7-1.2ubuntu7.3) …
Подготовка к распаковке …/24-libpam-runtime_1.5.3-5ubuntu5.5_all.deb …
Распаковывается libpam-runtime (1.5.3-5ubuntu5.5) на замену (1.5.3-5ubuntu5.4) …
Настраивается пакет libpam-runtime (1.5.3-5ubuntu5.5) …
(Чтение базы данных … на данный момент установлено 151097 файлов и каталогов.)
Подготовка к распаковке …/00-libxml2_2.9.14+dfsg-1.3ubuntu3.6_amd64.deb …
Распаковывается libxml2:amd64 (2.9.14+dfsg-1.3ubuntu3.6) на замену (2.9.14+dfsg-1.3ubuntu3.3) …
Подготовка к распаковке …/01-openssl_3.0.13-0ubuntu3.6_amd64.deb …
Распаковывается openssl (3.0.13-0ubuntu3.6) на замену (3.0.13-0ubuntu3.5) …
Подготовка к распаковке …/02-vim-tiny_2%3a9.1.0016-1ubuntu7.9_amd64.deb …
Распаковывается vim-tiny (2:9.1.0016-1ubuntu7.9) на замену (2:9.1.0016-1ubuntu7.8) …
Подготовка к распаковке …/03-vim-common_2%3a9.1.0016-1ubuntu7.9_all.deb …
Распаковывается vim-common (2:9.1.0016-1ubuntu7.9) на замену (2:9.1.0016-1ubuntu7.8) …
Подготовка к распаковке …/04-xxd_2%3a9.1.0016-1ubuntu7.9_amd64.deb …
Распаковывается xxd (2:9.1.0016-1ubuntu7.9) на замену (2:9.1.0016-1ubuntu7.8) …
Подготовка к распаковке …/05-bind9-dnsutils_1%3a9.18.39-0ubuntu0.24.04.2_amd64.deb …
Распаковывается bind9-dnsutils (1:9.18.39-0ubuntu0.24.04.2) на замену (1:9.18.30-0ubuntu0.24.04.2) …
Подготовка к распаковке …/06-bind9-host_1%3a9.18.39-0ubuntu0.24.04.2_amd64.deb …
Распаковывается bind9-host (1:9.18.39-0ubuntu0.24.04.2) на замену (1:9.18.30-0ubuntu0.24.04.2) …
Подготовка к распаковке …/07-bind9-libs_1%3a9.18.39-0ubuntu0.24.04.2_amd64.deb …
Распаковывается bind9-libs:amd64 (1:9.18.39-0ubuntu0.24.04.2) на замену (1:9.18.30-0ubuntu0.24.04.2) …
Подготовка к распаковке …/08-gir1.2-webkit2-4.1_2.48.7-0ubuntu0.24.04.2_amd64.deb …
Распаковывается gir1.2-webkit2-4.1:amd64 (2.48.7-0ubuntu0.24.04.2) на замену (2.48.3-0ubuntu0.24.04.1) …
Подготовка к распаковке …/09-gir1.2-javascriptcoregtk-4.1_2.48.7-0ubuntu0.24.04.2_amd64.deb …
Распаковывается gir1.2-javascriptcoregtk-4.1:amd64 (2.48.7-0ubuntu0.24.04.2) на замену (2.48.3-0ubuntu0.24.04.1) …
Подготовка к распаковке …/10-libwebkit2gtk-4.1-0_2.48.7-0ubuntu0.24.04.2_amd64.deb …
Распаковывается libwebkit2gtk-4.1-0:amd64 (2.48.7-0ubuntu0.24.04.2) на замену (2.48.3-0ubuntu0.24.04.1) …
Подготовка к распаковке …/11-libjavascriptcoregtk-4.1-0_2.48.7-0ubuntu0.24.04.2_amd64.deb …
Распаковывается libjavascriptcoregtk-4.1-0:amd64 (2.48.7-0ubuntu0.24.04.2) на замену (2.48.3-0ubuntu0.24.04.1) …
Подготовка к распаковке …/12-libgstreamer-plugins-base1.0-0_1.24.2-1ubuntu0.3_amd64.deb …
Распаковывается libgstreamer-plugins-base1.0-0:amd64 (1.24.2-1ubuntu0.3) на замену (1.24.2-1ubuntu0.2) …
Подготовка к распаковке …/13-gstreamer1.0-plugins-base_1.24.2-1ubuntu0.3_amd64.deb …
Распаковывается gstreamer1.0-plugins-base:amd64 (1.24.2-1ubuntu0.3) на замену (1.24.2-1ubuntu0.2) …
Подготовка к распаковке …/14-gstreamer1.0-plugins-good_1.24.2-1ubuntu1.2_amd64.deb …
Распаковывается gstreamer1.0-plugins-good:amd64 (1.24.2-1ubuntu1.2) на замену (1.24.2-1ubuntu1.1) …
Подготовка к распаковке …/15-libgstreamer-plugins-good1.0-0_1.24.2-1ubuntu1.2_amd64.deb …
Распаковывается libgstreamer-plugins-good1.0-0:amd64 (1.24.2-1ubuntu1.2) на замену (1.24.2-1ubuntu1.1) …
Подготовка к распаковке …/16-libgstreamer-gl1.0-0_1.24.2-1ubuntu0.3_amd64.deb …
Распаковывается libgstreamer-gl1.0-0:amd64 (1.24.2-1ubuntu0.3) на замену (1.24.2-1ubuntu0.2) …
Подготовка к распаковке …/17-gir1.2-webkit-6.0_2.48.7-0ubuntu0.24.04.2_amd64.deb …
Распаковывается gir1.2-webkit-6.0:amd64 (2.48.7-0ubuntu0.24.04.2) на замену (2.48.3-0ubuntu0.24.04.1) …
Подготовка к распаковке …/18-gir1.2-javascriptcoregtk-6.0_2.48.7-0ubuntu0.24.04.2_amd64.deb …
Распаковывается gir1.2-javascriptcoregtk-6.0:amd64 (2.48.7-0ubuntu0.24.04.2) на замену (2.48.3-0ubuntu0.24.04.1) …
Подготовка к распаковке …/19-libwebkitgtk-6.0-4_2.48.7-0ubuntu0.24.04.2_amd64.deb …
Распаковывается libwebkitgtk-6.0-4:amd64 (2.48.7-0ubuntu0.24.04.2) на замену (2.48.3-0ubuntu0.24.04.1) …
Подготовка к распаковке …/20-libjavascriptcoregtk-6.0-1_2.48.7-0ubuntu0.24.04.2_amd64.deb …
Распаковывается libjavascriptcoregtk-6.0-1:amd64 (2.48.7-0ubuntu0.24.04.2) на замену (2.48.3-0ubuntu0.24.04.1) …
Подготовка к распаковке …/21-gstreamer1.0-alsa_1.24.2-1ubuntu0.3_amd64.deb …
Распаковывается gstreamer1.0-alsa:amd64 (1.24.2-1ubuntu0.3) на замену (1.24.2-1ubuntu0.2) …
Подготовка к распаковке …/22-gstreamer1.0-gl_1.24.2-1ubuntu0.3_amd64.deb …
Распаковывается gstreamer1.0-gl:amd64 (1.24.2-1ubuntu0.3) на замену (1.24.2-1ubuntu0.2) …
Подготовка к распаковке …/23-gstreamer1.0-plugins-base-apps_1.24.2-1ubuntu0.3_amd64.deb …
Распаковывается gstreamer1.0-plugins-base-apps (1.24.2-1ubuntu0.3) на замену (1.24.2-1ubuntu0.2) …
Подготовка к распаковке …/24-gstreamer1.0-x_1.24.2-1ubuntu0.3_amd64.deb …
Распаковывается gstreamer1.0-x:amd64 (1.24.2-1ubuntu0.3) на замену (1.24.2-1ubuntu0.2) …
Подготовка к распаковке …/25-libsmbclient0_2%3a4.19.5+dfsg-4ubuntu9.4_amd64.deb …
Распаковывается libsmbclient0:amd64 (2:4.19.5+dfsg-4ubuntu9.4) на замену (2:4.19.5+dfsg-4ubuntu9.2) …
Подготовка к распаковке …/26-libldb2_2%3a2.8.0+samba4.19.5+dfsg-4ubuntu9.4_amd64.deb …
Распаковывается libldb2:amd64 (2:2.8.0+samba4.19.5+dfsg-4ubuntu9.4) на замену (2:2.8.0+samba4.19.5+dfsg-4ubuntu9.2) …
Подготовка к распаковке …/27-samba-libs_2%3a4.19.5+dfsg-4ubuntu9.4_amd64.deb …
Распаковывается samba-libs:amd64 (2:4.19.5+dfsg-4ubuntu9.4) на замену (2:4.19.5+dfsg-4ubuntu9.2) …
Подготовка к распаковке …/28-libwbclient0_2%3a4.19.5+dfsg-4ubuntu9.4_amd64.deb …
Распаковывается libwbclient0:amd64 (2:4.19.5+dfsg-4ubuntu9.4) на замену (2:4.19.5+dfsg-4ubuntu9.2) …
Подготовка к распаковке …/29-udisks2_2.10.1-6ubuntu1.3_amd64.deb …
Распаковывается udisks2 (2.10.1-6ubuntu1.3) на замену (2.10.1-6ubuntu1.2) …
Подготовка к распаковке …/30-libudisks2-0_2.10.1-6ubuntu1.3_amd64.deb …
Распаковывается libudisks2-0:amd64 (2.10.1-6ubuntu1.3) на замену (2.10.1-6ubuntu1.2) …
Подготовка к распаковке …/31-xserver-common_2%3a21.1.12-1ubuntu1.5_all.deb …
Распаковывается xserver-common (2:21.1.12-1ubuntu1.5) на замену (2:21.1.12-1ubuntu1.4) …
Подготовка к распаковке …/32-xserver-xephyr_2%3a21.1.12-1ubuntu1.5_amd64.deb …
Распаковывается xserver-xephyr (2:21.1.12-1ubuntu1.5) на замену (2:21.1.12-1ubuntu1.4) …
Подготовка к распаковке …/33-xserver-xorg-legacy_2%3a21.1.12-1ubuntu1.5_amd64.deb …
Распаковывается xserver-xorg-legacy (2:21.1.12-1ubuntu1.5) на замену (2:21.1.12-1ubuntu1.4) …
Подготовка к распаковке …/34-xserver-xorg-core_2%3a21.1.12-1ubuntu1.5_amd64.deb …
Распаковывается xserver-xorg-core (2:21.1.12-1ubuntu1.5) на замену (2:21.1.12-1ubuntu1.4) …
Подготовка к распаковке …/35-xwayland_2%3a23.2.6-1ubuntu0.7_amd64.deb …
Распаковывается xwayland (2:23.2.6-1ubuntu0.7) на замену (2:23.2.6-1ubuntu0.6) …
Настраивается пакет cups-server-common (2.4.7-1.2ubuntu7.4) …
Настраивается пакет cups-common (2.4.7-1.2ubuntu7.4) …
Настраивается пакет libgs-common (10.02.1~dfsg1-0ubuntu7.8) …
Настраивается пакет libsqlite3-0:amd64 (3.45.1-1ubuntu2.5) …
Настраивается пакет libpython3.12-minimal:amd64 (3.12.3-1ubuntu0.8) …
Настраивается пакет libgstreamer-plugins-base1.0-0:amd64 (1.24.2-1ubuntu0.3) …
Настраивается пакет libwbclient0:amd64 (2:4.19.5+dfsg-4ubuntu9.4) …
Настраивается пакет xxd (2:9.1.0016-1ubuntu7.9) …
Настраивается пакет libgstreamer-plugins-good1.0-0:amd64 (1.24.2-1ubuntu1.2) …
Настраивается пакет libgstreamer-gl1.0-0:amd64 (1.24.2-1ubuntu0.3) …
Настраивается пакет libjavascriptcoregtk-4.1-0:amd64 (2.48.7-0ubuntu0.24.04.2) …
Настраивается пакет gstreamer1.0-plugins-base:amd64 (1.24.2-1ubuntu0.3) …
Настраивается пакет vim-common (2:9.1.0016-1ubuntu7.9) …
Настраивается пакет libjavascriptcoregtk-6.0-1:amd64 (2.48.7-0ubuntu0.24.04.2) …
Настраивается пакет libtiff6:amd64 (4.5.1+git230720-4ubuntu2.4) …
Настраивается пакет libopenjp2-7:amd64 (2.5.0-2ubuntu0.4) …
Настраивается пакет xserver-common (2:21.1.12-1ubuntu1.5) …
Настраивается пакет gstreamer1.0-plugins-base-apps (1.24.2-1ubuntu0.3) …
Настраивается пакет xwayland (2:23.2.6-1ubuntu0.7) …
Настраивается пакет libldb2:amd64 (2:2.8.0+samba4.19.5+dfsg-4ubuntu9.4) …
Настраивается пакет openssl (3.0.13-0ubuntu3.6) …
Настраивается пакет xserver-xorg-legacy (2:21.1.12-1ubuntu1.5) …
setting xserver-xorg-legacy/xwrapper/allowed_users from configuration file
Настраивается пакет libcups2t64:amd64 (2.4.7-1.2ubuntu7.4) …
Настраивается пакет libxml2:amd64 (2.9.14+dfsg-1.3ubuntu3.6) …
Настраивается пакет libudisks2-0:amd64 (2.10.1-6ubuntu1.3) …
Настраивается пакет cups-ipp-utils (2.4.7-1.2ubuntu7.4) …
Настраивается пакет gstreamer1.0-gl:amd64 (1.24.2-1ubuntu0.3) …
Настраивается пакет libgs10-common (10.02.1~dfsg1-0ubuntu7.8) …
Настраивается пакет python3.12-minimal (3.12.3-1ubuntu0.8) …
Настраивается пакет udisks2 (2.10.1-6ubuntu1.3) …
Running in chroot, ignoring command 'daemon-reload'
/usr/sbin/policy-rc.d returned 101, not running 'restart udisks2.service'
Настраивается пакет cups-ppdc (2.4.7-1.2ubuntu7.4) …
Настраивается пакет gstreamer1.0-x:amd64 (1.24.2-1ubuntu0.3) …
Настраивается пакет gstreamer1.0-alsa:amd64 (1.24.2-1ubuntu0.3) …
Настраивается пакет libpython3.12-stdlib:amd64 (3.12.3-1ubuntu0.8) …
Настраивается пакет bind9-libs:amd64 (1:9.18.39-0ubuntu0.24.04.2) …
Настраивается пакет libpoppler134:amd64 (24.02.0-1ubuntu9.8) …
Настраивается пакет gstreamer1.0-plugins-good:amd64 (1.24.2-1ubuntu1.2) …
Настраивается пакет python3.12 (3.12.3-1ubuntu0.8) …
Настраивается пакет xserver-xorg-core (2:21.1.12-1ubuntu1.5) …
Настраивается пакет gir1.2-javascriptcoregtk-6.0:amd64 (2.48.7-0ubuntu0.24.04.2) …
Настраивается пакет samba-libs:amd64 (2:4.19.5+dfsg-4ubuntu9.4) …
Настраивается пакет vim-tiny (2:9.1.0016-1ubuntu7.9) …
Настраивается пакет cups-client (2.4.7-1.2ubuntu7.4) …
Настраивается пакет gir1.2-javascriptcoregtk-4.1:amd64 (2.48.7-0ubuntu0.24.04.2) …
Настраивается пакет libpoppler-glib8t64:amd64 (24.02.0-1ubuntu9.8) …
Настраивается пакет libpython3.12t64:amd64 (3.12.3-1ubuntu0.8) …
Настраивается пакет libcupsimage2t64:amd64 (2.4.7-1.2ubuntu7.4) …
Настраивается пакет xserver-xephyr (2:21.1.12-1ubuntu1.5) …
Настраивается пакет cups-daemon (2.4.7-1.2ubuntu7.4) …
Running in chroot, ignoring command 'daemon-reload'
invoke-rc.d: policy-rc.d denied execution of restart.
Running in chroot, ignoring command 'daemon-reload'
/usr/sbin/policy-rc.d returned 101, not running 'restart cups.path cups.service cups.socket'
Настраивается пакет libpoppler-cpp0t64:amd64 (24.02.0-1ubuntu9.8) …
Настраивается пакет poppler-utils (24.02.0-1ubuntu9.8) …
Настраивается пакет libsmbclient0:amd64 (2:4.19.5+dfsg-4ubuntu9.4) …
Настраивается пакет bind9-host (1:9.18.39-0ubuntu0.24.04.2) …
Настраивается пакет libpython3-stdlib:amd64 (3.12.3-0ubuntu2.1) …
Настраивается пакет libgs10:amd64 (10.02.1~dfsg1-0ubuntu7.8) …
Настраивается пакет libwebkit2gtk-4.1-0:amd64 (2.48.7-0ubuntu0.24.04.2) …
Настраивается пакет cups-core-drivers (2.4.7-1.2ubuntu7.4) …
Настраивается пакет gir1.2-webkit2-4.1:amd64 (2.48.7-0ubuntu0.24.04.2) …
Настраивается пакет libwebkitgtk-6.0-4:amd64 (2.48.7-0ubuntu0.24.04.2) …
Настраивается пакет cups-bsd (2.4.7-1.2ubuntu7.4) …
Настраивается пакет python3 (3.12.3-0ubuntu2.1) …
/usr/share/hplip/base/imagesize.py:186: SyntaxWarning: invalid escape sequence '\#'
  re.compile('\#define\s+\S+\s+\d+')     : ('image/x-xbitmap', xbmsize),
/usr/share/hplip/base/imagesize.py:187: SyntaxWarning: invalid escape sequence '\/'
  re.compile('\/\* XPM \*\/')            : ('image/x-xpixmap', xpmsize),
/usr/share/hplip/base/imagesize.py:189: SyntaxWarning: invalid escape sequence '\*'
  re.compile('^II\*\x00')                : ('image/tiff', tiffsize),
/usr/share/hplip/fax/ledmfax.py:46: SyntaxWarning: invalid escape sequence '\d'
  http_result_pat = re.compile(b"""HTTP/\d.\d\s(\d+)""", re.I)
Настраивается пакет ghostscript (10.02.1~dfsg1-0ubuntu7.8) …
Настраивается пакет gir1.2-webkit-6.0:amd64 (2.48.7-0ubuntu0.24.04.2) …
Настраивается пакет bind9-dnsutils (1:9.18.39-0ubuntu0.24.04.2) …
Настраивается пакет cups (2.4.7-1.2ubuntu7.4) …
Updating PPD files for cups ...
Updating PPD files for cups-filters ...
Updating PPD files for foomatic-db-compressed-ppds ...
Updating PPD files for openprinting-ppds ...
Updating PPD files for brlaser ...
Updating PPD files for c2esp ...
Updating PPD files for foo2zjs-common ...
Updating PPD files for hpcups ...
Updating PPD files for m2300w ...
Updating PPD files for postscript-hp ...
Updating PPD files for ptouch ...
Updating PPD files for pxljr ...
Updating PPD files for sag-gdi ...
Updating PPD files for splix ...
Обрабатываются триггеры для libc-bin (2.39-0ubuntu8.6) …
Обрабатываются триггеры для ufw (0.36.2-6) …
Обрабатываются триггеры для systemd (255.4-1ubuntu8.10) …
Running in chroot, ignoring command 'restart'
Обрабатываются триггеры для man-db (2.12.0-4build2) …
Обрабатываются триггеры для dbus (1.14.10-4ubuntu4.1) …
Обрабатываются триггеры для desktop-file-utils (0.27-2build1) …
Обрабатываются триггеры для hicolor-icon-theme (0.17-2) …
Обрабатываются триггеры для gnome-menus (3.36.0-1.1ubuntu3) …
Log ended: 2025-11-19  13:01:14

